2025-11-08 16:21:08,500 1 INFO ? odoo: Odoo version 17.0-20251008 
2025-11-08 16:21:08,501 1 INFO ? odoo: Using configuration file at /etc/odoo/odoo.conf 
2025-11-08 16:21:08,501 1 INFO ? odoo: addons paths: ['/usr/lib/python3/dist-packages/odoo/addons', '/var/lib/odoo/.local/share/Odoo/addons/17.0', '/mnt/extra-addons/custom', '/mnt/extra-addons/third-party'] 
2025-11-08 16:21:08,501 1 INFO ? odoo: database: odoo@odoo-boats-db:5432 
2025-11-08 16:21:08,593 1 INFO ? odoo.addons.base.models.ir_actions_report: Will use the Wkhtmltopdf binary at /usr/local/bin/wkhtmltopdf 
2025-11-08 16:21:08,745 1 INFO ? odoo.service.server: HTTP service (werkzeug) running on d751d72cf138:8069 
2025-11-08 16:21:08,763 1 INFO odoo-boats-db odoo.modules.loading: loading 1 modules... 
2025-11-08 16:21:08,767 1 INFO odoo-boats-db odoo.modules.loading: 1 modules loaded in 0.00s, 0 queries (+0 extra) 
2025-11-08 16:21:08,788 1 INFO odoo-boats-db odoo.modules.loading: loading 61 modules... 
2025-11-08 16:21:08,936 1 INFO odoo-boats-db odoo.modules.loading: Loading module privacy_lookup (27/61) 
2025-11-08 16:21:09,005 1 INFO odoo-boats-db odoo.modules.registry: module privacy_lookup: creating or updating database tables 
2025-11-08 16:21:09,114 1 INFO odoo-boats-db odoo.modules.loading: loading privacy_lookup/wizard/privacy_lookup_wizard_views.xml 
2025-11-08 16:21:09,171 1 INFO odoo-boats-db odoo.modules.loading: loading privacy_lookup/views/privacy_log_views.xml 
2025-11-08 16:21:09,206 1 INFO odoo-boats-db odoo.modules.loading: loading privacy_lookup/security/ir.model.access.csv 
2025-11-08 16:21:09,240 1 INFO odoo-boats-db odoo.modules.loading: loading privacy_lookup/data/ir_actions_server_data.xml 
2025-11-08 16:21:09,274 1 INFO odoo-boats-db odoo.modules.loading: Module privacy_lookup loaded in 0.34s, 224 queries (+224 other) 
2025-11-08 16:21:09,274 1 INFO odoo-boats-db odoo.modules.loading: Loading module product (28/61) 
2025-11-08 16:21:09,391 1 INFO odoo-boats-db odoo.modules.registry: module product: creating or updating database tables 
2025-11-08 16:21:09,656 1 INFO odoo-boats-db odoo.modules.loading: loading product/data/product_data.xml 
2025-11-08 16:21:09,668 1 INFO odoo-boats-db odoo.modules.loading: loading product/security/product_security.xml 
2025-11-08 16:21:09,741 1 INFO odoo-boats-db odoo.modules.loading: loading product/security/ir.model.access.csv 
2025-11-08 16:21:09,798 1 INFO odoo-boats-db odoo.modules.loading: loading product/wizard/product_label_layout_views.xml 
2025-11-08 16:21:09,822 1 INFO odoo-boats-db odoo.models.unlink: User #1 deleted ir.actions.act_window.view records with IDs: [1415] 
2025-11-08 16:21:09,829 1 INFO odoo-boats-db odoo.modules.loading: loading product/views/product_tag_views.xml 
2025-11-08 16:21:09,854 1 INFO odoo-boats-db odoo.modules.loading: loading product/views/product_views.xml 
2025-11-08 16:21:09,928 1 INFO odoo-boats-db odoo.models.unlink: User #1 deleted ir.actions.act_window.view records with IDs: [1416, 1417, 1418] 
2025-11-08 16:21:10,043 1 INFO odoo-boats-db odoo.modules.loading: loading product/views/res_config_settings_views.xml 
2025-11-08 16:21:10,073 1 INFO odoo-boats-db odoo.modules.loading: loading product/views/product_attribute_views.xml 
2025-11-08 16:21:10,143 1 INFO odoo-boats-db odoo.modules.loading: loading product/views/product_attribute_value_views.xml 
2025-11-08 16:21:10,154 1 INFO odoo-boats-db odoo.modules.loading: loading product/views/product_category_views.xml 
2025-11-08 16:21:10,184 1 INFO odoo-boats-db odoo.modules.loading: loading product/views/product_document_views.xml 
2025-11-08 16:21:10,236 1 INFO odoo-boats-db odoo.modules.loading: loading product/views/product_packaging_views.xml 
2025-11-08 16:21:10,300 1 INFO odoo-boats-db odoo.models.unlink: User #1 deleted ir.actions.act_window.view records with IDs: [1419, 1420] 
2025-11-08 16:21:10,305 1 INFO odoo-boats-db odoo.modules.loading: loading product/views/product_pricelist_item_views.xml 
2025-11-08 16:21:10,349 1 INFO odoo-boats-db odoo.modules.loading: loading product/views/product_pricelist_views.xml 
2025-11-08 16:21:10,404 1 INFO odoo-boats-db odoo.modules.loading: loading product/views/product_supplierinfo_views.xml 
2025-11-08 16:21:10,445 1 INFO odoo-boats-db odoo.modules.loading: loading product/views/product_template_views.xml 
2025-11-08 16:21:10,517 1 INFO odoo-boats-db odoo.modules.loading: loading product/views/res_country_group_views.xml 
2025-11-08 16:21:10,532 1 INFO odoo-boats-db odoo.modules.loading: loading product/views/res_partner_views.xml 
2025-11-08 16:21:10,558 1 INFO odoo-boats-db odoo.modules.loading: loading product/report/product_reports.xml 
2025-11-08 16:21:10,583 1 INFO odoo-boats-db odoo.modules.loading: loading product/report/product_product_templates.xml 
2025-11-08 16:21:10,659 1 INFO odoo-boats-db odoo.modules.loading: loading product/report/product_template_templates.xml 
2025-11-08 16:21:10,710 1 INFO odoo-boats-db odoo.modules.loading: loading product/report/product_packaging.xml 
2025-11-08 16:21:10,726 1 INFO odoo-boats-db odoo.modules.loading: loading product/report/product_pricelist_report_templates.xml 
2025-11-08 16:21:10,802 1 INFO odoo-boats-db odoo.modules.loading: Module product loaded in 1.53s, 1265 queries (+1265 other) 
2025-11-08 16:21:10,802 1 INFO odoo-boats-db odoo.modules.loading: Loading module sales_team (29/61) 
2025-11-08 16:21:10,872 1 INFO odoo-boats-db odoo.modules.registry: module sales_team: creating or updating database tables 
2025-11-08 16:21:10,960 1 INFO odoo-boats-db odoo.modules.loading: loading sales_team/security/sales_team_security.xml 
2025-11-08 16:21:11,050 1 INFO odoo-boats-db odoo.modules.loading: loading sales_team/security/ir.model.access.csv 
2025-11-08 16:21:11,086 1 INFO odoo-boats-db odoo.modules.loading: loading sales_team/data/crm_team_data.xml 
2025-11-08 16:21:11,098 1 INFO odoo-boats-db odoo.modules.loading: loading sales_team/views/crm_tag_views.xml 
2025-11-08 16:21:11,122 1 INFO odoo-boats-db odoo.modules.loading: loading sales_team/views/crm_team_views.xml 
2025-11-08 16:21:11,197 1 INFO odoo-boats-db odoo.modules.loading: loading sales_team/views/crm_team_member_views.xml 
2025-11-08 16:21:11,280 1 INFO odoo-boats-db odoo.modules.loading: loading sales_team/views/mail_activity_views.xml 
2025-11-08 16:21:11,288 1 INFO odoo-boats-db odoo.modules.loading: loading sales_team/views/res_partner_views.xml 
2025-11-08 16:21:11,331 1 INFO odoo-boats-db odoo.modules.loading: Module sales_team loaded in 0.53s, 380 queries (+380 other) 
2025-11-08 16:21:11,331 1 INFO odoo-boats-db odoo.modules.loading: Loading module web_unsplash (30/61) 
2025-11-08 16:21:11,414 1 INFO odoo-boats-db odoo.modules.registry: module web_unsplash: creating or updating database tables 
2025-11-08 16:21:11,487 1 INFO odoo-boats-db odoo.modules.loading: loading web_unsplash/views/res_config_settings_view.xml 
2025-11-08 16:21:11,542 1 INFO odoo-boats-db odoo.modules.loading: Module web_unsplash loaded in 0.21s, 112 queries (+112 other) 
2025-11-08 16:21:11,542 1 INFO odoo-boats-db odoo.modules.loading: Loading module auth_signup_verify_email (31/61) 
2025-11-08 16:21:11,681 1 INFO odoo-boats-db odoo.modules.loading: loading auth_signup_verify_email/views/signup.xml 
2025-11-08 16:21:11,724 1 INFO odoo-boats-db odoo.modules.loading: Module auth_signup_verify_email loaded in 0.18s, 33 queries (+33 other) 
2025-11-08 16:21:11,724 1 INFO odoo-boats-db odoo.modules.loading: Loading module partner_autocomplete (32/61) 
2025-11-08 16:21:11,812 1 INFO odoo-boats-db odoo.modules.registry: module partner_autocomplete: creating or updating database tables 
2025-11-08 16:21:11,914 1 INFO odoo-boats-db odoo.modules.loading: loading partner_autocomplete/security/ir.model.access.csv 
2025-11-08 16:21:11,935 1 INFO odoo-boats-db odoo.modules.loading: loading partner_autocomplete/views/res_partner_views.xml 
2025-11-08 16:21:11,977 1 INFO odoo-boats-db odoo.modules.loading: loading partner_autocomplete/views/res_company_views.xml 
2025-11-08 16:21:11,993 1 INFO odoo-boats-db odoo.modules.loading: loading partner_autocomplete/views/res_config_settings_views.xml 
2025-11-08 16:21:12,029 1 INFO odoo-boats-db odoo.modules.loading: loading partner_autocomplete/data/cron.xml 
2025-11-08 16:21:12,074 1 INFO odoo-boats-db odoo.modules.loading: Module partner_autocomplete loaded in 0.35s, 216 queries (+216 other) 
2025-11-08 16:21:12,074 1 INFO odoo-boats-db odoo.modules.loading: Loading module portal (33/61) 
2025-11-08 16:21:12,165 1 INFO odoo-boats-db odoo.modules.registry: module portal: creating or updating database tables 
2025-11-08 16:21:12,388 1 INFO odoo-boats-db odoo.modules.loading: loading portal/security/ir.model.access.csv 
2025-11-08 16:21:12,429 1 INFO odoo-boats-db odoo.modules.loading: loading portal/data/mail_template_data.xml 
2025-11-08 16:21:12,435 1 INFO odoo-boats-db odoo.modules.loading: loading portal/data/mail_templates.xml 
2025-11-08 16:21:12,438 1 INFO odoo-boats-db odoo.modules.loading: loading portal/views/mail_templates_public.xml 
2025-11-08 16:21:12,459 1 INFO odoo-boats-db odoo.modules.loading: loading portal/views/portal_templates.xml 
2025-11-08 16:21:12,808 1 INFO odoo-boats-db odoo.modules.loading: loading portal/views/res_config_settings_views.xml 
2025-11-08 16:21:12,843 1 INFO odoo-boats-db odoo.modules.loading: loading portal/wizard/portal_share_views.xml 
2025-11-08 16:21:12,863 1 INFO odoo-boats-db odoo.modules.loading: loading portal/wizard/portal_wizard_views.xml 
2025-11-08 16:21:12,914 1 INFO odoo-boats-db odoo.modules.loading: Module portal loaded in 0.84s, 646 queries (+646 other) 
2025-11-08 16:21:12,915 1 INFO odoo-boats-db odoo.modules.loading: Loading module sms (34/61) 
2025-11-08 16:21:13,024 1 INFO odoo-boats-db odoo.modules.registry: module sms: creating or updating database tables 
2025-11-08 16:21:14,515 1 INFO odoo-boats-db odoo.modules.loading: loading sms/data/ir_cron_data.xml 
2025-11-08 16:21:14,522 1 INFO odoo-boats-db odoo.modules.loading: loading sms/wizard/sms_composer_views.xml 
2025-11-08 16:21:14,545 1 INFO odoo-boats-db odoo.modules.loading: loading sms/wizard/sms_template_preview_views.xml 
2025-11-08 16:21:14,560 1 INFO odoo-boats-db odoo.modules.loading: loading sms/wizard/sms_resend_views.xml 
2025-11-08 16:21:14,578 1 INFO odoo-boats-db odoo.modules.loading: loading sms/wizard/sms_template_reset_views.xml 
2025-11-08 16:21:14,597 1 INFO odoo-boats-db odoo.modules.loading: loading sms/views/ir_actions_server_views.xml 
2025-11-08 16:21:14,623 1 INFO odoo-boats-db odoo.modules.loading: loading sms/views/mail_notification_views.xml 
2025-11-08 16:21:14,647 1 INFO odoo-boats-db odoo.modules.loading: loading sms/views/res_config_settings_views.xml 
2025-11-08 16:21:14,677 1 INFO odoo-boats-db odoo.modules.loading: loading sms/views/res_partner_views.xml 
2025-11-08 16:21:14,724 1 INFO odoo-boats-db odoo.modules.loading: loading sms/views/sms_sms_views.xml 
2025-11-08 16:21:14,776 1 INFO odoo-boats-db odoo.modules.loading: loading sms/views/sms_template_views.xml 
2025-11-08 16:21:14,818 1 INFO odoo-boats-db odoo.modules.loading: loading sms/security/ir.model.access.csv 
2025-11-08 16:21:14,926 1 INFO odoo-boats-db odoo.modules.loading: loading sms/security/sms_security.xml 
2025-11-08 16:21:14,968 1 INFO odoo-boats-db odoo.modules.loading: Module sms loaded in 2.05s, 1976 queries (+1976 other) 
2025-11-08 16:21:14,968 1 INFO odoo-boats-db odoo.modules.loading: Loading module snailmail (35/61) 
2025-11-08 16:21:15,063 1 INFO odoo-boats-db odoo.modules.registry: module snailmail: creating or updating database tables 
