2025-11-08 12:54:57,426 1 INFO ? odoo: Odoo version 17.0-20251008 
2025-11-08 12:54:57,427 1 INFO ? odoo: Using configuration file at /etc/odoo/odoo.conf 
2025-11-08 12:54:57,427 1 INFO ? odoo: addons paths: ['/usr/lib/python3/dist-packages/odoo/addons', '/var/lib/odoo/.local/share/Odoo/addons/17.0', '/mnt/extra-addons/custom', '/mnt/extra-addons/third-party'] 
2025-11-08 12:54:57,427 1 INFO ? odoo: database: odoo@odoo-boats-db:5432 
2025-11-08 12:54:57,551 1 INFO ? odoo.addons.base.models.ir_actions_report: Will use the Wkhtmltopdf binary at /usr/local/bin/wkhtmltopdf 
2025-11-08 12:54:57,791 1 INFO ? odoo.service.server: HTTP service (werkzeug) running on d7e91f7569e4:8069 
2025-11-08 12:54:57,857 1 INFO odoo-boats-db odoo.modules.loading: loading 1 modules... 
2025-11-08 12:54:57,861 1 INFO odoo-boats-db odoo.modules.loading: 1 modules loaded in 0.00s, 0 queries (+0 extra) 
2025-11-08 12:54:57,900 1 INFO odoo-boats-db odoo.modules.loading: loading 61 modules... 
2025-11-08 12:54:58,768 1 INFO odoo-boats-db odoo.modules.loading: 61 modules loaded in 0.87s, 0 queries (+0 extra) 
2025-11-08 12:54:58,882 1 INFO odoo-boats-db odoo.modules.loading: Modules loaded. 
2025-11-08 12:54:58,892 1 INFO odoo-boats-db odoo.modules.registry: Registry loaded in 1.101s 
2025-11-08 12:54:59,962 1 INFO odoo-boats-db odoo.addons.base.models.ir_http: Generating routing map for key 1 
2025-11-08 12:55:00,069 1 INFO odoo-boats-db werkzeug: 172.19.0.1 - - [08/Nov/2025 12:55:00] "GET /websocket?version=17.0-1 HTTP/1.1" 101 - 11 0.085 0.050
2025-11-08 12:55:00,469 1 INFO ? odoo.addons.bus.models.bus: Bus.loop listen imbus on db postgres 
2025-11-08 12:55:02,301 1 ERROR odoo-boats-db odoo.addons.base.models.ir_model: Missing model boat.taxonomy.category 
2025-11-08 12:55:02,301 1 ERROR odoo-boats-db odoo.addons.base.models.ir_model: Missing model boat.boat 
2025-11-08 12:55:02,302 1 ERROR odoo-boats-db odoo.addons.base.models.ir_model: Missing model boat.location 
2025-11-08 12:55:02,302 1 ERROR odoo-boats-db odoo.addons.base.models.ir_model: Missing model boat.boat 
2025-11-08 12:55:02,302 1 ERROR odoo-boats-db odoo.addons.base.models.ir_model: Missing model boat.taxonomy 
2025-11-08 12:55:02,302 1 ERROR odoo-boats-db odoo.addons.base.models.ir_model: Missing model boat.category 
2025-11-08 12:55:02,302 1 ERROR odoo-boats-db odoo.addons.base.models.ir_model: Missing model boat.amenity 
2025-11-08 12:55:02,723 1 INFO odoo-boats-db werkzeug: 172.19.0.1 - - [08/Nov/2025 12:55:02] "GET /web HTTP/1.1" 200 - 73 0.112 0.340
2025-11-08 12:55:02,983 1 INFO odoo-boats-db werkzeug: 172.19.0.1 - - [08/Nov/2025 12:55:02] "GET /web/manifest.webmanifest HTTP/1.1" 200 - 9 0.020 0.026
2025-11-08 12:55:02,984 1 INFO odoo-boats-db werkzeug: 172.19.0.1 - - [08/Nov/2025 12:55:02] "GET /bus/websocket_worker_bundle?v=17.0-1 HTTP/1.1" 304 - 5 0.015 0.028
2025-11-08 12:55:03,079 1 INFO odoo-boats-db werkzeug: 172.19.0.1 - - [08/Nov/2025 12:55:03] "GET /websocket?version=17.0-1 HTTP/1.1" 101 - 1 0.006 0.024
2025-11-08 12:55:03,082 1 INFO odoo-boats-db werkzeug: 172.19.0.1 - - [08/Nov/2025 12:55:03] "GET /web/image?model=res.users&field=avatar_128&id=2 HTTP/1.1" 304 - 8 0.024 0.018
2025-11-08 12:55:03,159 1 INFO odoo-boats-db werkzeug: 172.19.0.1 - - [08/Nov/2025 12:55:03] "POST /mail/init_messaging HTTP/1.1" 200 - 56 0.131 0.068
2025-11-08 12:55:03,198 1 INFO odoo-boats-db werkzeug: 172.19.0.1 - - [08/Nov/2025 12:55:03] "POST /mail/load_message_failures HTTP/1.1" 200 - 13 0.018 0.013
2025-11-08 12:55:03,812 1 INFO odoo-boats-db werkzeug: 172.19.0.1 - - [08/Nov/2025 12:55:03] "POST /web/action/load HTTP/1.1" 200 - 9 0.011 0.868
2025-11-08 12:55:03,855 1 INFO odoo-boats-db werkzeug: 172.19.0.1 - - [08/Nov/2025 12:55:03] "POST /web/dataset/call_kw/res.users/systray_get_activities HTTP/1.1" 200 - 20 0.048 0.787
2025-11-08 12:55:03,897 1 INFO odoo-boats-db werkzeug: 172.19.0.1 - - [08/Nov/2025 12:55:03] "POST /web/dataset/call_kw/ir.module.module/get_views HTTP/1.1" 200 - 47 0.033 0.033
2025-11-08 12:55:03,922 1 INFO odoo-boats-db werkzeug: 172.19.0.1 - - [08/Nov/2025 12:55:03] "POST /web/dataset/call_kw/ir.module.module/search_panel_select_range HTTP/1.1" 200 - 1 0.001 0.009
2025-11-08 12:55:03,961 1 INFO odoo-boats-db werkzeug: 172.19.0.1 - - [08/Nov/2025 12:55:03] "POST /web/dataset/call_kw/ir.module.module/search_panel_select_range HTTP/1.1" 200 - 40 0.028 0.018
2025-11-08 12:55:03,975 1 INFO odoo-boats-db werkzeug: 172.19.0.1 - - [08/Nov/2025 12:55:03] "POST /web/dataset/call_kw/ir.module.module/web_search_read HTTP/1.1" 200 - 4 0.007 0.050
2025-11-08 12:55:04,761 1 INFO odoo-boats-db werkzeug: 172.19.0.1 - - [08/Nov/2025 12:55:04] "GET /web/service-worker.js HTTP/1.1" 200 - 1 0.001 0.007
2025-11-08 12:55:06,188 1 INFO odoo-boats-db werkzeug: 172.19.0.1 - - [08/Nov/2025 12:55:06] "POST /web/dataset/call_kw/ir.module.module/search_panel_select_range HTTP/1.1" 200 - 38 0.015 0.013
2025-11-08 12:55:06,218 1 INFO odoo-boats-db werkzeug: 172.19.0.1 - - [08/Nov/2025 12:55:06] "POST /web/dataset/call_kw/ir.module.module/web_search_read HTTP/1.1" 200 - 4 0.004 0.016
2025-11-08 12:55:06,512 1 INFO odoo-boats-db werkzeug: 127.0.0.1 - - [08/Nov/2025 12:55:06] "GET /web HTTP/1.1" 303 - 3 0.002 0.004
2025-11-08 12:55:07,872 1 INFO odoo-boats-db werkzeug: 172.19.0.1 - - [08/Nov/2025 12:55:07] "POST /web/dataset/call_kw/ir.module.module/search_panel_select_range HTTP/1.1" 200 - 38 0.041 0.031
2025-11-08 12:55:07,894 1 INFO odoo-boats-db werkzeug: 172.19.0.1 - - [08/Nov/2025 12:55:07] "POST /web/dataset/call_kw/ir.module.module/web_search_read HTTP/1.1" 200 - 3 0.005 0.007
2025-11-08 12:55:09,699 1 INFO odoo-boats-db odoo.addons.base.models.ir_module: ALLOW access to module.button_immediate_install on ['Houseboat Aggregation Platform'] to user admin #2 via 172.19.0.1 
2025-11-08 12:55:09,699 1 INFO odoo-boats-db odoo.addons.base.models.ir_module: User #2 triggered module installation 
2025-11-08 12:55:09,702 1 INFO odoo-boats-db odoo.addons.base.models.ir_module: ALLOW access to module.button_install on ['Houseboat Aggregation Platform'] to user admin #2 via 172.19.0.1 
2025-11-08 12:55:09,767 1 INFO odoo-boats-db odoo.modules.loading: loading 1 modules... 
2025-11-08 12:55:09,771 1 INFO odoo-boats-db odoo.modules.loading: 1 modules loaded in 0.00s, 0 queries (+0 extra) 
2025-11-08 12:55:09,784 1 INFO odoo-boats-db odoo.modules.loading: updating modules list 
2025-11-08 12:55:09,785 1 INFO odoo-boats-db odoo.addons.base.models.ir_module: ALLOW access to module.update_list on [] to user __system__ #1 via 172.19.0.1 
2025-11-08 12:55:10,249 1 INFO odoo-boats-db odoo.modules.loading: loading 61 modules... 
2025-11-08 12:55:10,275 1 INFO odoo-boats-db odoo.modules.loading: 61 modules loaded in 0.03s, 0 queries (+0 extra) 
2025-11-08 12:55:10,276 1 INFO odoo-boats-db odoo.modules.loading: loading 62 modules... 
2025-11-08 12:55:10,276 1 INFO odoo-boats-db odoo.modules.loading: Loading module boats_module (56/62) 
2025-11-08 12:55:10,280 1 WARNING odoo-boats-db odoo.api.create: The model odoo.addons.boats_module.models.booking is not overriding the create method in batch 
2025-11-08 12:55:10,351 1 WARNING odoo-boats-db odoo.modules.loading: Transient module states were reset 
2025-11-08 12:55:10,355 1 ERROR odoo-boats-db odoo.modules.registry: Failed to load registry 
Traceback (most recent call last):
  File "/usr/lib/python3/dist-packages/odoo/modules/registry.py", line 110, in new
    odoo.modules.load_modules(registry, force_demo, status, update_module)
  File "/usr/lib/python3/dist-packages/odoo/modules/loading.py", line 485, in load_modules
    processed_modules += load_marked_modules(env, graph,
  File "/usr/lib/python3/dist-packages/odoo/modules/loading.py", line 366, in load_marked_modules
    loaded, processed = load_module_graph(
  File "/usr/lib/python3/dist-packages/odoo/modules/loading.py", line 206, in load_module_graph
    registry.setup_models(env.cr)
  File "<decorator-gen-19>", line 2, in setup_models
  File "/usr/lib/python3/dist-packages/odoo/tools/func.py", line 87, in locked
    return func(inst, *args, **kwargs)
  File "/usr/lib/python3/dist-packages/odoo/modules/registry.py", line 319, in setup_models
    model._setup_fields()
  File "/usr/lib/python3/dist-packages/odoo/models.py", line 3420, in _setup_fields
    field.setup(self)
  File "/usr/lib/python3/dist-packages/odoo/fields.py", line 531, in setup
    self.setup_related(model)
  File "/usr/lib/python3/dist-packages/odoo/fields.py", line 606, in setup_related
    raise KeyError(
KeyError: 'Field activity_type_id referenced in related field definition boat.listing.activity_type_id does not exist.'
2025-11-08 12:55:10,366 1 INFO odoo-boats-db odoo.modules.loading: loading 1 modules... 
2025-11-08 12:55:10,370 1 INFO odoo-boats-db odoo.modules.loading: 1 modules loaded in 0.00s, 0 queries (+0 extra) 
2025-11-08 12:55:10,376 1 INFO odoo-boats-db odoo.modules.loading: loading 61 modules... 
2025-11-08 12:55:10,462 1 INFO odoo-boats-db odoo.modules.loading: 61 modules loaded in 0.09s, 0 queries (+0 extra) 
2025-11-08 12:55:10,544 1 INFO odoo-boats-db odoo.modules.loading: Modules loaded. 
2025-11-08 12:55:10,548 1 INFO odoo-boats-db odoo.modules.registry: Registry loaded in 0.185s 
2025-11-08 12:55:10,558 1 ERROR odoo-boats-db odoo.http: Exception during request handling. 
Traceback (most recent call last):
  File "/usr/lib/python3/dist-packages/odoo/http.py", line 2396, in __call__
    response = request._serve_db()
  File "/usr/lib/python3/dist-packages/odoo/http.py", line 1971, in _serve_db
    return service_model.retrying(self._serve_ir_http, self.env)
  File "/usr/lib/python3/dist-packages/odoo/service/model.py", line 152, in retrying
    result = func()
  File "/usr/lib/python3/dist-packages/odoo/http.py", line 1999, in _serve_ir_http
    response = self.dispatcher.dispatch(rule.endpoint, args)
  File "/usr/lib/python3/dist-packages/odoo/http.py", line 2203, in dispatch
    result = self.request.registry['ir.http']._dispatch(endpoint)
  File "/usr/lib/python3/dist-packages/odoo/addons/website/models/ir_http.py", line 235, in _dispatch
    response = super()._dispatch(endpoint)
  File "/usr/lib/python3/dist-packages/odoo/addons/base/models/ir_http.py", line 221, in _dispatch
    result = endpoint(**request.params)
  File "/usr/lib/python3/dist-packages/odoo/http.py", line 786, in route_wrapper
    result = endpoint(self, *args, **params_ok)
  File "/usr/lib/python3/dist-packages/odoo/addons/web/controllers/dataset.py", line 29, in call_button
    action = self._call_kw(model, method, args, kwargs)
  File "/usr/lib/python3/dist-packages/odoo/addons/web/controllers/dataset.py", line 21, in _call_kw
    return call_kw(Model, method, args, kwargs)
  File "/usr/lib/python3/dist-packages/odoo/api.py", line 484, in call_kw
    result = _call_kw_multi(method, model, args, kwargs)
  File "/usr/lib/python3/dist-packages/odoo/api.py", line 469, in _call_kw_multi
    result = method(recs, *args, **kwargs)
  File "<decorator-gen-77>", line 2, in button_immediate_install
  File "/usr/lib/python3/dist-packages/odoo/addons/base/models/ir_module.py", line 75, in check_and_log
    return method(self, *args, **kwargs)
  File "/usr/lib/python3/dist-packages/odoo/addons/base/models/ir_module.py", line 476, in button_immediate_install
    return self._button_immediate_function(self.env.registry[self._name].button_install)
  File "/usr/lib/python3/dist-packages/odoo/addons/base/models/ir_module.py", line 600, in _button_immediate_function
    registry = modules.registry.Registry.new(self._cr.dbname, update_module=True)
  File "<decorator-gen-16>", line 2, in new
  File "/usr/lib/python3/dist-packages/odoo/tools/func.py", line 87, in locked
    return func(inst, *args, **kwargs)
  File "/usr/lib/python3/dist-packages/odoo/modules/registry.py", line 110, in new
    odoo.modules.load_modules(registry, force_demo, status, update_module)
  File "/usr/lib/python3/dist-packages/odoo/modules/loading.py", line 485, in load_modules
    processed_modules += load_marked_modules(env, graph,
  File "/usr/lib/python3/dist-packages/odoo/modules/loading.py", line 366, in load_marked_modules
    loaded, processed = load_module_graph(
  File "/usr/lib/python3/dist-packages/odoo/modules/loading.py", line 206, in load_module_graph
    registry.setup_models(env.cr)
  File "<decorator-gen-19>", line 2, in setup_models
  File "/usr/lib/python3/dist-packages/odoo/tools/func.py", line 87, in locked
    return func(inst, *args, **kwargs)
  File "/usr/lib/python3/dist-packages/odoo/modules/registry.py", line 319, in setup_models
    model._setup_fields()
  File "/usr/lib/python3/dist-packages/odoo/models.py", line 3420, in _setup_fields
    field.setup(self)
  File "/usr/lib/python3/dist-packages/odoo/fields.py", line 531, in setup
    self.setup_related(model)
  File "/usr/lib/python3/dist-packages/odoo/fields.py", line 606, in setup_related
    raise KeyError(
KeyError: 'Field activity_type_id referenced in related field definition boat.listing.activity_type_id does not exist.'
2025-11-08 12:55:10,559 1 INFO odoo-boats-db werkzeug: 172.19.0.1 - - [08/Nov/2025 12:55:10] "POST /web/dataset/call_button HTTP/1.1" 200 - 1530 0.349 0.523
2025-11-08 12:55:16,601 1 INFO odoo-boats-db odoo.addons.base.models.ir_http: Generating routing map for key 1 
2025-11-08 12:55:16,619 1 INFO odoo-boats-db werkzeug: 127.0.0.1 - - [08/Nov/2025 12:55:16] "GET /web HTTP/1.1" 303 - 8 0.005 0.018
2025-11-08 12:55:26,688 1 INFO odoo-boats-db werkzeug: 127.0.0.1 - - [08/Nov/2025 12:55:26] "GET /web HTTP/1.1" 303 - 1 0.001 0.003
2025-11-08 12:55:36,782 1 INFO odoo-boats-db werkzeug: 127.0.0.1 - - [08/Nov/2025 12:55:36] "GET /web HTTP/1.1" 303 - 1 0.001 0.003
2025-11-08 12:55:46,840 1 INFO odoo-boats-db werkzeug: 127.0.0.1 - - [08/Nov/2025 12:55:46] "GET /web HTTP/1.1" 303 - 1 0.001 0.003
2025-11-08 12:55:50,444 1 INFO odoo-boats-db odoo.service.server: Initiating shutdown 
2025-11-08 12:55:50,445 1 INFO odoo-boats-db odoo.service.server: Hit CTRL-C again or send a second signal to force the shutdown. 
2025-11-08 12:55:50,944 1 INFO odoo-boats-db odoo.sql_db: ConnectionPool(used=0/count=0/max=64): Closed 5 connections  
