2025-11-08 13:51:09,402 1 INFO ? odoo: Odoo version 17.0-20251008 
2025-11-08 13:51:09,402 1 INFO ? odoo: Using configuration file at /etc/odoo/odoo.conf 
2025-11-08 13:51:09,402 1 INFO ? odoo: addons paths: ['/usr/lib/python3/dist-packages/odoo/addons', '/var/lib/odoo/.local/share/Odoo/addons/17.0', '/mnt/extra-addons/custom', '/mnt/extra-addons/third-party'] 
2025-11-08 13:51:09,402 1 INFO ? odoo: database: odoo@odoo-boats-db:5432 
2025-11-08 13:51:09,547 1 INFO ? odoo.addons.base.models.ir_actions_report: Will use the Wkhtmltopdf binary at /usr/local/bin/wkhtmltopdf 
2025-11-08 13:51:09,836 1 INFO ? odoo.service.server: HTTP service (werkzeug) running on c4ecac5c5813:8069 
2025-11-08 13:51:09,889 1 INFO odoo-boats-db odoo.modules.loading: loading 1 modules... 
2025-11-08 13:51:09,894 1 INFO odoo-boats-db odoo.modules.loading: 1 modules loaded in 0.00s, 0 queries (+0 extra) 
2025-11-08 13:51:09,961 1 INFO odoo-boats-db odoo.modules.loading: loading 61 modules... 
2025-11-08 13:51:10,932 1 INFO odoo-boats-db odoo.modules.loading: 61 modules loaded in 0.97s, 0 queries (+0 extra) 
2025-11-08 13:51:11,047 1 INFO odoo-boats-db odoo.modules.loading: Modules loaded. 
2025-11-08 13:51:11,057 1 INFO odoo-boats-db odoo.modules.registry: Registry loaded in 1.221s 
2025-11-08 13:51:18,609 1 INFO odoo-boats-db odoo.addons.base.models.ir_http: Generating routing map for key 1 
2025-11-08 13:51:18,665 1 INFO odoo-boats-db werkzeug: 127.0.0.1 - - [08/Nov/2025 13:51:18] "GET /web HTTP/1.1" 303 - 8 0.028 0.047
2025-11-08 13:51:19,181 1 INFO odoo-boats-db werkzeug: 172.19.0.1 - - [08/Nov/2025 13:51:19] "GET /websocket?version=17.0-1 HTTP/1.1" 101 - 4 0.018 0.023
2025-11-08 13:51:19,575 1 INFO ? odoo.addons.bus.models.bus: Bus.loop listen imbus on db postgres 
2025-11-08 13:51:28,748 1 INFO odoo-boats-db werkzeug: 127.0.0.1 - - [08/Nov/2025 13:51:28] "GET /web HTTP/1.1" 303 - 1 0.000 0.003
2025-11-08 13:51:38,823 1 INFO odoo-boats-db werkzeug: 127.0.0.1 - - [08/Nov/2025 13:51:38] "GET /web HTTP/1.1" 303 - 1 0.000 0.003
2025-11-08 13:51:42,796 1 INFO odoo-boats-db odoo.service.server: Initiating shutdown 
2025-11-08 13:51:42,796 1 INFO odoo-boats-db odoo.service.server: Hit CTRL-C again or send a second signal to force the shutdown. 
2025-11-08 13:51:42,916 1 INFO odoo-boats-db odoo.sql_db: ConnectionPool(used=0/count=0/max=64): Closed 3 connections  
