2025-11-08 13:05:04,726 1 INFO ? odoo: Odoo version 17.0-20251008 
2025-11-08 13:05:04,726 1 INFO ? odoo: Using configuration file at /etc/odoo/odoo.conf 
2025-11-08 13:05:04,726 1 INFO ? odoo: addons paths: ['/usr/lib/python3/dist-packages/odoo/addons', '/var/lib/odoo/.local/share/Odoo/addons/17.0', '/mnt/extra-addons/custom', '/mnt/extra-addons/third-party'] 
2025-11-08 13:05:04,726 1 INFO ? odoo: database: odoo@odoo-boats-db:5432 
2025-11-08 13:05:04,800 1 INFO ? odoo.addons.base.models.ir_actions_report: Will use the Wkhtmltopdf binary at /usr/local/bin/wkhtmltopdf 
2025-11-08 13:05:04,918 1 INFO ? odoo.service.server: HTTP service (werkzeug) running on fbc06ee253eb:8069 
2025-11-08 13:05:04,936 1 INFO odoo-boats-db odoo.modules.loading: loading 1 modules... 
2025-11-08 13:05:04,939 1 INFO odoo-boats-db odoo.modules.loading: 1 modules loaded in 0.00s, 0 queries (+0 extra) 
2025-11-08 13:05:04,956 1 INFO odoo-boats-db odoo.modules.loading: loading 61 modules... 
2025-11-08 13:05:05,328 1 INFO odoo-boats-db odoo.modules.loading: 61 modules loaded in 0.37s, 0 queries (+0 extra) 
2025-11-08 13:05:05,416 1 INFO odoo-boats-db odoo.modules.loading: Modules loaded. 
2025-11-08 13:05:05,419 1 INFO odoo-boats-db odoo.modules.registry: Registry loaded in 0.501s 
2025-11-08 13:05:08,887 1 INFO odoo-boats-db odoo.addons.base.models.ir_http: Generating routing map for key 1 
2025-11-08 13:05:08,938 1 INFO odoo-boats-db werkzeug: 172.19.0.1 - - [08/Nov/2025 13:05:08] "GET /websocket?version=17.0-1 HTTP/1.1" 101 - 11 0.011 0.051
2025-11-08 13:05:09,291 1 INFO ? odoo.addons.bus.models.bus: Bus.loop listen imbus on db postgres 
2025-11-08 13:05:14,401 1 INFO odoo-boats-db werkzeug: 127.0.0.1 - - [08/Nov/2025 13:05:14] "GET /web HTTP/1.1" 303 - 3 0.001 0.003
2025-11-08 13:05:16,348 1 ERROR odoo-boats-db odoo.addons.base.models.ir_model: Missing model boat.taxonomy.category 
2025-11-08 13:05:16,348 1 ERROR odoo-boats-db odoo.addons.base.models.ir_model: Missing model boat.boat 
2025-11-08 13:05:16,348 1 ERROR odoo-boats-db odoo.addons.base.models.ir_model: Missing model boat.location 
2025-11-08 13:05:16,348 1 ERROR odoo-boats-db odoo.addons.base.models.ir_model: Missing model boat.boat 
2025-11-08 13:05:16,349 1 ERROR odoo-boats-db odoo.addons.base.models.ir_model: Missing model boat.taxonomy 
2025-11-08 13:05:16,349 1 ERROR odoo-boats-db odoo.addons.base.models.ir_model: Missing model boat.category 
2025-11-08 13:05:16,349 1 ERROR odoo-boats-db odoo.addons.base.models.ir_model: Missing model boat.amenity 
2025-11-08 13:05:16,498 1 INFO odoo-boats-db werkzeug: 172.19.0.1 - - [08/Nov/2025 13:05:16] "GET /web HTTP/1.1" 200 - 72 0.040 0.134
2025-11-08 13:05:16,707 1 INFO odoo-boats-db werkzeug: 172.19.0.1 - - [08/Nov/2025 13:05:16] "GET /bus/websocket_worker_bundle?v=17.0-1 HTTP/1.1" 304 - 5 0.006 0.022
2025-11-08 13:05:16,804 1 INFO odoo-boats-db werkzeug: 172.19.0.1 - - [08/Nov/2025 13:05:16] "GET /web/image?model=res.users&field=avatar_128&id=2 HTTP/1.1" 304 - 8 0.020 0.028
2025-11-08 13:05:16,813 1 INFO odoo-boats-db werkzeug: 172.19.0.1 - - [08/Nov/2025 13:05:16] "GET /websocket?version=17.0-1 HTTP/1.1" 101 - 1 0.003 0.042
2025-11-08 13:05:16,824 1 INFO odoo-boats-db werkzeug: 172.19.0.1 - - [08/Nov/2025 13:05:16] "GET /web/manifest.webmanifest HTTP/1.1" 200 - 9 0.030 0.027
2025-11-08 13:05:16,851 1 INFO odoo-boats-db werkzeug: 172.19.0.1 - - [08/Nov/2025 13:05:16] "POST /mail/init_messaging HTTP/1.1" 200 - 56 0.109 0.050
2025-11-08 13:05:16,888 1 INFO odoo-boats-db werkzeug: 172.19.0.1 - - [08/Nov/2025 13:05:16] "POST /mail/load_message_failures HTTP/1.1" 200 - 13 0.015 0.009
2025-11-08 13:05:17,356 1 INFO odoo-boats-db werkzeug: 172.19.0.1 - - [08/Nov/2025 13:05:17] "POST /web/action/load HTTP/1.1" 200 - 9 0.008 0.672
2025-11-08 13:05:17,366 1 INFO odoo-boats-db werkzeug: 172.19.0.1 - - [08/Nov/2025 13:05:17] "POST /web/dataset/call_kw/res.users/systray_get_activities HTTP/1.1" 200 - 20 0.016 0.617
2025-11-08 13:05:17,418 1 INFO odoo-boats-db werkzeug: 172.19.0.1 - - [08/Nov/2025 13:05:17] "POST /web/dataset/call_kw/ir.module.module/get_views HTTP/1.1" 200 - 47 0.016 0.024
2025-11-08 13:05:17,436 1 INFO odoo-boats-db werkzeug: 172.19.0.1 - - [08/Nov/2025 13:05:17] "POST /web/dataset/call_kw/ir.module.module/search_panel_select_range HTTP/1.1" 200 - 1 0.002 0.004
2025-11-08 13:05:17,476 1 INFO odoo-boats-db werkzeug: 172.19.0.1 - - [08/Nov/2025 13:05:17] "POST /web/dataset/call_kw/ir.module.module/web_search_read HTTP/1.1" 200 - 4 0.007 0.029
2025-11-08 13:05:17,499 1 INFO odoo-boats-db werkzeug: 172.19.0.1 - - [08/Nov/2025 13:05:17] "POST /web/dataset/call_kw/ir.module.module/search_panel_select_range HTTP/1.1" 200 - 40 0.041 0.025
2025-11-08 13:05:19,185 1 INFO odoo-boats-db werkzeug: 172.19.0.1 - - [08/Nov/2025 13:05:19] "GET /web/service-worker.js HTTP/1.1" 200 - 1 0.001 0.004
2025-11-08 13:05:19,196 1 INFO odoo-boats-db werkzeug: 172.19.0.1 - - [08/Nov/2025 13:05:19] "POST /web/action/load HTTP/1.1" 200 - 8 0.010 0.009
2025-11-08 13:05:19,222 1 INFO odoo-boats-db werkzeug: 172.19.0.1 - - [08/Nov/2025 13:05:19] "POST /web/dataset/call_kw/base.module.update/get_views HTTP/1.1" 200 - 9 0.005 0.007
2025-11-08 13:05:19,236 1 INFO odoo-boats-db werkzeug: 172.19.0.1 - - [08/Nov/2025 13:05:19] "POST /web/dataset/call_kw/base.module.update/onchange HTTP/1.1" 200 - 2 0.001 0.002
2025-11-08 13:05:20,492 1 INFO odoo-boats-db werkzeug: 172.19.0.1 - - [08/Nov/2025 13:05:20] "POST /web/dataset/call_kw/base.module.update/web_save HTTP/1.1" 200 - 5 0.003 0.006
2025-11-08 13:05:20,504 1 INFO odoo-boats-db odoo.addons.base.models.ir_module: ALLOW access to module.update_list on [] to user admin #2 via 172.19.0.1 
2025-11-08 13:05:21,137 1 INFO odoo-boats-db odoo.modules.registry: Caches invalidated, signaling through the database: ['templates'] 
2025-11-08 13:05:21,139 1 INFO odoo-boats-db werkzeug: 172.19.0.1 - - [08/Nov/2025 13:05:21] "POST /web/dataset/call_button HTTP/1.1" 200 - 1710 0.365 0.274
2025-11-08 13:05:22,411 1 INFO odoo-boats-db werkzeug: 172.19.0.1 - - [08/Nov/2025 13:05:22] "POST /web/dataset/call_kw/ir.module.module/search_panel_select_range HTTP/1.1" 200 - 38 0.021 0.018
2025-11-08 13:05:22,436 1 INFO odoo-boats-db werkzeug: 172.19.0.1 - - [08/Nov/2025 13:05:22] "POST /web/dataset/call_kw/ir.module.module/web_search_read HTTP/1.1" 200 - 4 0.004 0.014
2025-11-08 13:05:24,498 1 INFO odoo-boats-db werkzeug: 127.0.0.1 - - [08/Nov/2025 13:05:24] "GET /web HTTP/1.1" 303 - 1 0.000 0.002
2025-11-08 13:05:24,689 1 INFO odoo-boats-db werkzeug: 172.19.0.1 - - [08/Nov/2025 13:05:24] "POST /web/dataset/call_kw/ir.module.module/search_panel_select_range HTTP/1.1" 200 - 38 0.025 0.022
2025-11-08 13:05:24,704 1 INFO odoo-boats-db werkzeug: 172.19.0.1 - - [08/Nov/2025 13:05:24] "POST /web/dataset/call_kw/ir.module.module/web_search_read HTTP/1.1" 200 - 3 0.003 0.004
2025-11-08 13:05:27,218 1 INFO odoo-boats-db odoo.addons.base.models.ir_module: ALLOW access to module.button_immediate_install on ['Houseboat Aggregation Platform'] to user admin #2 via 172.19.0.1 
2025-11-08 13:05:27,218 1 INFO odoo-boats-db odoo.addons.base.models.ir_module: User #2 triggered module installation 
2025-11-08 13:05:27,219 1 INFO odoo-boats-db odoo.addons.base.models.ir_module: ALLOW access to module.button_install on ['Houseboat Aggregation Platform'] to user admin #2 via 172.19.0.1 
2025-11-08 13:05:27,257 1 INFO odoo-boats-db odoo.modules.loading: loading 1 modules... 
2025-11-08 13:05:27,261 1 INFO odoo-boats-db odoo.modules.loading: 1 modules loaded in 0.00s, 0 queries (+0 extra) 
2025-11-08 13:05:27,273 1 INFO odoo-boats-db odoo.modules.loading: updating modules list 
2025-11-08 13:05:27,275 1 INFO odoo-boats-db odoo.addons.base.models.ir_module: ALLOW access to module.update_list on [] to user __system__ #1 via 172.19.0.1 
2025-11-08 13:05:27,745 1 INFO odoo-boats-db odoo.modules.loading: loading 61 modules... 
2025-11-08 13:05:27,770 1 INFO odoo-boats-db odoo.modules.loading: 61 modules loaded in 0.03s, 0 queries (+0 extra) 
2025-11-08 13:05:27,772 1 INFO odoo-boats-db odoo.modules.loading: loading 62 modules... 
2025-11-08 13:05:27,772 1 INFO odoo-boats-db odoo.modules.loading: Loading module boats_module (56/62) 
2025-11-08 13:05:27,776 1 WARNING odoo-boats-db odoo.api.create: The model odoo.addons.boats_module.models.booking is not overriding the create method in batch 
2025-11-08 13:05:27,844 1 WARNING odoo-boats-db odoo.modules.loading: Transient module states were reset 
2025-11-08 13:05:27,846 1 ERROR odoo-boats-db odoo.modules.registry: Failed to load registry 
Traceback (most recent call last):
  File "/usr/lib/python3/dist-packages/odoo/modules/registry.py", line 110, in new
    odoo.modules.load_modules(registry, force_demo, status, update_module)
  File "/usr/lib/python3/dist-packages/odoo/modules/loading.py", line 485, in load_modules
    processed_modules += load_marked_modules(env, graph,
  File "/usr/lib/python3/dist-packages/odoo/modules/loading.py", line 366, in load_marked_modules
    loaded, processed = load_module_graph(
  File "/usr/lib/python3/dist-packages/odoo/modules/loading.py", line 206, in load_module_graph
    registry.setup_models(env.cr)
  File "<decorator-gen-19>", line 2, in setup_models
  File "/usr/lib/python3/dist-packages/odoo/tools/func.py", line 87, in locked
    return func(inst, *args, **kwargs)
  File "/usr/lib/python3/dist-packages/odoo/modules/registry.py", line 319, in setup_models
    model._setup_fields()
  File "/usr/lib/python3/dist-packages/odoo/models.py", line 3420, in _setup_fields
    field.setup(self)
  File "/usr/lib/python3/dist-packages/odoo/fields.py", line 531, in setup
    self.setup_related(model)
  File "/usr/lib/python3/dist-packages/odoo/fields.py", line 606, in setup_related
    raise KeyError(
KeyError: 'Field activity_type_id referenced in related field definition boat.listing.activity_type_id does not exist.'
2025-11-08 13:05:27,853 1 INFO odoo-boats-db odoo.modules.loading: loading 1 modules... 
2025-11-08 13:05:27,858 1 INFO odoo-boats-db odoo.modules.loading: 1 modules loaded in 0.01s, 0 queries (+0 extra) 
2025-11-08 13:05:27,863 1 INFO odoo-boats-db odoo.modules.loading: loading 61 modules... 
2025-11-08 13:05:27,972 1 INFO odoo-boats-db odoo.modules.loading: 61 modules loaded in 0.11s, 0 queries (+0 extra) 
2025-11-08 13:05:28,049 1 INFO odoo-boats-db odoo.modules.loading: Modules loaded. 
2025-11-08 13:05:28,052 1 INFO odoo-boats-db odoo.modules.registry: Registry loaded in 0.203s 
2025-11-08 13:05:28,053 1 ERROR odoo-boats-db odoo.http: Exception during request handling. 
Traceback (most recent call last):
  File "/usr/lib/python3/dist-packages/odoo/http.py", line 2396, in __call__
    response = request._serve_db()
  File "/usr/lib/python3/dist-packages/odoo/http.py", line 1971, in _serve_db
    return service_model.retrying(self._serve_ir_http, self.env)
  File "/usr/lib/python3/dist-packages/odoo/service/model.py", line 152, in retrying
    result = func()
  File "/usr/lib/python3/dist-packages/odoo/http.py", line 1999, in _serve_ir_http
    response = self.dispatcher.dispatch(rule.endpoint, args)
  File "/usr/lib/python3/dist-packages/odoo/http.py", line 2203, in dispatch
    result = self.request.registry['ir.http']._dispatch(endpoint)
  File "/usr/lib/python3/dist-packages/odoo/addons/website/models/ir_http.py", line 235, in _dispatch
    response = super()._dispatch(endpoint)
  File "/usr/lib/python3/dist-packages/odoo/addons/base/models/ir_http.py", line 221, in _dispatch
    result = endpoint(**request.params)
  File "/usr/lib/python3/dist-packages/odoo/http.py", line 786, in route_wrapper
    result = endpoint(self, *args, **params_ok)
  File "/usr/lib/python3/dist-packages/odoo/addons/web/controllers/dataset.py", line 29, in call_button
    action = self._call_kw(model, method, args, kwargs)
  File "/usr/lib/python3/dist-packages/odoo/addons/web/controllers/dataset.py", line 21, in _call_kw
    return call_kw(Model, method, args, kwargs)
  File "/usr/lib/python3/dist-packages/odoo/api.py", line 484, in call_kw
    result = _call_kw_multi(method, model, args, kwargs)
  File "/usr/lib/python3/dist-packages/odoo/api.py", line 469, in _call_kw_multi
    result = method(recs, *args, **kwargs)
  File "<decorator-gen-77>", line 2, in button_immediate_install
  File "/usr/lib/python3/dist-packages/odoo/addons/base/models/ir_module.py", line 75, in check_and_log
    return method(self, *args, **kwargs)
  File "/usr/lib/python3/dist-packages/odoo/addons/base/models/ir_module.py", line 476, in button_immediate_install
    return self._button_immediate_function(self.env.registry[self._name].button_install)
  File "/usr/lib/python3/dist-packages/odoo/addons/base/models/ir_module.py", line 600, in _button_immediate_function
    registry = modules.registry.Registry.new(self._cr.dbname, update_module=True)
  File "<decorator-gen-16>", line 2, in new
  File "/usr/lib/python3/dist-packages/odoo/tools/func.py", line 87, in locked
    return func(inst, *args, **kwargs)
  File "/usr/lib/python3/dist-packages/odoo/modules/registry.py", line 110, in new
    odoo.modules.load_modules(registry, force_demo, status, update_module)
  File "/usr/lib/python3/dist-packages/odoo/modules/loading.py", line 485, in load_modules
    processed_modules += load_marked_modules(env, graph,
  File "/usr/lib/python3/dist-packages/odoo/modules/loading.py", line 366, in load_marked_modules
    loaded, processed = load_module_graph(
  File "/usr/lib/python3/dist-packages/odoo/modules/loading.py", line 206, in load_module_graph
    registry.setup_models(env.cr)
  File "<decorator-gen-19>", line 2, in setup_models
  File "/usr/lib/python3/dist-packages/odoo/tools/func.py", line 87, in locked
    return func(inst, *args, **kwargs)
  File "/usr/lib/python3/dist-packages/odoo/modules/registry.py", line 319, in setup_models
    model._setup_fields()
  File "/usr/lib/python3/dist-packages/odoo/models.py", line 3420, in _setup_fields
    field.setup(self)
  File "/usr/lib/python3/dist-packages/odoo/fields.py", line 531, in setup
    self.setup_related(model)
  File "/usr/lib/python3/dist-packages/odoo/fields.py", line 606, in setup_related
    raise KeyError(
KeyError: 'Field activity_type_id referenced in related field definition boat.listing.activity_type_id does not exist.'
2025-11-08 13:05:28,054 1 INFO odoo-boats-db werkzeug: 172.19.0.1 - - [08/Nov/2025 13:05:28] "POST /web/dataset/call_button HTTP/1.1" 200 - 1527 0.320 0.520
2025-11-08 13:05:34,574 1 INFO odoo-boats-db odoo.addons.base.models.ir_http: Generating routing map for key 1 
2025-11-08 13:05:34,592 1 INFO odoo-boats-db werkzeug: 127.0.0.1 - - [08/Nov/2025 13:05:34] "GET /web HTTP/1.1" 303 - 8 0.004 0.018
2025-11-08 13:05:44,686 1 INFO odoo-boats-db werkzeug: 127.0.0.1 - - [08/Nov/2025 13:05:44] "GET /web HTTP/1.1" 303 - 1 0.000 0.002
2025-11-08 13:05:54,779 1 INFO odoo-boats-db werkzeug: 127.0.0.1 - - [08/Nov/2025 13:05:54] "GET /web HTTP/1.1" 303 - 1 0.000 0.003
2025-11-08 13:06:04,831 1 INFO odoo-boats-db werkzeug: 127.0.0.1 - - [08/Nov/2025 13:06:04] "GET /web HTTP/1.1" 303 - 1 0.001 0.007
2025-11-08 13:06:14,917 1 INFO odoo-boats-db werkzeug: 127.0.0.1 - - [08/Nov/2025 13:06:14] "GET /web HTTP/1.1" 303 - 1 0.000 0.002
2025-11-08 13:06:25,009 1 INFO odoo-boats-db werkzeug: 127.0.0.1 - - [08/Nov/2025 13:06:25] "GET /web HTTP/1.1" 303 - 1 0.001 0.005
2025-11-08 13:06:35,114 1 INFO odoo-boats-db werkzeug: 127.0.0.1 - - [08/Nov/2025 13:06:35] "GET /web HTTP/1.1" 303 - 1 0.001 0.003
2025-11-08 13:06:45,203 1 INFO odoo-boats-db werkzeug: 127.0.0.1 - - [08/Nov/2025 13:06:45] "GET /web HTTP/1.1" 303 - 1 0.000 0.002
2025-11-08 13:06:48,565 1 INFO odoo-boats-db odoo.addons.base.models.ir_module: ALLOW access to module.button_immediate_install on ['Houseboat Aggregation Platform'] to user admin #2 via 172.19.0.1 
2025-11-08 13:06:48,565 1 INFO odoo-boats-db odoo.addons.base.models.ir_module: User #2 triggered module installation 
2025-11-08 13:06:48,567 1 INFO odoo-boats-db odoo.addons.base.models.ir_module: ALLOW access to module.button_install on ['Houseboat Aggregation Platform'] to user admin #2 via 172.19.0.1 
2025-11-08 13:06:48,631 1 INFO odoo-boats-db odoo.modules.loading: loading 1 modules... 
2025-11-08 13:06:48,635 1 INFO odoo-boats-db odoo.modules.loading: 1 modules loaded in 0.00s, 0 queries (+0 extra) 
2025-11-08 13:06:48,649 1 INFO odoo-boats-db odoo.modules.loading: updating modules list 
2025-11-08 13:06:48,651 1 INFO odoo-boats-db odoo.addons.base.models.ir_module: ALLOW access to module.update_list on [] to user __system__ #1 via 172.19.0.1 
2025-11-08 13:06:49,190 1 INFO odoo-boats-db odoo.modules.loading: loading 61 modules... 
2025-11-08 13:06:49,217 1 INFO odoo-boats-db odoo.modules.loading: 61 modules loaded in 0.03s, 0 queries (+0 extra) 
2025-11-08 13:06:49,219 1 INFO odoo-boats-db odoo.modules.loading: loading 62 modules... 
2025-11-08 13:06:49,219 1 INFO odoo-boats-db odoo.modules.loading: Loading module boats_module (56/62) 
2025-11-08 13:06:49,282 1 WARNING odoo-boats-db odoo.modules.loading: Transient module states were reset 
2025-11-08 13:06:49,284 1 ERROR odoo-boats-db odoo.modules.registry: Failed to load registry 
Traceback (most recent call last):
  File "/usr/lib/python3/dist-packages/odoo/modules/registry.py", line 110, in new
    odoo.modules.load_modules(registry, force_demo, status, update_module)
  File "/usr/lib/python3/dist-packages/odoo/modules/loading.py", line 485, in load_modules
    processed_modules += load_marked_modules(env, graph,
  File "/usr/lib/python3/dist-packages/odoo/modules/loading.py", line 366, in load_marked_modules
    loaded, processed = load_module_graph(
  File "/usr/lib/python3/dist-packages/odoo/modules/loading.py", line 206, in load_module_graph
    registry.setup_models(env.cr)
  File "<decorator-gen-19>", line 2, in setup_models
  File "/usr/lib/python3/dist-packages/odoo/tools/func.py", line 87, in locked
    return func(inst, *args, **kwargs)
  File "/usr/lib/python3/dist-packages/odoo/modules/registry.py", line 319, in setup_models
    model._setup_fields()
  File "/usr/lib/python3/dist-packages/odoo/models.py", line 3420, in _setup_fields
    field.setup(self)
  File "/usr/lib/python3/dist-packages/odoo/fields.py", line 531, in setup
    self.setup_related(model)
  File "/usr/lib/python3/dist-packages/odoo/fields.py", line 606, in setup_related
    raise KeyError(
KeyError: 'Field activity_type_id referenced in related field definition boat.listing.activity_type_id does not exist.'
2025-11-08 13:06:49,288 1 INFO odoo-boats-db odoo.modules.loading: loading 1 modules... 
2025-11-08 13:06:49,292 1 INFO odoo-boats-db odoo.modules.loading: 1 modules loaded in 0.00s, 0 queries (+0 extra) 
2025-11-08 13:06:49,296 1 INFO odoo-boats-db odoo.modules.loading: loading 61 modules... 
2025-11-08 13:06:49,328 1 INFO odoo-boats-db odoo.modules.loading: 61 modules loaded in 0.03s, 0 queries (+0 extra) 
2025-11-08 13:06:49,477 1 INFO odoo-boats-db odoo.modules.loading: Modules loaded. 
2025-11-08 13:06:49,479 1 INFO odoo-boats-db odoo.modules.registry: Registry loaded in 0.195s 
2025-11-08 13:06:49,479 1 ERROR odoo-boats-db odoo.http: Exception during request handling. 
Traceback (most recent call last):
  File "/usr/lib/python3/dist-packages/odoo/http.py", line 2396, in __call__
    response = request._serve_db()
  File "/usr/lib/python3/dist-packages/odoo/http.py", line 1971, in _serve_db
    return service_model.retrying(self._serve_ir_http, self.env)
  File "/usr/lib/python3/dist-packages/odoo/service/model.py", line 152, in retrying
    result = func()
  File "/usr/lib/python3/dist-packages/odoo/http.py", line 1999, in _serve_ir_http
    response = self.dispatcher.dispatch(rule.endpoint, args)
  File "/usr/lib/python3/dist-packages/odoo/http.py", line 2203, in dispatch
    result = self.request.registry['ir.http']._dispatch(endpoint)
  File "/usr/lib/python3/dist-packages/odoo/addons/website/models/ir_http.py", line 235, in _dispatch
    response = super()._dispatch(endpoint)
  File "/usr/lib/python3/dist-packages/odoo/addons/base/models/ir_http.py", line 221, in _dispatch
    result = endpoint(**request.params)
  File "/usr/lib/python3/dist-packages/odoo/http.py", line 786, in route_wrapper
    result = endpoint(self, *args, **params_ok)
  File "/usr/lib/python3/dist-packages/odoo/addons/web/controllers/dataset.py", line 29, in call_button
    action = self._call_kw(model, method, args, kwargs)
  File "/usr/lib/python3/dist-packages/odoo/addons/web/controllers/dataset.py", line 21, in _call_kw
    return call_kw(Model, method, args, kwargs)
  File "/usr/lib/python3/dist-packages/odoo/api.py", line 484, in call_kw
    result = _call_kw_multi(method, model, args, kwargs)
  File "/usr/lib/python3/dist-packages/odoo/api.py", line 469, in _call_kw_multi
    result = method(recs, *args, **kwargs)
  File "<decorator-gen-77>", line 2, in button_immediate_install
  File "/usr/lib/python3/dist-packages/odoo/addons/base/models/ir_module.py", line 75, in check_and_log
    return method(self, *args, **kwargs)
  File "/usr/lib/python3/dist-packages/odoo/addons/base/models/ir_module.py", line 476, in button_immediate_install
    return self._button_immediate_function(self.env.registry[self._name].button_install)
  File "/usr/lib/python3/dist-packages/odoo/addons/base/models/ir_module.py", line 600, in _button_immediate_function
    registry = modules.registry.Registry.new(self._cr.dbname, update_module=True)
  File "<decorator-gen-16>", line 2, in new
  File "/usr/lib/python3/dist-packages/odoo/tools/func.py", line 87, in locked
    return func(inst, *args, **kwargs)
  File "/usr/lib/python3/dist-packages/odoo/modules/registry.py", line 110, in new
    odoo.modules.load_modules(registry, force_demo, status, update_module)
  File "/usr/lib/python3/dist-packages/odoo/modules/loading.py", line 485, in load_modules
    processed_modules += load_marked_modules(env, graph,
  File "/usr/lib/python3/dist-packages/odoo/modules/loading.py", line 366, in load_marked_modules
    loaded, processed = load_module_graph(
  File "/usr/lib/python3/dist-packages/odoo/modules/loading.py", line 206, in load_module_graph
    registry.setup_models(env.cr)
  File "<decorator-gen-19>", line 2, in setup_models
  File "/usr/lib/python3/dist-packages/odoo/tools/func.py", line 87, in locked
    return func(inst, *args, **kwargs)
  File "/usr/lib/python3/dist-packages/odoo/modules/registry.py", line 319, in setup_models
    model._setup_fields()
  File "/usr/lib/python3/dist-packages/odoo/models.py", line 3420, in _setup_fields
    field.setup(self)
  File "/usr/lib/python3/dist-packages/odoo/fields.py", line 531, in setup
    self.setup_related(model)
  File "/usr/lib/python3/dist-packages/odoo/fields.py", line 606, in setup_related
    raise KeyError(
KeyError: 'Field activity_type_id referenced in related field definition boat.listing.activity_type_id does not exist.'
2025-11-08 13:06:49,480 1 INFO odoo-boats-db werkzeug: 172.19.0.1 - - [08/Nov/2025 13:06:49] "POST /web/dataset/call_button HTTP/1.1" 200 - 1542 0.375 0.557
2025-11-08 13:06:55,290 1 INFO odoo-boats-db odoo.addons.base.models.ir_http: Generating routing map for key 1 
2025-11-08 13:06:55,307 1 INFO odoo-boats-db werkzeug: 127.0.0.1 - - [08/Nov/2025 13:06:55] "GET /web HTTP/1.1" 303 - 8 0.004 0.017
2025-11-08 13:07:05,390 1 INFO odoo-boats-db werkzeug: 127.0.0.1 - - [08/Nov/2025 13:07:05] "GET /web HTTP/1.1" 303 - 1 0.000 0.003
2025-11-08 13:07:05,575 1 INFO odoo-boats-db odoo.addons.base.models.ir_cron: Starting job `Mail: Fetchmail Service`. 
2025-11-08 13:07:05,584 1 INFO odoo-boats-db odoo.addons.mail.models.fetchmail: start checking for new emails on imap server mail.yayboat.com 
2025-11-08 13:07:06,094 1 INFO odoo-boats-db odoo.addons.mail.models.fetchmail: Fetched 0 email(s) on imap server mail.yayboat.com; 0 succeeded, 0 failed. 
2025-11-08 13:07:06,152 1 INFO odoo-boats-db odoo.addons.base.models.ir_cron: Job done: `Mail: Fetchmail Service` (0.577s). 
2025-11-08 13:07:15,483 1 INFO odoo-boats-db werkzeug: 127.0.0.1 - - [08/Nov/2025 13:07:15] "GET /web HTTP/1.1" 303 - 1 0.001 0.002
2025-11-08 13:07:25,566 1 INFO odoo-boats-db werkzeug: 127.0.0.1 - - [08/Nov/2025 13:07:25] "GET /web HTTP/1.1" 303 - 1 0.001 0.002
2025-11-08 13:07:30,915 1 INFO odoo-boats-db odoo.service.server: Initiating shutdown 
2025-11-08 13:07:30,915 1 INFO odoo-boats-db odoo.service.server: Hit CTRL-C again or send a second signal to force the shutdown. 
2025-11-08 13:07:31,174 1 INFO odoo-boats-db odoo.sql_db: ConnectionPool(used=0/count=0/max=64): Closed 6 connections  
