2025-11-08 16:21:16,473 1 INFO ? odoo: Odoo version 17.0-20251008 
2025-11-08 16:21:16,473 1 INFO ? odoo: Using configuration file at /etc/odoo/odoo.conf 
2025-11-08 16:21:16,474 1 INFO ? odoo: addons paths: ['/usr/lib/python3/dist-packages/odoo/addons', '/var/lib/odoo/.local/share/Odoo/addons/17.0', '/mnt/extra-addons/custom', '/mnt/extra-addons/third-party'] 
2025-11-08 16:21:16,474 1 INFO ? odoo: database: odoo@odoo-boats-db:5432 
2025-11-08 16:21:16,561 1 INFO ? odoo.addons.base.models.ir_actions_report: Will use the Wkhtmltopdf binary at /usr/local/bin/wkhtmltopdf 
2025-11-08 16:21:16,668 1 INFO ? odoo.service.server: HTTP service (werkzeug) running on d751d72cf138:8069 
2025-11-08 16:21:16,681 1 INFO odoo-boats-db odoo.modules.loading: loading 1 modules... 
2025-11-08 16:21:16,685 1 INFO odoo-boats-db odoo.modules.loading: 1 modules loaded in 0.00s, 0 queries (+0 extra) 
2025-11-08 16:21:16,703 1 INFO odoo-boats-db odoo.modules.loading: loading 61 modules... 
2025-11-08 16:21:16,917 1 INFO odoo-boats-db odoo.modules.loading: Loading module sms (34/61) 
2025-11-08 16:21:16,999 1 INFO odoo-boats-db odoo.modules.registry: module sms: creating or updating database tables 
2025-11-08 16:21:17,779 1 INFO odoo-boats-db odoo.modules.loading: loading sms/data/ir_cron_data.xml 
2025-11-08 16:21:17,781 1 INFO odoo-boats-db odoo.modules.loading: loading sms/wizard/sms_composer_views.xml 
2025-11-08 16:21:17,794 1 INFO odoo-boats-db odoo.modules.loading: loading sms/wizard/sms_template_preview_views.xml 
2025-11-08 16:21:17,801 1 INFO odoo-boats-db odoo.modules.loading: loading sms/wizard/sms_resend_views.xml 
2025-11-08 16:21:17,811 1 INFO odoo-boats-db odoo.modules.loading: loading sms/wizard/sms_template_reset_views.xml 
2025-11-08 16:21:17,818 1 INFO odoo-boats-db odoo.modules.loading: loading sms/views/ir_actions_server_views.xml 
2025-11-08 16:21:17,830 1 INFO odoo-boats-db odoo.modules.loading: loading sms/views/mail_notification_views.xml 
2025-11-08 16:21:17,843 1 INFO odoo-boats-db odoo.modules.loading: loading sms/views/res_config_settings_views.xml 
2025-11-08 16:21:17,861 1 INFO odoo-boats-db odoo.modules.loading: loading sms/views/res_partner_views.xml 
2025-11-08 16:21:17,887 1 INFO odoo-boats-db odoo.modules.loading: loading sms/views/sms_sms_views.xml 
2025-11-08 16:21:17,947 1 INFO odoo-boats-db odoo.modules.loading: loading sms/views/sms_template_views.xml 
2025-11-08 16:21:18,006 1 INFO odoo-boats-db odoo.modules.loading: loading sms/security/ir.model.access.csv 
2025-11-08 16:21:18,065 1 INFO odoo-boats-db odoo.modules.loading: loading sms/security/sms_security.xml 
2025-11-08 16:21:18,103 1 INFO odoo-boats-db odoo.modules.loading: Module sms loaded in 1.19s, 1975 queries (+1975 other) 
2025-11-08 16:21:18,103 1 INFO odoo-boats-db odoo.modules.loading: Loading module snailmail (35/61) 
2025-11-08 16:21:18,184 1 INFO odoo-boats-db odoo.modules.registry: module snailmail: creating or updating database tables 
2025-11-08 16:21:18,353 1 INFO odoo-boats-db odoo.modules.loading: loading snailmail/data/snailmail_data.xml 
2025-11-08 16:21:18,369 1 INFO odoo-boats-db odoo.modules.loading: loading snailmail/views/report_assets.xml 
2025-11-08 16:21:18,394 1 INFO odoo-boats-db odoo.modules.loading: loading snailmail/views/snailmail_views.xml 
2025-11-08 16:21:18,417 1 INFO odoo-boats-db odoo.modules.loading: loading snailmail/wizard/snailmail_letter_format_error_views.xml 
2025-11-08 16:21:18,428 1 INFO odoo-boats-db odoo.modules.loading: loading snailmail/wizard/snailmail_letter_missing_required_fields_views.xml 
2025-11-08 16:21:18,440 1 INFO odoo-boats-db odoo.modules.loading: loading snailmail/security/ir.model.access.csv 
2025-11-08 16:21:18,477 1 INFO odoo-boats-db odoo.modules.loading: Module snailmail loaded in 0.37s, 377 queries (+377 other) 
2025-11-08 16:21:18,478 1 INFO odoo-boats-db odoo.modules.loading: Loading module auth_totp_portal (36/61) 
2025-11-08 16:21:18,589 1 INFO odoo-boats-db odoo.modules.registry: module auth_totp_portal: creating or updating database tables 
2025-11-08 16:21:18,618 1 INFO odoo-boats-db odoo.modules.loading: loading auth_totp_portal/security/security.xml 
2025-11-08 16:21:18,623 1 INFO odoo-boats-db odoo.modules.loading: loading auth_totp_portal/views/templates.xml 
2025-11-08 16:21:18,652 1 INFO odoo-boats-db odoo.modules.loading: Module auth_totp_portal loaded in 0.17s, 74 queries (+74 other) 
2025-11-08 16:21:18,652 1 INFO odoo-boats-db odoo.modules.loading: Loading module digest (37/61) 
2025-11-08 16:21:18,723 1 INFO odoo-boats-db odoo.modules.registry: module digest: creating or updating database tables 
2025-11-08 16:21:18,768 1 INFO odoo-boats-db odoo.modules.loading: loading digest/security/ir.model.access.csv 
2025-11-08 16:21:18,781 1 INFO odoo-boats-db odoo.modules.loading: loading digest/data/digest_data.xml 
2025-11-08 16:21:18,785 1 INFO odoo-boats-db odoo.modules.loading: loading digest/data/digest_tips_data.xml 
2025-11-08 16:21:18,798 1 INFO odoo-boats-db odoo.modules.loading: loading digest/data/ir_cron_data.xml 
2025-11-08 16:21:18,807 1 INFO odoo-boats-db odoo.modules.loading: loading digest/data/res_config_settings_data.xml 
2025-11-08 16:21:18,810 1 INFO odoo-boats-db odoo.modules.loading: loading digest/views/digest_views.xml 
2025-11-08 16:21:18,848 1 INFO odoo-boats-db odoo.modules.loading: loading digest/views/digest_templates.xml 
2025-11-08 16:21:18,855 1 INFO odoo-boats-db odoo.modules.loading: loading digest/views/res_config_settings_views.xml 
2025-11-08 16:21:18,895 1 INFO odoo-boats-db odoo.modules.loading: Module digest loaded in 0.24s, 292 queries (+292 other) 
2025-11-08 16:21:18,895 1 INFO odoo-boats-db odoo.modules.loading: Loading module payment (38/61) 
2025-11-08 16:21:18,974 1 INFO odoo-boats-db odoo.modules.registry: module payment: creating or updating database tables 
2025-11-08 16:21:19,064 1 INFO odoo-boats-db odoo.modules.loading: loading payment/data/onboarding_data.xml 
2025-11-08 16:21:19,067 1 INFO odoo-boats-db odoo.modules.loading: loading payment/data/payment_method_data.xml 
2025-11-08 16:21:19,142 1 INFO odoo-boats-db odoo.modules.loading: loading payment/data/payment_provider_data.xml 
2025-11-08 16:21:19,155 1 INFO odoo-boats-db odoo.modules.loading: loading payment/data/payment_cron.xml 
2025-11-08 16:21:19,175 1 INFO odoo-boats-db odoo.modules.loading: loading payment/views/express_checkout_templates.xml 
2025-11-08 16:21:19,185 1 INFO odoo-boats-db odoo.modules.loading: loading payment/views/payment_form_templates.xml 
2025-11-08 16:21:19,225 1 INFO odoo-boats-db odoo.modules.loading: loading payment/views/portal_templates.xml 
2025-11-08 16:21:19,287 1 INFO odoo-boats-db odoo.modules.loading: loading payment/views/payment_provider_views.xml 
2025-11-08 16:21:19,320 1 INFO odoo-boats-db odoo.modules.loading: loading payment/views/payment_method_views.xml 
2025-11-08 16:21:19,344 1 INFO odoo-boats-db odoo.modules.loading: loading payment/views/payment_transaction_views.xml 
2025-11-08 16:21:19,374 1 INFO odoo-boats-db odoo.modules.loading: loading payment/views/payment_token_views.xml 
2025-11-08 16:21:19,395 1 INFO odoo-boats-db odoo.modules.loading: loading payment/views/res_partner_views.xml 
2025-11-08 16:21:19,411 1 INFO odoo-boats-db odoo.modules.loading: loading payment/security/ir.model.access.csv 
2025-11-08 16:21:19,428 1 INFO odoo-boats-db odoo.modules.loading: loading payment/security/payment_security.xml 
2025-11-08 16:21:19,434 1 INFO odoo-boats-db odoo.modules.loading: loading payment/wizards/payment_capture_wizard_views.xml 
2025-11-08 16:21:19,442 1 INFO odoo-boats-db odoo.modules.loading: loading payment/wizards/payment_link_wizard_views.xml 
2025-11-08 16:21:19,450 1 INFO odoo-boats-db odoo.modules.loading: loading payment/wizards/payment_onboarding_views.xml 
2025-11-08 16:21:19,474 1 INFO odoo-boats-db odoo.modules.loading: Module payment loaded in 0.58s, 1034 queries (+1034 other) 
2025-11-08 16:21:19,474 1 INFO odoo-boats-db odoo.modules.loading: Loading module spreadsheet (39/61) 
2025-11-08 16:21:19,549 1 INFO odoo-boats-db odoo.modules.registry: module spreadsheet: creating or updating database tables 
2025-11-08 16:21:19,585 1 INFO odoo-boats-db odoo.modules.loading: loading spreadsheet/views/public_readonly_spreadsheet_templates.xml 
2025-11-08 16:21:19,608 1 INFO odoo-boats-db odoo.modules.loading: Module spreadsheet loaded in 0.13s, 89 queries (+89 other) 
2025-11-08 16:21:19,608 1 INFO odoo-boats-db odoo.modules.loading: Loading module account (40/61) 
2025-11-08 16:21:19,787 1 INFO odoo-boats-db odoo.modules.registry: module account: creating or updating database tables 
2025-11-08 16:21:20,232 1 INFO odoo-boats-db odoo.schema: Keep unexpected index account_payment__payment_method_line_id_index on table account_payment 
2025-11-08 16:21:20,253 1 INFO odoo-boats-db odoo.modules.loading: loading account/security/account_security.xml 
2025-11-08 16:21:20,441 1 INFO odoo-boats-db odoo.modules.loading: loading account/security/ir.model.access.csv 
2025-11-08 16:21:20,572 1 INFO odoo-boats-db odoo.modules.loading: loading account/data/account_data.xml 
2025-11-08 16:21:20,590 1 INFO odoo-boats-db odoo.modules.loading: loading account/data/digest_data.xml 
2025-11-08 16:21:20,596 1 INFO odoo-boats-db odoo.modules.loading: loading account/views/account_report.xml 
2025-11-08 16:21:20,614 1 INFO odoo-boats-db odoo.modules.loading: loading account/data/mail_template_data.xml 
2025-11-08 16:21:20,620 1 INFO odoo-boats-db odoo.modules.loading: loading account/data/onboarding_data.xml 
2025-11-08 16:21:20,628 1 INFO odoo-boats-db odoo.modules.loading: loading account/views/account_payment_view.xml 
2025-11-08 16:21:20,704 1 INFO odoo-boats-db odoo.modules.loading: loading account/wizard/account_automatic_entry_wizard_views.xml 
2025-11-08 16:21:20,717 1 INFO odoo-boats-db odoo.modules.loading: loading account/wizard/account_unreconcile_view.xml 
2025-11-08 16:21:20,728 1 INFO odoo-boats-db odoo.modules.loading: loading account/wizard/account_move_reversal_view.xml 
2025-11-08 16:21:20,739 1 INFO odoo-boats-db odoo.modules.loading: loading account/wizard/account_resequence_views.xml 
2025-11-08 16:21:20,747 1 INFO odoo-boats-db odoo.modules.loading: loading account/wizard/account_payment_register_views.xml 
2025-11-08 16:21:20,757 1 INFO odoo-boats-db odoo.modules.loading: loading account/views/account_move_views.xml 
2025-11-08 16:21:21,115 1 INFO odoo-boats-db odoo.modules.loading: loading account/wizard/setup_wizards_view.xml 
2025-11-08 16:21:21,133 1 INFO odoo-boats-db odoo.modules.loading: loading account/views/account_account_views.xml 
2025-11-08 16:21:21,173 1 INFO odoo-boats-db odoo.modules.loading: loading account/views/account_group_views.xml 
2025-11-08 16:21:21,194 1 INFO odoo-boats-db odoo.modules.loading: loading account/views/account_journal_views.xml 
2025-11-08 16:21:21,242 1 INFO odoo-boats-db odoo.models.unlink: User #1 deleted ir.actions.act_window.view records with IDs: [1421, 1422, 1423] 
2025-11-08 16:21:21,260 1 INFO odoo-boats-db odoo.modules.loading: loading account/views/account_account_tag_views.xml 
2025-11-08 16:21:21,279 1 INFO odoo-boats-db odoo.modules.loading: loading account/views/account_bank_statement_views.xml 
2025-11-08 16:21:21,318 1 INFO odoo-boats-db odoo.modules.loading: loading account/views/account_reconcile_model_views.xml 
2025-11-08 16:21:21,348 1 INFO odoo-boats-db odoo.modules.loading: loading account/views/account_tax_views.xml 
2025-11-08 16:21:21,410 1 INFO odoo-boats-db odoo.modules.loading: loading account/views/account_full_reconcile_views.xml 
2025-11-08 16:21:21,417 1 INFO odoo-boats-db odoo.modules.loading: loading account/views/account_payment_term_views.xml 
2025-11-08 16:21:21,447 1 INFO odoo-boats-db odoo.modules.loading: loading account/views/account_payment_method.xml 
2025-11-08 16:21:21,458 1 INFO odoo-boats-db odoo.modules.loading: loading account/views/res_partner_bank_views.xml 
2025-11-08 16:21:21,490 1 INFO odoo-boats-db odoo.modules.loading: loading account/views/report_statement.xml 
2025-11-08 16:21:21,514 1 INFO odoo-boats-db odoo.modules.loading: loading account/views/terms_template.xml 
2025-11-08 16:21:21,535 1 INFO odoo-boats-db odoo.modules.loading: loading account/wizard/account_validate_move_view.xml 
2025-11-08 16:21:21,547 1 INFO odoo-boats-db odoo.modules.loading: loading account/views/res_company_views.xml 
2025-11-08 16:21:21,582 1 INFO odoo-boats-db odoo.modules.loading: loading account/views/product_view.xml 
2025-11-08 16:21:21,614 1 INFO odoo-boats-db odoo.modules.loading: loading account/views/account_analytic_plan_views.xml 
2025-11-08 16:21:21,624 1 INFO odoo-boats-db odoo.modules.loading: loading account/views/account_analytic_account_views.xml 
2025-11-08 16:21:21,643 1 INFO odoo-boats-db odoo.modules.loading: loading account/views/account_analytic_distribution_model_views.xml 
2025-11-08 16:21:21,660 1 INFO odoo-boats-db odoo.modules.loading: loading account/views/account_analytic_line_views.xml 
2025-11-08 16:21:21,716 1 INFO odoo-boats-db odoo.modules.loading: loading account/views/report_invoice.xml 
2025-11-08 16:21:21,797 1 INFO odoo-boats-db odoo.modules.loading: loading account/report/account_invoice_report_view.xml 
2025-11-08 16:21:21,879 1 INFO odoo-boats-db odoo.modules.loading: loading account/views/account_cash_rounding_view.xml 
2025-11-08 16:21:21,902 1 INFO odoo-boats-db odoo.modules.loading: loading account/views/ir_module_views.xml 
2025-11-08 16:21:21,914 1 INFO odoo-boats-db odoo.modules.loading: loading account/views/res_config_settings_views.xml 
2025-11-08 16:21:21,957 1 INFO odoo-boats-db odoo.modules.loading: loading account/views/partner_view.xml 
2025-11-08 16:21:22,030 1 INFO odoo-boats-db odoo.modules.loading: loading account/views/account_journal_dashboard_view.xml 
2025-11-08 16:21:22,051 1 INFO odoo-boats-db odoo.modules.loading: loading account/views/account_portal_templates.xml 
2025-11-08 16:21:22,118 1 INFO odoo-boats-db odoo.modules.loading: loading account/views/report_payment_receipt_templates.xml 
2025-11-08 16:21:22,133 1 INFO odoo-boats-db odoo.modules.loading: loading account/data/service_cron.xml 
2025-11-08 16:21:22,149 1 INFO odoo-boats-db odoo.modules.loading: loading account/views/account_incoterms_view.xml 
2025-11-08 16:21:22,169 1 INFO odoo-boats-db odoo.modules.loading: loading account/data/account_incoterms_data.xml 
2025-11-08 16:21:22,185 1 INFO odoo-boats-db odoo.modules.loading: loading account/views/digest_views.xml 
2025-11-08 16:21:22,202 1 INFO odoo-boats-db odoo.modules.loading: loading account/wizard/account_move_send_views.xml 
2025-11-08 16:21:22,216 1 INFO odoo-boats-db odoo.modules.loading: loading account/report/account_hash_integrity_templates.xml 
2025-11-08 16:21:22,226 1 INFO odoo-boats-db odoo.modules.loading: loading account/views/res_currency.xml 
2025-11-08 16:21:22,240 1 INFO odoo-boats-db odoo.modules.loading: loading account/views/account_menuitem.xml 
2025-11-08 16:21:22,432 1 INFO odoo-boats-db odoo.modules.loading: loading account/wizard/account_tour_upload_bill.xml 
2025-11-08 16:21:22,448 1 INFO odoo-boats-db odoo.modules.loading: loading account/wizard/accrued_orders.xml 
2025-11-08 16:21:22,456 1 INFO odoo-boats-db odoo.modules.loading: loading account/views/bill_preview_template.xml 
2025-11-08 16:21:22,469 1 INFO odoo-boats-db odoo.modules.loading: loading account/data/account_reports_data.xml 
2025-11-08 16:21:22,492 1 INFO odoo-boats-db odoo.modules.loading: loading account/views/uom_uom_views.xml 
2025-11-08 16:21:22,576 1 INFO odoo-boats-db odoo.modules.loading: Module account loaded in 2.97s, 3931 queries (+3931 other) 
2025-11-08 16:21:22,577 1 INFO odoo-boats-db odoo.modules.loading: Loading module spreadsheet_dashboard (41/61) 
2025-11-08 16:21:22,692 1 INFO odoo-boats-db odoo.modules.registry: module spreadsheet_dashboard: creating or updating database tables 
2025-11-08 16:21:22,727 1 INFO odoo-boats-db odoo.modules.loading: loading spreadsheet_dashboard/security/security.xml 
2025-11-08 16:21:22,795 1 INFO odoo-boats-db odoo.modules.loading: loading spreadsheet_dashboard/security/ir.model.access.csv 
2025-11-08 16:21:22,809 1 INFO odoo-boats-db odoo.modules.loading: loading spreadsheet_dashboard/views/spreadsheet_dashboard_views.xml 
2025-11-08 16:21:22,831 1 INFO odoo-boats-db odoo.modules.loading: loading spreadsheet_dashboard/views/menu_views.xml 
2025-11-08 16:21:22,855 1 INFO odoo-boats-db odoo.modules.loading: loading spreadsheet_dashboard/data/dashboard.xml 
2025-11-08 16:21:22,880 1 INFO odoo-boats-db odoo.modules.loading: Module spreadsheet_dashboard loaded in 0.30s, 236 queries (+236 other) 
2025-11-08 16:21:22,880 1 INFO odoo-boats-db odoo.modules.loading: Loading module website (42/61) 
2025-11-08 16:21:23,119 1 INFO odoo-boats-db odoo.modules.registry: module website: creating or updating database tables 
2025-11-08 16:21:24,184 1 INFO odoo-boats-db odoo.schema: Keep unexpected index account_payment__payment_method_line_id_index on table account_payment 
2025-11-08 16:21:24,204 1 INFO odoo-boats-db odoo.modules.loading: loading website/security/website_security.xml 
2025-11-08 16:21:24,293 1 INFO odoo-boats-db odoo.modules.loading: loading website/security/ir.model.access.csv 
2025-11-08 16:21:24,333 1 INFO odoo-boats-db odoo.modules.loading: loading website/data/image_library.xml 
2025-11-08 16:21:24,431 1 INFO odoo-boats-db odoo.modules.loading: loading website/data/ir_asset.xml 
2025-11-08 16:21:24,438 1 INFO odoo-boats-db odoo.modules.loading: loading website/data/ir_cron_data.xml 
2025-11-08 16:21:24,452 1 INFO odoo-boats-db odoo.modules.loading: loading website/data/mail_mail_data.xml 
2025-11-08 16:21:24,505 1 INFO odoo-boats-db odoo.modules.loading: loading website/data/website_data.xml 
2025-11-08 16:21:24,628 1 INFO odoo-boats-db odoo.modules.loading: loading website/data/website_visitor_cron.xml 
2025-11-08 16:21:24,636 1 INFO odoo-boats-db odoo.modules.loading: loading website/data/digest_data.xml 
2025-11-08 16:21:24,649 1 INFO odoo-boats-db odoo.modules.loading: loading website/views/website_templates.xml 
2025-11-08 16:21:25,976 1 INFO odoo-boats-db odoo.modules.loading: loading website/views/snippets/snippets.xml 
