2025-11-02 13:48:01,510 1 INFO ? odoo: Odoo version 17.0-20251008 
2025-11-02 13:48:01,510 1 INFO ? odoo: Using configuration file at /etc/odoo/odoo.conf 
2025-11-02 13:48:01,510 1 INFO ? odoo: addons paths: ['/usr/lib/python3/dist-packages/odoo/addons', '/var/lib/odoo/.local/share/Odoo/addons/17.0', '/mnt/extra-addons/custom', '/mnt/extra-addons/third-party'] 
2025-11-02 13:48:01,510 1 INFO ? odoo: database: odoo@odoo-boats-db:5432 
2025-11-02 13:48:01,646 1 INFO ? odoo.addons.base.models.ir_actions_report: Will use the Wkhtmltopdf binary at /usr/local/bin/wkhtmltopdf 
2025-11-02 13:48:04,893 1 INFO ? odoo.service.server: HTTP service (werkzeug) running on ec3e19435b7b:8069 
2025-11-02 13:48:04,937 1 INFO odoo-boats-db odoo.modules.loading: loading 1 modules... 
2025-11-02 13:48:04,942 1 INFO odoo-boats-db odoo.modules.loading: 1 modules loaded in 0.00s, 0 queries (+0 extra) 
2025-11-02 13:48:04,983 1 INFO odoo-boats-db odoo.modules.loading: loading 62 modules... 
2025-11-02 13:48:05,687 1 CRITICAL odoo-boats-db odoo.modules.module: Couldn't load module boat_base 
2025-11-02 13:48:05,693 1 WARNING odoo-boats-db odoo.modules.loading: Transient module states were reset 
2025-11-02 13:48:05,694 1 ERROR odoo-boats-db odoo.modules.registry: Failed to load registry 
Traceback (most recent call last):
  File "/usr/lib/python3/dist-packages/odoo/modules/registry.py", line 110, in new
    odoo.modules.load_modules(registry, force_demo, status, update_module)
  File "/usr/lib/python3/dist-packages/odoo/modules/loading.py", line 481, in load_modules
    processed_modules += load_marked_modules(env, graph,
  File "/usr/lib/python3/dist-packages/odoo/modules/loading.py", line 366, in load_marked_modules
    loaded, processed = load_module_graph(
  File "/usr/lib/python3/dist-packages/odoo/modules/loading.py", line 187, in load_module_graph
    load_openerp_module(package.name)
  File "/usr/lib/python3/dist-packages/odoo/modules/module.py", line 395, in load_openerp_module
    __import__(qualname)
  File "/mnt/extra-addons/custom/boat_base/__init__.py", line 2, in <module>
    from . import controllers
  File "/mnt/extra-addons/custom/boat_base/controllers/__init__.py", line 1, in <module>
    from . import portal
  File "/mnt/extra-addons/custom/boat_base/controllers/portal.py", line 162
    return request.redirect(f'/my/boats/{boat_id}')
    ^^^^^^^^^^^^^^^^^^^^^^^^^^^^^^^^^^^^^^^^^^^^^^^
SyntaxError: 'return' outside function
2025-11-02 13:48:05,695 1 CRITICAL odoo-boats-db odoo.service.server: Failed to initialize database `odoo-boats-db`. 
Traceback (most recent call last):
  File "/usr/lib/python3/dist-packages/odoo/service/server.py", line 1369, in preload_registries
    registry = Registry.new(dbname, update_module=update_module)
  File "<decorator-gen-16>", line 2, in new
  File "/usr/lib/python3/dist-packages/odoo/tools/func.py", line 87, in locked
    return func(inst, *args, **kwargs)
  File "/usr/lib/python3/dist-packages/odoo/modules/registry.py", line 110, in new
    odoo.modules.load_modules(registry, force_demo, status, update_module)
  File "/usr/lib/python3/dist-packages/odoo/modules/loading.py", line 481, in load_modules
    processed_modules += load_marked_modules(env, graph,
  File "/usr/lib/python3/dist-packages/odoo/modules/loading.py", line 366, in load_marked_modules
    loaded, processed = load_module_graph(
  File "/usr/lib/python3/dist-packages/odoo/modules/loading.py", line 187, in load_module_graph
    load_openerp_module(package.name)
  File "/usr/lib/python3/dist-packages/odoo/modules/module.py", line 395, in load_openerp_module
    __import__(qualname)
  File "/mnt/extra-addons/custom/boat_base/__init__.py", line 2, in <module>
    from . import controllers
  File "/mnt/extra-addons/custom/boat_base/controllers/__init__.py", line 1, in <module>
    from . import portal
  File "/mnt/extra-addons/custom/boat_base/controllers/portal.py", line 162
    return request.redirect(f'/my/boats/{boat_id}')
    ^^^^^^^^^^^^^^^^^^^^^^^^^^^^^^^^^^^^^^^^^^^^^^^
SyntaxError: 'return' outside function
2025-11-02 13:48:06,251 1 INFO ? odoo.modules.loading: loading 1 modules... 
2025-11-02 13:48:06,255 1 INFO ? odoo.modules.loading: 1 modules loaded in 0.00s, 0 queries (+0 extra) 
2025-11-02 13:48:06,261 1 INFO ? odoo.modules.loading: loading 62 modules... 
2025-11-02 13:48:06,284 1 CRITICAL ? odoo.modules.module: Couldn't load module boat_base 
2025-11-02 13:48:06,287 1 WARNING ? odoo.modules.loading: Transient module states were reset 
2025-11-02 13:48:06,287 1 ERROR ? odoo.modules.registry: Failed to load registry 
Traceback (most recent call last):
  File "/usr/lib/python3/dist-packages/odoo/modules/registry.py", line 87, in __new__
    return cls.registries[db_name]
  File "<decorator-gen-5>", line 2, in __getitem__
  File "/usr/lib/python3/dist-packages/odoo/tools/func.py", line 87, in locked
    return func(inst, *args, **kwargs)
  File "/usr/lib/python3/dist-packages/odoo/tools/lru.py", line 34, in __getitem__
    a = self.d[obj]
KeyError: 'odoo-boats-db'

During handling of the above exception, another exception occurred:

Traceback (most recent call last):
  File "/usr/lib/python3/dist-packages/odoo/modules/registry.py", line 110, in new
    odoo.modules.load_modules(registry, force_demo, status, update_module)
  File "/usr/lib/python3/dist-packages/odoo/modules/loading.py", line 481, in load_modules
    processed_modules += load_marked_modules(env, graph,
  File "/usr/lib/python3/dist-packages/odoo/modules/loading.py", line 366, in load_marked_modules
    loaded, processed = load_module_graph(
  File "/usr/lib/python3/dist-packages/odoo/modules/loading.py", line 187, in load_module_graph
    load_openerp_module(package.name)
  File "/usr/lib/python3/dist-packages/odoo/modules/module.py", line 395, in load_openerp_module
    __import__(qualname)
  File "/mnt/extra-addons/custom/boat_base/__init__.py", line 2, in <module>
    from . import controllers
  File "/mnt/extra-addons/custom/boat_base/controllers/__init__.py", line 1, in <module>
    from . import portal
  File "/mnt/extra-addons/custom/boat_base/controllers/portal.py", line 162
    return request.redirect(f'/my/boats/{boat_id}')
    ^^^^^^^^^^^^^^^^^^^^^^^^^^^^^^^^^^^^^^^^^^^^^^^
SyntaxError: 'return' outside function
2025-11-02 13:48:06,301 1 ERROR ? odoo.http: Exception during request handling. 
Traceback (most recent call last):
  File "/usr/lib/python3/dist-packages/odoo/modules/registry.py", line 87, in __new__
    return cls.registries[db_name]
  File "<decorator-gen-5>", line 2, in __getitem__
  File "/usr/lib/python3/dist-packages/odoo/tools/func.py", line 87, in locked
    return func(inst, *args, **kwargs)
  File "/usr/lib/python3/dist-packages/odoo/tools/lru.py", line 34, in __getitem__
    a = self.d[obj]
KeyError: 'odoo-boats-db'

During handling of the above exception, another exception occurred:

Traceback (most recent call last):
  File "/usr/lib/python3/dist-packages/odoo/http.py", line 2396, in __call__
    response = request._serve_db()
  File "/usr/lib/python3/dist-packages/odoo/http.py", line 1949, in _serve_db
    self.registry = Registry(self.db).check_signaling()
  File "/usr/lib/python3/dist-packages/odoo/modules/registry.py", line 89, in __new__
    return cls.new(db_name)
  File "<decorator-gen-16>", line 2, in new
  File "/usr/lib/python3/dist-packages/odoo/tools/func.py", line 87, in locked
    return func(inst, *args, **kwargs)
  File "/usr/lib/python3/dist-packages/odoo/modules/registry.py", line 110, in new
    odoo.modules.load_modules(registry, force_demo, status, update_module)
  File "/usr/lib/python3/dist-packages/odoo/modules/loading.py", line 481, in load_modules
    processed_modules += load_marked_modules(env, graph,
  File "/usr/lib/python3/dist-packages/odoo/modules/loading.py", line 366, in load_marked_modules
    loaded, processed = load_module_graph(
  File "/usr/lib/python3/dist-packages/odoo/modules/loading.py", line 187, in load_module_graph
    load_openerp_module(package.name)
  File "/usr/lib/python3/dist-packages/odoo/modules/module.py", line 395, in load_openerp_module
    __import__(qualname)
  File "/mnt/extra-addons/custom/boat_base/__init__.py", line 2, in <module>
    from . import controllers
  File "/mnt/extra-addons/custom/boat_base/controllers/__init__.py", line 1, in <module>
    from . import portal
  File "/mnt/extra-addons/custom/boat_base/controllers/portal.py", line 162
    return request.redirect(f'/my/boats/{boat_id}')
    ^^^^^^^^^^^^^^^^^^^^^^^^^^^^^^^^^^^^^^^^^^^^^^^
SyntaxError: 'return' outside function
2025-11-02 13:48:06,304 1 INFO ? werkzeug: 172.19.0.1 - - [02/Nov/2025 13:48:06] "GET / HTTP/1.1" 500 - 12 0.006 0.054
2025-11-02 13:48:06,345 1 INFO ? odoo.modules.loading: loading 1 modules... 
2025-11-02 13:48:06,349 1 INFO ? odoo.modules.loading: 1 modules loaded in 0.00s, 0 queries (+0 extra) 
2025-11-02 13:48:06,353 1 INFO ? odoo.modules.loading: loading 62 modules... 
2025-11-02 13:48:06,380 1 CRITICAL ? odoo.modules.module: Couldn't load module boat_base 
2025-11-02 13:48:06,382 1 WARNING ? odoo.modules.loading: Transient module states were reset 
2025-11-02 13:48:06,383 1 ERROR ? odoo.modules.registry: Failed to load registry 
Traceback (most recent call last):
  File "/usr/lib/python3/dist-packages/odoo/modules/registry.py", line 87, in __new__
    return cls.registries[db_name]
  File "<decorator-gen-5>", line 2, in __getitem__
  File "/usr/lib/python3/dist-packages/odoo/tools/func.py", line 87, in locked
    return func(inst, *args, **kwargs)
  File "/usr/lib/python3/dist-packages/odoo/tools/lru.py", line 34, in __getitem__
    a = self.d[obj]
KeyError: 'odoo-boats-db'

During handling of the above exception, another exception occurred:

Traceback (most recent call last):
  File "/usr/lib/python3/dist-packages/odoo/modules/registry.py", line 110, in new
    odoo.modules.load_modules(registry, force_demo, status, update_module)
  File "/usr/lib/python3/dist-packages/odoo/modules/loading.py", line 481, in load_modules
    processed_modules += load_marked_modules(env, graph,
  File "/usr/lib/python3/dist-packages/odoo/modules/loading.py", line 366, in load_marked_modules
    loaded, processed = load_module_graph(
  File "/usr/lib/python3/dist-packages/odoo/modules/loading.py", line 187, in load_module_graph
    load_openerp_module(package.name)
  File "/usr/lib/python3/dist-packages/odoo/modules/module.py", line 395, in load_openerp_module
    __import__(qualname)
  File "/mnt/extra-addons/custom/boat_base/__init__.py", line 2, in <module>
    from . import controllers
  File "/mnt/extra-addons/custom/boat_base/controllers/__init__.py", line 1, in <module>
    from . import portal
  File "/mnt/extra-addons/custom/boat_base/controllers/portal.py", line 162
    return request.redirect(f'/my/boats/{boat_id}')
    ^^^^^^^^^^^^^^^^^^^^^^^^^^^^^^^^^^^^^^^^^^^^^^^
SyntaxError: 'return' outside function
2025-11-02 13:48:06,383 1 ERROR ? odoo.http: Exception during request handling. 
Traceback (most recent call last):
  File "/usr/lib/python3/dist-packages/odoo/modules/registry.py", line 87, in __new__
    return cls.registries[db_name]
  File "<decorator-gen-5>", line 2, in __getitem__
  File "/usr/lib/python3/dist-packages/odoo/tools/func.py", line 87, in locked
    return func(inst, *args, **kwargs)
  File "/usr/lib/python3/dist-packages/odoo/tools/lru.py", line 34, in __getitem__
    a = self.d[obj]
KeyError: 'odoo-boats-db'

During handling of the above exception, another exception occurred:

Traceback (most recent call last):
  File "/usr/lib/python3/dist-packages/odoo/http.py", line 2396, in __call__
    response = request._serve_db()
  File "/usr/lib/python3/dist-packages/odoo/http.py", line 1949, in _serve_db
    self.registry = Registry(self.db).check_signaling()
  File "/usr/lib/python3/dist-packages/odoo/modules/registry.py", line 89, in __new__
    return cls.new(db_name)
  File "<decorator-gen-16>", line 2, in new
  File "/usr/lib/python3/dist-packages/odoo/tools/func.py", line 87, in locked
    return func(inst, *args, **kwargs)
  File "/usr/lib/python3/dist-packages/odoo/modules/registry.py", line 110, in new
    odoo.modules.load_modules(registry, force_demo, status, update_module)
  File "/usr/lib/python3/dist-packages/odoo/modules/loading.py", line 481, in load_modules
    processed_modules += load_marked_modules(env, graph,
  File "/usr/lib/python3/dist-packages/odoo/modules/loading.py", line 366, in load_marked_modules
    loaded, processed = load_module_graph(
  File "/usr/lib/python3/dist-packages/odoo/modules/loading.py", line 187, in load_module_graph
    load_openerp_module(package.name)
  File "/usr/lib/python3/dist-packages/odoo/modules/module.py", line 395, in load_openerp_module
    __import__(qualname)
  File "/mnt/extra-addons/custom/boat_base/__init__.py", line 2, in <module>
    from . import controllers
  File "/mnt/extra-addons/custom/boat_base/controllers/__init__.py", line 1, in <module>
    from . import portal
  File "/mnt/extra-addons/custom/boat_base/controllers/portal.py", line 162
    return request.redirect(f'/my/boats/{boat_id}')
    ^^^^^^^^^^^^^^^^^^^^^^^^^^^^^^^^^^^^^^^^^^^^^^^
SyntaxError: 'return' outside function
2025-11-02 13:48:06,383 1 INFO ? werkzeug: 172.19.0.1 - - [02/Nov/2025 13:48:06] "GET /favicon.ico HTTP/1.1" 500 - 12 0.004 0.038
2025-11-02 13:48:07,514 1 INFO ? odoo.modules.loading: loading 1 modules... 
2025-11-02 13:48:07,517 1 INFO ? odoo.modules.loading: 1 modules loaded in 0.00s, 0 queries (+0 extra) 
2025-11-02 13:48:07,521 1 INFO ? odoo.modules.loading: loading 62 modules... 
2025-11-02 13:48:07,545 1 CRITICAL ? odoo.modules.module: Couldn't load module boat_base 
2025-11-02 13:48:07,548 1 WARNING ? odoo.modules.loading: Transient module states were reset 
2025-11-02 13:48:07,548 1 ERROR ? odoo.modules.registry: Failed to load registry 
Traceback (most recent call last):
  File "/usr/lib/python3/dist-packages/odoo/modules/registry.py", line 87, in __new__
    return cls.registries[db_name]
  File "<decorator-gen-5>", line 2, in __getitem__
  File "/usr/lib/python3/dist-packages/odoo/tools/func.py", line 87, in locked
    return func(inst, *args, **kwargs)
  File "/usr/lib/python3/dist-packages/odoo/tools/lru.py", line 34, in __getitem__
    a = self.d[obj]
KeyError: 'odoo-boats-db'

During handling of the above exception, another exception occurred:

Traceback (most recent call last):
  File "/usr/lib/python3/dist-packages/odoo/modules/registry.py", line 110, in new
    odoo.modules.load_modules(registry, force_demo, status, update_module)
  File "/usr/lib/python3/dist-packages/odoo/modules/loading.py", line 481, in load_modules
    processed_modules += load_marked_modules(env, graph,
  File "/usr/lib/python3/dist-packages/odoo/modules/loading.py", line 366, in load_marked_modules
    loaded, processed = load_module_graph(
  File "/usr/lib/python3/dist-packages/odoo/modules/loading.py", line 187, in load_module_graph
    load_openerp_module(package.name)
  File "/usr/lib/python3/dist-packages/odoo/modules/module.py", line 395, in load_openerp_module
    __import__(qualname)
  File "/mnt/extra-addons/custom/boat_base/__init__.py", line 2, in <module>
    from . import controllers
  File "/mnt/extra-addons/custom/boat_base/controllers/__init__.py", line 1, in <module>
    from . import portal
  File "/mnt/extra-addons/custom/boat_base/controllers/portal.py", line 162
    return request.redirect(f'/my/boats/{boat_id}')
    ^^^^^^^^^^^^^^^^^^^^^^^^^^^^^^^^^^^^^^^^^^^^^^^
SyntaxError: 'return' outside function
2025-11-02 13:48:07,549 1 ERROR ? odoo.http: Exception during request handling. 
Traceback (most recent call last):
  File "/usr/lib/python3/dist-packages/odoo/modules/registry.py", line 87, in __new__
    return cls.registries[db_name]
  File "<decorator-gen-5>", line 2, in __getitem__
  File "/usr/lib/python3/dist-packages/odoo/tools/func.py", line 87, in locked
    return func(inst, *args, **kwargs)
  File "/usr/lib/python3/dist-packages/odoo/tools/lru.py", line 34, in __getitem__
    a = self.d[obj]
KeyError: 'odoo-boats-db'

During handling of the above exception, another exception occurred:

Traceback (most recent call last):
  File "/usr/lib/python3/dist-packages/odoo/http.py", line 2396, in __call__
    response = request._serve_db()
  File "/usr/lib/python3/dist-packages/odoo/http.py", line 1949, in _serve_db
    self.registry = Registry(self.db).check_signaling()
  File "/usr/lib/python3/dist-packages/odoo/modules/registry.py", line 89, in __new__
    return cls.new(db_name)
  File "<decorator-gen-16>", line 2, in new
  File "/usr/lib/python3/dist-packages/odoo/tools/func.py", line 87, in locked
    return func(inst, *args, **kwargs)
  File "/usr/lib/python3/dist-packages/odoo/modules/registry.py", line 110, in new
    odoo.modules.load_modules(registry, force_demo, status, update_module)
  File "/usr/lib/python3/dist-packages/odoo/modules/loading.py", line 481, in load_modules
    processed_modules += load_marked_modules(env, graph,
  File "/usr/lib/python3/dist-packages/odoo/modules/loading.py", line 366, in load_marked_modules
    loaded, processed = load_module_graph(
  File "/usr/lib/python3/dist-packages/odoo/modules/loading.py", line 187, in load_module_graph
    load_openerp_module(package.name)
  File "/usr/lib/python3/dist-packages/odoo/modules/module.py", line 395, in load_openerp_module
    __import__(qualname)
  File "/mnt/extra-addons/custom/boat_base/__init__.py", line 2, in <module>
    from . import controllers
  File "/mnt/extra-addons/custom/boat_base/controllers/__init__.py", line 1, in <module>
    from . import portal
  File "/mnt/extra-addons/custom/boat_base/controllers/portal.py", line 162
    return request.redirect(f'/my/boats/{boat_id}')
    ^^^^^^^^^^^^^^^^^^^^^^^^^^^^^^^^^^^^^^^^^^^^^^^
SyntaxError: 'return' outside function
2025-11-02 13:48:07,549 1 INFO ? werkzeug: 172.19.0.1 - - [02/Nov/2025 13:48:07] "GET / HTTP/1.1" 500 - 12 0.005 0.036
2025-11-02 13:48:07,571 1 INFO ? odoo.modules.loading: loading 1 modules... 
2025-11-02 13:48:07,576 1 INFO ? odoo.modules.loading: 1 modules loaded in 0.00s, 0 queries (+0 extra) 
2025-11-02 13:48:07,581 1 INFO ? odoo.modules.loading: loading 62 modules... 
2025-11-02 13:48:07,605 1 CRITICAL ? odoo.modules.module: Couldn't load module boat_base 
2025-11-02 13:48:07,609 1 WARNING ? odoo.modules.loading: Transient module states were reset 
2025-11-02 13:48:07,609 1 ERROR ? odoo.modules.registry: Failed to load registry 
Traceback (most recent call last):
  File "/usr/lib/python3/dist-packages/odoo/modules/registry.py", line 87, in __new__
    return cls.registries[db_name]
  File "<decorator-gen-5>", line 2, in __getitem__
  File "/usr/lib/python3/dist-packages/odoo/tools/func.py", line 87, in locked
    return func(inst, *args, **kwargs)
  File "/usr/lib/python3/dist-packages/odoo/tools/lru.py", line 34, in __getitem__
    a = self.d[obj]
KeyError: 'odoo-boats-db'

During handling of the above exception, another exception occurred:

Traceback (most recent call last):
  File "/usr/lib/python3/dist-packages/odoo/modules/registry.py", line 110, in new
    odoo.modules.load_modules(registry, force_demo, status, update_module)
  File "/usr/lib/python3/dist-packages/odoo/modules/loading.py", line 481, in load_modules
    processed_modules += load_marked_modules(env, graph,
  File "/usr/lib/python3/dist-packages/odoo/modules/loading.py", line 366, in load_marked_modules
    loaded, processed = load_module_graph(
  File "/usr/lib/python3/dist-packages/odoo/modules/loading.py", line 187, in load_module_graph
    load_openerp_module(package.name)
  File "/usr/lib/python3/dist-packages/odoo/modules/module.py", line 395, in load_openerp_module
    __import__(qualname)
  File "/mnt/extra-addons/custom/boat_base/__init__.py", line 2, in <module>
    from . import controllers
  File "/mnt/extra-addons/custom/boat_base/controllers/__init__.py", line 1, in <module>
    from . import portal
  File "/mnt/extra-addons/custom/boat_base/controllers/portal.py", line 162
    return request.redirect(f'/my/boats/{boat_id}')
    ^^^^^^^^^^^^^^^^^^^^^^^^^^^^^^^^^^^^^^^^^^^^^^^
SyntaxError: 'return' outside function
2025-11-02 13:48:07,609 1 ERROR ? odoo.http: Exception during request handling. 
Traceback (most recent call last):
  File "/usr/lib/python3/dist-packages/odoo/modules/registry.py", line 87, in __new__
    return cls.registries[db_name]
  File "<decorator-gen-5>", line 2, in __getitem__
  File "/usr/lib/python3/dist-packages/odoo/tools/func.py", line 87, in locked
    return func(inst, *args, **kwargs)
  File "/usr/lib/python3/dist-packages/odoo/tools/lru.py", line 34, in __getitem__
    a = self.d[obj]
KeyError: 'odoo-boats-db'

During handling of the above exception, another exception occurred:

Traceback (most recent call last):
  File "/usr/lib/python3/dist-packages/odoo/http.py", line 2396, in __call__
    response = request._serve_db()
  File "/usr/lib/python3/dist-packages/odoo/http.py", line 1949, in _serve_db
    self.registry = Registry(self.db).check_signaling()
  File "/usr/lib/python3/dist-packages/odoo/modules/registry.py", line 89, in __new__
    return cls.new(db_name)
  File "<decorator-gen-16>", line 2, in new
  File "/usr/lib/python3/dist-packages/odoo/tools/func.py", line 87, in locked
    return func(inst, *args, **kwargs)
  File "/usr/lib/python3/dist-packages/odoo/modules/registry.py", line 110, in new
    odoo.modules.load_modules(registry, force_demo, status, update_module)
  File "/usr/lib/python3/dist-packages/odoo/modules/loading.py", line 481, in load_modules
    processed_modules += load_marked_modules(env, graph,
  File "/usr/lib/python3/dist-packages/odoo/modules/loading.py", line 366, in load_marked_modules
    loaded, processed = load_module_graph(
  File "/usr/lib/python3/dist-packages/odoo/modules/loading.py", line 187, in load_module_graph
    load_openerp_module(package.name)
  File "/usr/lib/python3/dist-packages/odoo/modules/module.py", line 395, in load_openerp_module
    __import__(qualname)
  File "/mnt/extra-addons/custom/boat_base/__init__.py", line 2, in <module>
    from . import controllers
  File "/mnt/extra-addons/custom/boat_base/controllers/__init__.py", line 1, in <module>
    from . import portal
  File "/mnt/extra-addons/custom/boat_base/controllers/portal.py", line 162
    return request.redirect(f'/my/boats/{boat_id}')
    ^^^^^^^^^^^^^^^^^^^^^^^^^^^^^^^^^^^^^^^^^^^^^^^
SyntaxError: 'return' outside function
2025-11-02 13:48:07,610 1 INFO ? werkzeug: 172.19.0.1 - - [02/Nov/2025 13:48:07] "GET /favicon.ico HTTP/1.1" 500 - 12 0.005 0.036
2025-11-02 13:48:10,691 1 INFO ? odoo.modules.loading: loading 1 modules... 
2025-11-02 13:48:10,694 1 INFO ? odoo.modules.loading: 1 modules loaded in 0.00s, 0 queries (+0 extra) 
2025-11-02 13:48:10,700 1 INFO ? odoo.modules.loading: loading 62 modules... 
2025-11-02 13:48:10,727 1 CRITICAL ? odoo.modules.module: Couldn't load module boat_base 
2025-11-02 13:48:10,729 1 WARNING ? odoo.modules.loading: Transient module states were reset 
2025-11-02 13:48:10,730 1 ERROR ? odoo.modules.registry: Failed to load registry 
Traceback (most recent call last):
  File "/usr/lib/python3/dist-packages/odoo/modules/registry.py", line 87, in __new__
    return cls.registries[db_name]
  File "<decorator-gen-5>", line 2, in __getitem__
  File "/usr/lib/python3/dist-packages/odoo/tools/func.py", line 87, in locked
    return func(inst, *args, **kwargs)
  File "/usr/lib/python3/dist-packages/odoo/tools/lru.py", line 34, in __getitem__
    a = self.d[obj]
KeyError: 'odoo-boats-db'

During handling of the above exception, another exception occurred:

Traceback (most recent call last):
  File "/usr/lib/python3/dist-packages/odoo/modules/registry.py", line 110, in new
    odoo.modules.load_modules(registry, force_demo, status, update_module)
  File "/usr/lib/python3/dist-packages/odoo/modules/loading.py", line 481, in load_modules
    processed_modules += load_marked_modules(env, graph,
  File "/usr/lib/python3/dist-packages/odoo/modules/loading.py", line 366, in load_marked_modules
    loaded, processed = load_module_graph(
  File "/usr/lib/python3/dist-packages/odoo/modules/loading.py", line 187, in load_module_graph
    load_openerp_module(package.name)
  File "/usr/lib/python3/dist-packages/odoo/modules/module.py", line 395, in load_openerp_module
    __import__(qualname)
  File "/mnt/extra-addons/custom/boat_base/__init__.py", line 2, in <module>
    from . import controllers
  File "/mnt/extra-addons/custom/boat_base/controllers/__init__.py", line 1, in <module>
    from . import portal
  File "/mnt/extra-addons/custom/boat_base/controllers/portal.py", line 162
    return request.redirect(f'/my/boats/{boat_id}')
    ^^^^^^^^^^^^^^^^^^^^^^^^^^^^^^^^^^^^^^^^^^^^^^^
SyntaxError: 'return' outside function
2025-11-02 13:48:10,730 1 ERROR ? odoo.http: Exception during request handling. 
Traceback (most recent call last):
  File "/usr/lib/python3/dist-packages/odoo/modules/registry.py", line 87, in __new__
    return cls.registries[db_name]
  File "<decorator-gen-5>", line 2, in __getitem__
  File "/usr/lib/python3/dist-packages/odoo/tools/func.py", line 87, in locked
    return func(inst, *args, **kwargs)
  File "/usr/lib/python3/dist-packages/odoo/tools/lru.py", line 34, in __getitem__
    a = self.d[obj]
KeyError: 'odoo-boats-db'

During handling of the above exception, another exception occurred:

Traceback (most recent call last):
  File "/usr/lib/python3/dist-packages/odoo/http.py", line 2396, in __call__
    response = request._serve_db()
  File "/usr/lib/python3/dist-packages/odoo/http.py", line 1949, in _serve_db
    self.registry = Registry(self.db).check_signaling()
  File "/usr/lib/python3/dist-packages/odoo/modules/registry.py", line 89, in __new__
    return cls.new(db_name)
  File "<decorator-gen-16>", line 2, in new
  File "/usr/lib/python3/dist-packages/odoo/tools/func.py", line 87, in locked
    return func(inst, *args, **kwargs)
  File "/usr/lib/python3/dist-packages/odoo/modules/registry.py", line 110, in new
    odoo.modules.load_modules(registry, force_demo, status, update_module)
  File "/usr/lib/python3/dist-packages/odoo/modules/loading.py", line 481, in load_modules
    processed_modules += load_marked_modules(env, graph,
  File "/usr/lib/python3/dist-packages/odoo/modules/loading.py", line 366, in load_marked_modules
    loaded, processed = load_module_graph(
  File "/usr/lib/python3/dist-packages/odoo/modules/loading.py", line 187, in load_module_graph
    load_openerp_module(package.name)
  File "/usr/lib/python3/dist-packages/odoo/modules/module.py", line 395, in load_openerp_module
    __import__(qualname)
  File "/mnt/extra-addons/custom/boat_base/__init__.py", line 2, in <module>
    from . import controllers
  File "/mnt/extra-addons/custom/boat_base/controllers/__init__.py", line 1, in <module>
    from . import portal
  File "/mnt/extra-addons/custom/boat_base/controllers/portal.py", line 162
    return request.redirect(f'/my/boats/{boat_id}')
    ^^^^^^^^^^^^^^^^^^^^^^^^^^^^^^^^^^^^^^^^^^^^^^^
SyntaxError: 'return' outside function
2025-11-02 13:48:10,730 1 INFO ? werkzeug: 127.0.0.1 - - [02/Nov/2025 13:48:10] "GET /web HTTP/1.1" 500 - 12 0.005 0.039
2025-11-02 13:48:18,516 1 INFO ? odoo.modules.loading: loading 1 modules... 
2025-11-02 13:48:18,520 1 INFO ? odoo.modules.loading: 1 modules loaded in 0.00s, 0 queries (+0 extra) 
2025-11-02 13:48:18,526 1 INFO ? odoo.modules.loading: loading 62 modules... 
2025-11-02 13:48:18,592 1 CRITICAL ? odoo.modules.module: Couldn't load module boat_base 
2025-11-02 13:48:18,595 1 WARNING ? odoo.modules.loading: Transient module states were reset 
2025-11-02 13:48:18,596 1 ERROR ? odoo.modules.registry: Failed to load registry 
Traceback (most recent call last):
  File "/usr/lib/python3/dist-packages/odoo/modules/registry.py", line 87, in __new__
    return cls.registries[db_name]
  File "<decorator-gen-5>", line 2, in __getitem__
  File "/usr/lib/python3/dist-packages/odoo/tools/func.py", line 87, in locked
    return func(inst, *args, **kwargs)
  File "/usr/lib/python3/dist-packages/odoo/tools/lru.py", line 34, in __getitem__
    a = self.d[obj]
KeyError: 'odoo-boats-db'

During handling of the above exception, another exception occurred:

Traceback (most recent call last):
  File "/usr/lib/python3/dist-packages/odoo/modules/registry.py", line 110, in new
    odoo.modules.load_modules(registry, force_demo, status, update_module)
  File "/usr/lib/python3/dist-packages/odoo/modules/loading.py", line 481, in load_modules
    processed_modules += load_marked_modules(env, graph,
  File "/usr/lib/python3/dist-packages/odoo/modules/loading.py", line 366, in load_marked_modules
    loaded, processed = load_module_graph(
  File "/usr/lib/python3/dist-packages/odoo/modules/loading.py", line 187, in load_module_graph
    load_openerp_module(package.name)
  File "/usr/lib/python3/dist-packages/odoo/modules/module.py", line 395, in load_openerp_module
    __import__(qualname)
  File "/mnt/extra-addons/custom/boat_base/__init__.py", line 2, in <module>
    from . import controllers
  File "/mnt/extra-addons/custom/boat_base/controllers/__init__.py", line 1, in <module>
    from . import portal
  File "/mnt/extra-addons/custom/boat_base/controllers/portal.py", line 162
    return request.redirect(f'/my/boats/{boat_id}')
    ^^^^^^^^^^^^^^^^^^^^^^^^^^^^^^^^^^^^^^^^^^^^^^^
SyntaxError: 'return' outside function
2025-11-02 13:48:18,596 1 ERROR ? odoo.http: Exception during request handling. 
Traceback (most recent call last):
  File "/usr/lib/python3/dist-packages/odoo/modules/registry.py", line 87, in __new__
    return cls.registries[db_name]
  File "<decorator-gen-5>", line 2, in __getitem__
  File "/usr/lib/python3/dist-packages/odoo/tools/func.py", line 87, in locked
    return func(inst, *args, **kwargs)
  File "/usr/lib/python3/dist-packages/odoo/tools/lru.py", line 34, in __getitem__
    a = self.d[obj]
KeyError: 'odoo-boats-db'

During handling of the above exception, another exception occurred:

Traceback (most recent call last):
  File "/usr/lib/python3/dist-packages/odoo/http.py", line 2396, in __call__
    response = request._serve_db()
  File "/usr/lib/python3/dist-packages/odoo/http.py", line 1949, in _serve_db
    self.registry = Registry(self.db).check_signaling()
  File "/usr/lib/python3/dist-packages/odoo/modules/registry.py", line 89, in __new__
    return cls.new(db_name)
  File "<decorator-gen-16>", line 2, in new
  File "/usr/lib/python3/dist-packages/odoo/tools/func.py", line 87, in locked
    return func(inst, *args, **kwargs)
  File "/usr/lib/python3/dist-packages/odoo/modules/registry.py", line 110, in new
    odoo.modules.load_modules(registry, force_demo, status, update_module)
  File "/usr/lib/python3/dist-packages/odoo/modules/loading.py", line 481, in load_modules
    processed_modules += load_marked_modules(env, graph,
  File "/usr/lib/python3/dist-packages/odoo/modules/loading.py", line 366, in load_marked_modules
    loaded, processed = load_module_graph(
  File "/usr/lib/python3/dist-packages/odoo/modules/loading.py", line 187, in load_module_graph
    load_openerp_module(package.name)
  File "/usr/lib/python3/dist-packages/odoo/modules/module.py", line 395, in load_openerp_module
    __import__(qualname)
  File "/mnt/extra-addons/custom/boat_base/__init__.py", line 2, in <module>
    from . import controllers
  File "/mnt/extra-addons/custom/boat_base/controllers/__init__.py", line 1, in <module>
    from . import portal
  File "/mnt/extra-addons/custom/boat_base/controllers/portal.py", line 162
    return request.redirect(f'/my/boats/{boat_id}')
    ^^^^^^^^^^^^^^^^^^^^^^^^^^^^^^^^^^^^^^^^^^^^^^^
SyntaxError: 'return' outside function
2025-11-02 13:48:18,597 1 INFO ? werkzeug: 172.19.0.1 - - [02/Nov/2025 13:48:18] "GET / HTTP/1.1" 500 - 12 0.008 0.081
2025-11-02 13:48:18,621 1 INFO ? odoo.modules.loading: loading 1 modules... 
2025-11-02 13:48:18,625 1 INFO ? odoo.modules.loading: 1 modules loaded in 0.00s, 0 queries (+0 extra) 
2025-11-02 13:48:18,630 1 INFO ? odoo.modules.loading: loading 62 modules... 
2025-11-02 13:48:18,654 1 CRITICAL ? odoo.modules.module: Couldn't load module boat_base 
2025-11-02 13:48:18,658 1 WARNING ? odoo.modules.loading: Transient module states were reset 
2025-11-02 13:48:18,658 1 ERROR ? odoo.modules.registry: Failed to load registry 
Traceback (most recent call last):
  File "/usr/lib/python3/dist-packages/odoo/modules/registry.py", line 87, in __new__
    return cls.registries[db_name]
  File "<decorator-gen-5>", line 2, in __getitem__
  File "/usr/lib/python3/dist-packages/odoo/tools/func.py", line 87, in locked
    return func(inst, *args, **kwargs)
  File "/usr/lib/python3/dist-packages/odoo/tools/lru.py", line 34, in __getitem__
    a = self.d[obj]
KeyError: 'odoo-boats-db'

During handling of the above exception, another exception occurred:

Traceback (most recent call last):
  File "/usr/lib/python3/dist-packages/odoo/modules/registry.py", line 110, in new
    odoo.modules.load_modules(registry, force_demo, status, update_module)
  File "/usr/lib/python3/dist-packages/odoo/modules/loading.py", line 481, in load_modules
    processed_modules += load_marked_modules(env, graph,
  File "/usr/lib/python3/dist-packages/odoo/modules/loading.py", line 366, in load_marked_modules
    loaded, processed = load_module_graph(
  File "/usr/lib/python3/dist-packages/odoo/modules/loading.py", line 187, in load_module_graph
    load_openerp_module(package.name)
  File "/usr/lib/python3/dist-packages/odoo/modules/module.py", line 395, in load_openerp_module
    __import__(qualname)
  File "/mnt/extra-addons/custom/boat_base/__init__.py", line 2, in <module>
    from . import controllers
  File "/mnt/extra-addons/custom/boat_base/controllers/__init__.py", line 1, in <module>
    from . import portal
  File "/mnt/extra-addons/custom/boat_base/controllers/portal.py", line 162
    return request.redirect(f'/my/boats/{boat_id}')
    ^^^^^^^^^^^^^^^^^^^^^^^^^^^^^^^^^^^^^^^^^^^^^^^
SyntaxError: 'return' outside function
2025-11-02 13:48:18,658 1 ERROR ? odoo.http: Exception during request handling. 
Traceback (most recent call last):
  File "/usr/lib/python3/dist-packages/odoo/modules/registry.py", line 87, in __new__
    return cls.registries[db_name]
  File "<decorator-gen-5>", line 2, in __getitem__
  File "/usr/lib/python3/dist-packages/odoo/tools/func.py", line 87, in locked
    return func(inst, *args, **kwargs)
  File "/usr/lib/python3/dist-packages/odoo/tools/lru.py", line 34, in __getitem__
    a = self.d[obj]
KeyError: 'odoo-boats-db'

During handling of the above exception, another exception occurred:

Traceback (most recent call last):
  File "/usr/lib/python3/dist-packages/odoo/http.py", line 2396, in __call__
    response = request._serve_db()
  File "/usr/lib/python3/dist-packages/odoo/http.py", line 1949, in _serve_db
    self.registry = Registry(self.db).check_signaling()
  File "/usr/lib/python3/dist-packages/odoo/modules/registry.py", line 89, in __new__
    return cls.new(db_name)
  File "<decorator-gen-16>", line 2, in new
  File "/usr/lib/python3/dist-packages/odoo/tools/func.py", line 87, in locked
    return func(inst, *args, **kwargs)
  File "/usr/lib/python3/dist-packages/odoo/modules/registry.py", line 110, in new
    odoo.modules.load_modules(registry, force_demo, status, update_module)
  File "/usr/lib/python3/dist-packages/odoo/modules/loading.py", line 481, in load_modules
    processed_modules += load_marked_modules(env, graph,
  File "/usr/lib/python3/dist-packages/odoo/modules/loading.py", line 366, in load_marked_modules
    loaded, processed = load_module_graph(
  File "/usr/lib/python3/dist-packages/odoo/modules/loading.py", line 187, in load_module_graph
    load_openerp_module(package.name)
  File "/usr/lib/python3/dist-packages/odoo/modules/module.py", line 395, in load_openerp_module
    __import__(qualname)
  File "/mnt/extra-addons/custom/boat_base/__init__.py", line 2, in <module>
    from . import controllers
  File "/mnt/extra-addons/custom/boat_base/controllers/__init__.py", line 1, in <module>
    from . import portal
  File "/mnt/extra-addons/custom/boat_base/controllers/portal.py", line 162
    return request.redirect(f'/my/boats/{boat_id}')
    ^^^^^^^^^^^^^^^^^^^^^^^^^^^^^^^^^^^^^^^^^^^^^^^
SyntaxError: 'return' outside function
2025-11-02 13:48:18,659 1 INFO ? werkzeug: 172.19.0.1 - - [02/Nov/2025 13:48:18] "GET /favicon.ico HTTP/1.1" 500 - 12 0.006 0.035
2025-11-02 13:48:19,394 1 INFO ? odoo.modules.loading: loading 1 modules... 
2025-11-02 13:48:19,398 1 INFO ? odoo.modules.loading: 1 modules loaded in 0.00s, 0 queries (+0 extra) 
2025-11-02 13:48:19,402 1 INFO ? odoo.modules.loading: loading 62 modules... 
2025-11-02 13:48:19,429 1 CRITICAL ? odoo.modules.module: Couldn't load module boat_base 
2025-11-02 13:48:19,432 1 WARNING ? odoo.modules.loading: Transient module states were reset 
2025-11-02 13:48:19,432 1 ERROR ? odoo.modules.registry: Failed to load registry 
Traceback (most recent call last):
  File "/usr/lib/python3/dist-packages/odoo/modules/registry.py", line 87, in __new__
    return cls.registries[db_name]
  File "<decorator-gen-5>", line 2, in __getitem__
  File "/usr/lib/python3/dist-packages/odoo/tools/func.py", line 87, in locked
    return func(inst, *args, **kwargs)
  File "/usr/lib/python3/dist-packages/odoo/tools/lru.py", line 34, in __getitem__
    a = self.d[obj]
KeyError: 'odoo-boats-db'

During handling of the above exception, another exception occurred:

Traceback (most recent call last):
  File "/usr/lib/python3/dist-packages/odoo/modules/registry.py", line 110, in new
    odoo.modules.load_modules(registry, force_demo, status, update_module)
  File "/usr/lib/python3/dist-packages/odoo/modules/loading.py", line 481, in load_modules
    processed_modules += load_marked_modules(env, graph,
  File "/usr/lib/python3/dist-packages/odoo/modules/loading.py", line 366, in load_marked_modules
    loaded, processed = load_module_graph(
  File "/usr/lib/python3/dist-packages/odoo/modules/loading.py", line 187, in load_module_graph
    load_openerp_module(package.name)
  File "/usr/lib/python3/dist-packages/odoo/modules/module.py", line 395, in load_openerp_module
    __import__(qualname)
  File "/mnt/extra-addons/custom/boat_base/__init__.py", line 2, in <module>
    from . import controllers
  File "/mnt/extra-addons/custom/boat_base/controllers/__init__.py", line 1, in <module>
    from . import portal
  File "/mnt/extra-addons/custom/boat_base/controllers/portal.py", line 162
    return request.redirect(f'/my/boats/{boat_id}')
    ^^^^^^^^^^^^^^^^^^^^^^^^^^^^^^^^^^^^^^^^^^^^^^^
SyntaxError: 'return' outside function
2025-11-02 13:48:19,432 1 ERROR ? odoo.http: Exception during request handling. 
Traceback (most recent call last):
  File "/usr/lib/python3/dist-packages/odoo/modules/registry.py", line 87, in __new__
    return cls.registries[db_name]
  File "<decorator-gen-5>", line 2, in __getitem__
  File "/usr/lib/python3/dist-packages/odoo/tools/func.py", line 87, in locked
    return func(inst, *args, **kwargs)
  File "/usr/lib/python3/dist-packages/odoo/tools/lru.py", line 34, in __getitem__
    a = self.d[obj]
KeyError: 'odoo-boats-db'

During handling of the above exception, another exception occurred:

Traceback (most recent call last):
  File "/usr/lib/python3/dist-packages/odoo/http.py", line 2396, in __call__
    response = request._serve_db()
  File "/usr/lib/python3/dist-packages/odoo/http.py", line 1949, in _serve_db
    self.registry = Registry(self.db).check_signaling()
  File "/usr/lib/python3/dist-packages/odoo/modules/registry.py", line 89, in __new__
    return cls.new(db_name)
  File "<decorator-gen-16>", line 2, in new
  File "/usr/lib/python3/dist-packages/odoo/tools/func.py", line 87, in locked
    return func(inst, *args, **kwargs)
  File "/usr/lib/python3/dist-packages/odoo/modules/registry.py", line 110, in new
    odoo.modules.load_modules(registry, force_demo, status, update_module)
  File "/usr/lib/python3/dist-packages/odoo/modules/loading.py", line 481, in load_modules
    processed_modules += load_marked_modules(env, graph,
  File "/usr/lib/python3/dist-packages/odoo/modules/loading.py", line 366, in load_marked_modules
    loaded, processed = load_module_graph(
  File "/usr/lib/python3/dist-packages/odoo/modules/loading.py", line 187, in load_module_graph
    load_openerp_module(package.name)
  File "/usr/lib/python3/dist-packages/odoo/modules/module.py", line 395, in load_openerp_module
    __import__(qualname)
  File "/mnt/extra-addons/custom/boat_base/__init__.py", line 2, in <module>
    from . import controllers
  File "/mnt/extra-addons/custom/boat_base/controllers/__init__.py", line 1, in <module>
    from . import portal
  File "/mnt/extra-addons/custom/boat_base/controllers/portal.py", line 162
    return request.redirect(f'/my/boats/{boat_id}')
    ^^^^^^^^^^^^^^^^^^^^^^^^^^^^^^^^^^^^^^^^^^^^^^^
SyntaxError: 'return' outside function
2025-11-02 13:48:19,433 1 INFO ? werkzeug: 172.19.0.1 - - [02/Nov/2025 13:48:19] "GET / HTTP/1.1" 500 - 12 0.008 0.041
2025-11-02 13:48:19,461 1 INFO ? odoo.modules.loading: loading 1 modules... 
2025-11-02 13:48:19,464 1 INFO ? odoo.modules.loading: 1 modules loaded in 0.00s, 0 queries (+0 extra) 
2025-11-02 13:48:19,468 1 INFO ? odoo.modules.loading: loading 62 modules... 
2025-11-02 13:48:19,499 1 CRITICAL ? odoo.modules.module: Couldn't load module boat_base 
2025-11-02 13:48:19,501 1 WARNING ? odoo.modules.loading: Transient module states were reset 
2025-11-02 13:48:19,502 1 ERROR ? odoo.modules.registry: Failed to load registry 
Traceback (most recent call last):
  File "/usr/lib/python3/dist-packages/odoo/modules/registry.py", line 87, in __new__
    return cls.registries[db_name]
  File "<decorator-gen-5>", line 2, in __getitem__
  File "/usr/lib/python3/dist-packages/odoo/tools/func.py", line 87, in locked
    return func(inst, *args, **kwargs)
  File "/usr/lib/python3/dist-packages/odoo/tools/lru.py", line 34, in __getitem__
    a = self.d[obj]
KeyError: 'odoo-boats-db'

During handling of the above exception, another exception occurred:

Traceback (most recent call last):
  File "/usr/lib/python3/dist-packages/odoo/modules/registry.py", line 110, in new
    odoo.modules.load_modules(registry, force_demo, status, update_module)
  File "/usr/lib/python3/dist-packages/odoo/modules/loading.py", line 481, in load_modules
    processed_modules += load_marked_modules(env, graph,
  File "/usr/lib/python3/dist-packages/odoo/modules/loading.py", line 366, in load_marked_modules
    loaded, processed = load_module_graph(
  File "/usr/lib/python3/dist-packages/odoo/modules/loading.py", line 187, in load_module_graph
    load_openerp_module(package.name)
  File "/usr/lib/python3/dist-packages/odoo/modules/module.py", line 395, in load_openerp_module
    __import__(qualname)
  File "/mnt/extra-addons/custom/boat_base/__init__.py", line 2, in <module>
    from . import controllers
  File "/mnt/extra-addons/custom/boat_base/controllers/__init__.py", line 1, in <module>
    from . import portal
  File "/mnt/extra-addons/custom/boat_base/controllers/portal.py", line 162
    return request.redirect(f'/my/boats/{boat_id}')
    ^^^^^^^^^^^^^^^^^^^^^^^^^^^^^^^^^^^^^^^^^^^^^^^
SyntaxError: 'return' outside function
2025-11-02 13:48:19,502 1 ERROR ? odoo.http: Exception during request handling. 
Traceback (most recent call last):
  File "/usr/lib/python3/dist-packages/odoo/modules/registry.py", line 87, in __new__
    return cls.registries[db_name]
  File "<decorator-gen-5>", line 2, in __getitem__
  File "/usr/lib/python3/dist-packages/odoo/tools/func.py", line 87, in locked
    return func(inst, *args, **kwargs)
  File "/usr/lib/python3/dist-packages/odoo/tools/lru.py", line 34, in __getitem__
    a = self.d[obj]
KeyError: 'odoo-boats-db'

During handling of the above exception, another exception occurred:

Traceback (most recent call last):
  File "/usr/lib/python3/dist-packages/odoo/http.py", line 2396, in __call__
    response = request._serve_db()
  File "/usr/lib/python3/dist-packages/odoo/http.py", line 1949, in _serve_db
    self.registry = Registry(self.db).check_signaling()
  File "/usr/lib/python3/dist-packages/odoo/modules/registry.py", line 89, in __new__
    return cls.new(db_name)
  File "<decorator-gen-16>", line 2, in new
  File "/usr/lib/python3/dist-packages/odoo/tools/func.py", line 87, in locked
    return func(inst, *args, **kwargs)
  File "/usr/lib/python3/dist-packages/odoo/modules/registry.py", line 110, in new
    odoo.modules.load_modules(registry, force_demo, status, update_module)
  File "/usr/lib/python3/dist-packages/odoo/modules/loading.py", line 481, in load_modules
    processed_modules += load_marked_modules(env, graph,
  File "/usr/lib/python3/dist-packages/odoo/modules/loading.py", line 366, in load_marked_modules
    loaded, processed = load_module_graph(
  File "/usr/lib/python3/dist-packages/odoo/modules/loading.py", line 187, in load_module_graph
    load_openerp_module(package.name)
  File "/usr/lib/python3/dist-packages/odoo/modules/module.py", line 395, in load_openerp_module
    __import__(qualname)
  File "/mnt/extra-addons/custom/boat_base/__init__.py", line 2, in <module>
    from . import controllers
  File "/mnt/extra-addons/custom/boat_base/controllers/__init__.py", line 1, in <module>
    from . import portal
  File "/mnt/extra-addons/custom/boat_base/controllers/portal.py", line 162
    return request.redirect(f'/my/boats/{boat_id}')
    ^^^^^^^^^^^^^^^^^^^^^^^^^^^^^^^^^^^^^^^^^^^^^^^
SyntaxError: 'return' outside function
2025-11-02 13:48:19,503 1 INFO ? werkzeug: 172.19.0.1 - - [02/Nov/2025 13:48:19] "GET /favicon.ico HTTP/1.1" 500 - 12 0.006 0.042
2025-11-02 13:48:20,797 1 INFO ? odoo.modules.loading: loading 1 modules... 
2025-11-02 13:48:20,801 1 INFO ? odoo.modules.loading: 1 modules loaded in 0.00s, 0 queries (+0 extra) 
2025-11-02 13:48:20,805 1 INFO ? odoo.modules.loading: loading 62 modules... 
2025-11-02 13:48:20,831 1 CRITICAL ? odoo.modules.module: Couldn't load module boat_base 
2025-11-02 13:48:20,833 1 WARNING ? odoo.modules.loading: Transient module states were reset 
2025-11-02 13:48:20,834 1 ERROR ? odoo.modules.registry: Failed to load registry 
Traceback (most recent call last):
  File "/usr/lib/python3/dist-packages/odoo/modules/registry.py", line 87, in __new__
    return cls.registries[db_name]
  File "<decorator-gen-5>", line 2, in __getitem__
  File "/usr/lib/python3/dist-packages/odoo/tools/func.py", line 87, in locked
    return func(inst, *args, **kwargs)
  File "/usr/lib/python3/dist-packages/odoo/tools/lru.py", line 34, in __getitem__
    a = self.d[obj]
KeyError: 'odoo-boats-db'

During handling of the above exception, another exception occurred:

Traceback (most recent call last):
  File "/usr/lib/python3/dist-packages/odoo/modules/registry.py", line 110, in new
    odoo.modules.load_modules(registry, force_demo, status, update_module)
  File "/usr/lib/python3/dist-packages/odoo/modules/loading.py", line 481, in load_modules
    processed_modules += load_marked_modules(env, graph,
  File "/usr/lib/python3/dist-packages/odoo/modules/loading.py", line 366, in load_marked_modules
    loaded, processed = load_module_graph(
  File "/usr/lib/python3/dist-packages/odoo/modules/loading.py", line 187, in load_module_graph
    load_openerp_module(package.name)
  File "/usr/lib/python3/dist-packages/odoo/modules/module.py", line 395, in load_openerp_module
    __import__(qualname)
  File "/mnt/extra-addons/custom/boat_base/__init__.py", line 2, in <module>
    from . import controllers
  File "/mnt/extra-addons/custom/boat_base/controllers/__init__.py", line 1, in <module>
    from . import portal
  File "/mnt/extra-addons/custom/boat_base/controllers/portal.py", line 162
    return request.redirect(f'/my/boats/{boat_id}')
    ^^^^^^^^^^^^^^^^^^^^^^^^^^^^^^^^^^^^^^^^^^^^^^^
SyntaxError: 'return' outside function
2025-11-02 13:48:20,834 1 ERROR ? odoo.http: Exception during request handling. 
Traceback (most recent call last):
  File "/usr/lib/python3/dist-packages/odoo/modules/registry.py", line 87, in __new__
    return cls.registries[db_name]
  File "<decorator-gen-5>", line 2, in __getitem__
  File "/usr/lib/python3/dist-packages/odoo/tools/func.py", line 87, in locked
    return func(inst, *args, **kwargs)
  File "/usr/lib/python3/dist-packages/odoo/tools/lru.py", line 34, in __getitem__
    a = self.d[obj]
KeyError: 'odoo-boats-db'

During handling of the above exception, another exception occurred:

Traceback (most recent call last):
  File "/usr/lib/python3/dist-packages/odoo/http.py", line 2396, in __call__
    response = request._serve_db()
  File "/usr/lib/python3/dist-packages/odoo/http.py", line 1949, in _serve_db
    self.registry = Registry(self.db).check_signaling()
  File "/usr/lib/python3/dist-packages/odoo/modules/registry.py", line 89, in __new__
    return cls.new(db_name)
  File "<decorator-gen-16>", line 2, in new
  File "/usr/lib/python3/dist-packages/odoo/tools/func.py", line 87, in locked
    return func(inst, *args, **kwargs)
  File "/usr/lib/python3/dist-packages/odoo/modules/registry.py", line 110, in new
    odoo.modules.load_modules(registry, force_demo, status, update_module)
  File "/usr/lib/python3/dist-packages/odoo/modules/loading.py", line 481, in load_modules
    processed_modules += load_marked_modules(env, graph,
  File "/usr/lib/python3/dist-packages/odoo/modules/loading.py", line 366, in load_marked_modules
    loaded, processed = load_module_graph(
  File "/usr/lib/python3/dist-packages/odoo/modules/loading.py", line 187, in load_module_graph
    load_openerp_module(package.name)
  File "/usr/lib/python3/dist-packages/odoo/modules/module.py", line 395, in load_openerp_module
    __import__(qualname)
  File "/mnt/extra-addons/custom/boat_base/__init__.py", line 2, in <module>
    from . import controllers
  File "/mnt/extra-addons/custom/boat_base/controllers/__init__.py", line 1, in <module>
    from . import portal
  File "/mnt/extra-addons/custom/boat_base/controllers/portal.py", line 162
    return request.redirect(f'/my/boats/{boat_id}')
    ^^^^^^^^^^^^^^^^^^^^^^^^^^^^^^^^^^^^^^^^^^^^^^^
SyntaxError: 'return' outside function
2025-11-02 13:48:20,834 1 INFO ? werkzeug: 127.0.0.1 - - [02/Nov/2025 13:48:20] "GET /web HTTP/1.1" 500 - 12 0.005 0.036
2025-11-02 13:48:30,918 1 INFO ? odoo.modules.loading: loading 1 modules... 
2025-11-02 13:48:30,922 1 INFO ? odoo.modules.loading: 1 modules loaded in 0.00s, 0 queries (+0 extra) 
2025-11-02 13:48:30,928 1 INFO ? odoo.modules.loading: loading 62 modules... 
2025-11-02 13:48:30,954 1 CRITICAL ? odoo.modules.module: Couldn't load module boat_base 
2025-11-02 13:48:30,958 1 WARNING ? odoo.modules.loading: Transient module states were reset 
2025-11-02 13:48:30,958 1 ERROR ? odoo.modules.registry: Failed to load registry 
Traceback (most recent call last):
  File "/usr/lib/python3/dist-packages/odoo/modules/registry.py", line 87, in __new__
    return cls.registries[db_name]
  File "<decorator-gen-5>", line 2, in __getitem__
  File "/usr/lib/python3/dist-packages/odoo/tools/func.py", line 87, in locked
    return func(inst, *args, **kwargs)
  File "/usr/lib/python3/dist-packages/odoo/tools/lru.py", line 34, in __getitem__
    a = self.d[obj]
KeyError: 'odoo-boats-db'

During handling of the above exception, another exception occurred:

Traceback (most recent call last):
  File "/usr/lib/python3/dist-packages/odoo/modules/registry.py", line 110, in new
    odoo.modules.load_modules(registry, force_demo, status, update_module)
  File "/usr/lib/python3/dist-packages/odoo/modules/loading.py", line 481, in load_modules
    processed_modules += load_marked_modules(env, graph,
  File "/usr/lib/python3/dist-packages/odoo/modules/loading.py", line 366, in load_marked_modules
    loaded, processed = load_module_graph(
  File "/usr/lib/python3/dist-packages/odoo/modules/loading.py", line 187, in load_module_graph
    load_openerp_module(package.name)
  File "/usr/lib/python3/dist-packages/odoo/modules/module.py", line 395, in load_openerp_module
    __import__(qualname)
  File "/mnt/extra-addons/custom/boat_base/__init__.py", line 2, in <module>
    from . import controllers
  File "/mnt/extra-addons/custom/boat_base/controllers/__init__.py", line 1, in <module>
    from . import portal
  File "/mnt/extra-addons/custom/boat_base/controllers/portal.py", line 162
    return request.redirect(f'/my/boats/{boat_id}')
    ^^^^^^^^^^^^^^^^^^^^^^^^^^^^^^^^^^^^^^^^^^^^^^^
SyntaxError: 'return' outside function
2025-11-02 13:48:30,959 1 ERROR ? odoo.http: Exception during request handling. 
Traceback (most recent call last):
  File "/usr/lib/python3/dist-packages/odoo/modules/registry.py", line 87, in __new__
    return cls.registries[db_name]
  File "<decorator-gen-5>", line 2, in __getitem__
  File "/usr/lib/python3/dist-packages/odoo/tools/func.py", line 87, in locked
    return func(inst, *args, **kwargs)
  File "/usr/lib/python3/dist-packages/odoo/tools/lru.py", line 34, in __getitem__
    a = self.d[obj]
KeyError: 'odoo-boats-db'

During handling of the above exception, another exception occurred:

Traceback (most recent call last):
  File "/usr/lib/python3/dist-packages/odoo/http.py", line 2396, in __call__
    response = request._serve_db()
  File "/usr/lib/python3/dist-packages/odoo/http.py", line 1949, in _serve_db
    self.registry = Registry(self.db).check_signaling()
  File "/usr/lib/python3/dist-packages/odoo/modules/registry.py", line 89, in __new__
    return cls.new(db_name)
  File "<decorator-gen-16>", line 2, in new
  File "/usr/lib/python3/dist-packages/odoo/tools/func.py", line 87, in locked
    return func(inst, *args, **kwargs)
  File "/usr/lib/python3/dist-packages/odoo/modules/registry.py", line 110, in new
    odoo.modules.load_modules(registry, force_demo, status, update_module)
  File "/usr/lib/python3/dist-packages/odoo/modules/loading.py", line 481, in load_modules
    processed_modules += load_marked_modules(env, graph,
  File "/usr/lib/python3/dist-packages/odoo/modules/loading.py", line 366, in load_marked_modules
    loaded, processed = load_module_graph(
  File "/usr/lib/python3/dist-packages/odoo/modules/loading.py", line 187, in load_module_graph
    load_openerp_module(package.name)
  File "/usr/lib/python3/dist-packages/odoo/modules/module.py", line 395, in load_openerp_module
    __import__(qualname)
  File "/mnt/extra-addons/custom/boat_base/__init__.py", line 2, in <module>
    from . import controllers
  File "/mnt/extra-addons/custom/boat_base/controllers/__init__.py", line 1, in <module>
    from . import portal
  File "/mnt/extra-addons/custom/boat_base/controllers/portal.py", line 162
    return request.redirect(f'/my/boats/{boat_id}')
    ^^^^^^^^^^^^^^^^^^^^^^^^^^^^^^^^^^^^^^^^^^^^^^^
SyntaxError: 'return' outside function
2025-11-02 13:48:30,959 1 INFO ? werkzeug: 127.0.0.1 - - [02/Nov/2025 13:48:30] "GET /web HTTP/1.1" 500 - 12 0.009 0.039
