2025-11-08 13:39:40,121 1 INFO ? odoo: Odoo version 17.0-20251008 
2025-11-08 13:39:40,121 1 INFO ? odoo: Using configuration file at /etc/odoo/odoo.conf 
2025-11-08 13:39:40,121 1 INFO ? odoo: addons paths: ['/usr/lib/python3/dist-packages/odoo/addons', '/var/lib/odoo/.local/share/Odoo/addons/17.0', '/mnt/extra-addons/custom', '/mnt/extra-addons/third-party'] 
2025-11-08 13:39:40,121 1 INFO ? odoo: database: odoo@odoo-boats-db:5432 
2025-11-08 13:39:40,408 1 INFO ? odoo.addons.base.models.ir_actions_report: Will use the Wkhtmltopdf binary at /usr/local/bin/wkhtmltopdf 
2025-11-08 13:39:40,719 1 INFO ? odoo.service.server: HTTP service (werkzeug) running on eb8e8a9fb6a0:8069 
2025-11-08 13:39:40,788 1 INFO odoo-boats-db odoo.modules.loading: loading 1 modules... 
2025-11-08 13:39:40,794 1 INFO odoo-boats-db odoo.modules.loading: 1 modules loaded in 0.01s, 0 queries (+0 extra) 
2025-11-08 13:39:40,861 1 INFO odoo-boats-db odoo.modules.loading: loading 61 modules... 
2025-11-08 13:39:41,787 1 INFO odoo-boats-db odoo.modules.loading: 61 modules loaded in 0.93s, 0 queries (+0 extra) 
2025-11-08 13:39:41,898 1 INFO odoo-boats-db odoo.modules.loading: Modules loaded. 
2025-11-08 13:39:41,908 1 INFO odoo-boats-db odoo.modules.registry: Registry loaded in 1.190s 
2025-11-08 13:39:49,021 1 ERROR ? odoo.http: Exception during request handling. 
Traceback (most recent call last):
  File "/usr/lib/python3/dist-packages/odoo/http.py", line 2389, in __call__
    request._post_init()
  File "/usr/lib/python3/dist-packages/odoo/http.py", line 1574, in _post_init
    self.session, self.db = self._get_session_and_dbname()
  File "/usr/lib/python3/dist-packages/odoo/http.py", line 1580, in _get_session_and_dbname
    session = root.session_store.new()
  File "/usr/lib/python3/dist-packages/odoo/tools/func.py", line 28, in __get__
    value = self.fget(obj)
  File "/usr/lib/python3/dist-packages/odoo/http.py", line 2315, in session_store
    path = odoo.tools.config.session_dir
  File "/usr/lib/python3/dist-packages/odoo/tools/config.py", line 790, in session_dir
    os.makedirs(d, 0o700)
  File "/usr/lib/python3.10/os.py", line 225, in makedirs
    mkdir(name, mode)
PermissionError: [Errno 13] Permission denied: '/var/lib/odoo/.local/share/Odoo/sessions'
2025-11-08 13:39:49,028 1 INFO ? werkzeug: 127.0.0.1 - - [08/Nov/2025 13:39:49] "GET /web HTTP/1.1" 500 - 0 0.000 0.008
2025-11-08 13:39:54,819 1 ERROR ? odoo.http: Exception during request handling. 
Traceback (most recent call last):
  File "/usr/lib/python3/dist-packages/odoo/http.py", line 2389, in __call__
    request._post_init()
  File "/usr/lib/python3/dist-packages/odoo/http.py", line 1574, in _post_init
    self.session, self.db = self._get_session_and_dbname()
  File "/usr/lib/python3/dist-packages/odoo/http.py", line 1579, in _get_session_and_dbname
    if not sid or not root.session_store.is_valid_key(sid):
  File "/usr/lib/python3/dist-packages/odoo/tools/func.py", line 28, in __get__
    value = self.fget(obj)
  File "/usr/lib/python3/dist-packages/odoo/http.py", line 2315, in session_store
    path = odoo.tools.config.session_dir
  File "/usr/lib/python3/dist-packages/odoo/tools/config.py", line 790, in session_dir
    os.makedirs(d, 0o700)
  File "/usr/lib/python3.10/os.py", line 225, in makedirs
    mkdir(name, mode)
PermissionError: [Errno 13] Permission denied: '/var/lib/odoo/.local/share/Odoo/sessions'
2025-11-08 13:39:54,820 1 INFO ? werkzeug: 172.19.0.1 - - [08/Nov/2025 13:39:54] "GET /website/configurator HTTP/1.1" 500 - 0 0.000 0.001
2025-11-08 13:39:56,793 1 ERROR ? odoo.http: Exception during request handling. 
Traceback (most recent call last):
  File "/usr/lib/python3/dist-packages/odoo/http.py", line 2389, in __call__
    request._post_init()
  File "/usr/lib/python3/dist-packages/odoo/http.py", line 1574, in _post_init
    self.session, self.db = self._get_session_and_dbname()
  File "/usr/lib/python3/dist-packages/odoo/http.py", line 1579, in _get_session_and_dbname
    if not sid or not root.session_store.is_valid_key(sid):
  File "/usr/lib/python3/dist-packages/odoo/tools/func.py", line 28, in __get__
    value = self.fget(obj)
  File "/usr/lib/python3/dist-packages/odoo/http.py", line 2315, in session_store
    path = odoo.tools.config.session_dir
  File "/usr/lib/python3/dist-packages/odoo/tools/config.py", line 790, in session_dir
    os.makedirs(d, 0o700)
  File "/usr/lib/python3.10/os.py", line 225, in makedirs
    mkdir(name, mode)
PermissionError: [Errno 13] Permission denied: '/var/lib/odoo/.local/share/Odoo/sessions'
2025-11-08 13:39:56,795 1 INFO ? werkzeug: 172.19.0.1 - - [08/Nov/2025 13:39:56] "GET /website/configurator HTTP/1.1" 500 - 0 0.000 0.002
2025-11-08 13:39:56,871 1 ERROR ? odoo.http: Exception during request handling. 
Traceback (most recent call last):
  File "/usr/lib/python3/dist-packages/odoo/http.py", line 2389, in __call__
    request._post_init()
  File "/usr/lib/python3/dist-packages/odoo/http.py", line 1574, in _post_init
    self.session, self.db = self._get_session_and_dbname()
  File "/usr/lib/python3/dist-packages/odoo/http.py", line 1579, in _get_session_and_dbname
    if not sid or not root.session_store.is_valid_key(sid):
  File "/usr/lib/python3/dist-packages/odoo/tools/func.py", line 28, in __get__
    value = self.fget(obj)
  File "/usr/lib/python3/dist-packages/odoo/http.py", line 2315, in session_store
    path = odoo.tools.config.session_dir
  File "/usr/lib/python3/dist-packages/odoo/tools/config.py", line 790, in session_dir
    os.makedirs(d, 0o700)
  File "/usr/lib/python3.10/os.py", line 225, in makedirs
    mkdir(name, mode)
PermissionError: [Errno 13] Permission denied: '/var/lib/odoo/.local/share/Odoo/sessions'
2025-11-08 13:39:56,872 1 INFO ? werkzeug: 172.19.0.1 - - [08/Nov/2025 13:39:56] "GET /web/service-worker.js HTTP/1.1" 500 - 0 0.000 0.001
2025-11-08 13:39:58,851 1 ERROR ? odoo.http: Exception during request handling. 
Traceback (most recent call last):
  File "/usr/lib/python3/dist-packages/odoo/http.py", line 2389, in __call__
    request._post_init()
  File "/usr/lib/python3/dist-packages/odoo/http.py", line 1574, in _post_init
    self.session, self.db = self._get_session_and_dbname()
  File "/usr/lib/python3/dist-packages/odoo/http.py", line 1579, in _get_session_and_dbname
    if not sid or not root.session_store.is_valid_key(sid):
  File "/usr/lib/python3/dist-packages/odoo/tools/func.py", line 28, in __get__
    value = self.fget(obj)
  File "/usr/lib/python3/dist-packages/odoo/http.py", line 2315, in session_store
    path = odoo.tools.config.session_dir
  File "/usr/lib/python3/dist-packages/odoo/tools/config.py", line 790, in session_dir
    os.makedirs(d, 0o700)
  File "/usr/lib/python3.10/os.py", line 225, in makedirs
    mkdir(name, mode)
PermissionError: [Errno 13] Permission denied: '/var/lib/odoo/.local/share/Odoo/sessions'
2025-11-08 13:39:58,852 1 INFO ? werkzeug: 172.19.0.1 - - [08/Nov/2025 13:39:58] "GET /web/service-worker.js HTTP/1.1" 500 - 0 0.000 0.001
2025-11-08 13:39:59,111 1 ERROR ? odoo.http: Exception during request handling. 
Traceback (most recent call last):
  File "/usr/lib/python3/dist-packages/odoo/http.py", line 2389, in __call__
    request._post_init()
  File "/usr/lib/python3/dist-packages/odoo/http.py", line 1574, in _post_init
    self.session, self.db = self._get_session_and_dbname()
  File "/usr/lib/python3/dist-packages/odoo/http.py", line 1580, in _get_session_and_dbname
    session = root.session_store.new()
  File "/usr/lib/python3/dist-packages/odoo/tools/func.py", line 28, in __get__
    value = self.fget(obj)
  File "/usr/lib/python3/dist-packages/odoo/http.py", line 2315, in session_store
    path = odoo.tools.config.session_dir
  File "/usr/lib/python3/dist-packages/odoo/tools/config.py", line 790, in session_dir
    os.makedirs(d, 0o700)
  File "/usr/lib/python3.10/os.py", line 225, in makedirs
    mkdir(name, mode)
PermissionError: [Errno 13] Permission denied: '/var/lib/odoo/.local/share/Odoo/sessions'
2025-11-08 13:39:59,112 1 INFO ? werkzeug: 127.0.0.1 - - [08/Nov/2025 13:39:59] "GET /web HTTP/1.1" 500 - 0 0.000 0.001
2025-11-08 13:39:59,475 1 ERROR ? odoo.http: Exception during request handling. 
Traceback (most recent call last):
  File "/usr/lib/python3/dist-packages/odoo/http.py", line 2389, in __call__
    request._post_init()
  File "/usr/lib/python3/dist-packages/odoo/http.py", line 1574, in _post_init
    self.session, self.db = self._get_session_and_dbname()
  File "/usr/lib/python3/dist-packages/odoo/http.py", line 1579, in _get_session_and_dbname
    if not sid or not root.session_store.is_valid_key(sid):
  File "/usr/lib/python3/dist-packages/odoo/tools/func.py", line 28, in __get__
    value = self.fget(obj)
  File "/usr/lib/python3/dist-packages/odoo/http.py", line 2315, in session_store
    path = odoo.tools.config.session_dir
  File "/usr/lib/python3/dist-packages/odoo/tools/config.py", line 790, in session_dir
    os.makedirs(d, 0o700)
  File "/usr/lib/python3.10/os.py", line 225, in makedirs
    mkdir(name, mode)
PermissionError: [Errno 13] Permission denied: '/var/lib/odoo/.local/share/Odoo/sessions'
2025-11-08 13:39:59,477 1 INFO ? werkzeug: 172.19.0.1 - - [08/Nov/2025 13:39:59] "GET / HTTP/1.1" 500 - 0 0.000 0.002
2025-11-08 13:40:09,165 1 ERROR ? odoo.http: Exception during request handling. 
Traceback (most recent call last):
  File "/usr/lib/python3/dist-packages/odoo/http.py", line 2389, in __call__
    request._post_init()
  File "/usr/lib/python3/dist-packages/odoo/http.py", line 1574, in _post_init
    self.session, self.db = self._get_session_and_dbname()
  File "/usr/lib/python3/dist-packages/odoo/http.py", line 1580, in _get_session_and_dbname
    session = root.session_store.new()
  File "/usr/lib/python3/dist-packages/odoo/tools/func.py", line 28, in __get__
    value = self.fget(obj)
  File "/usr/lib/python3/dist-packages/odoo/http.py", line 2315, in session_store
    path = odoo.tools.config.session_dir
  File "/usr/lib/python3/dist-packages/odoo/tools/config.py", line 790, in session_dir
    os.makedirs(d, 0o700)
  File "/usr/lib/python3.10/os.py", line 225, in makedirs
    mkdir(name, mode)
PermissionError: [Errno 13] Permission denied: '/var/lib/odoo/.local/share/Odoo/sessions'
2025-11-08 13:40:09,165 1 INFO ? werkzeug: 127.0.0.1 - - [08/Nov/2025 13:40:09] "GET /web HTTP/1.1" 500 - 0 0.000 0.001
2025-11-08 13:40:19,279 1 ERROR ? odoo.http: Exception during request handling. 
Traceback (most recent call last):
  File "/usr/lib/python3/dist-packages/odoo/http.py", line 2389, in __call__
    request._post_init()
  File "/usr/lib/python3/dist-packages/odoo/http.py", line 1574, in _post_init
    self.session, self.db = self._get_session_and_dbname()
  File "/usr/lib/python3/dist-packages/odoo/http.py", line 1580, in _get_session_and_dbname
    session = root.session_store.new()
  File "/usr/lib/python3/dist-packages/odoo/tools/func.py", line 28, in __get__
    value = self.fget(obj)
  File "/usr/lib/python3/dist-packages/odoo/http.py", line 2315, in session_store
    path = odoo.tools.config.session_dir
  File "/usr/lib/python3/dist-packages/odoo/tools/config.py", line 790, in session_dir
    os.makedirs(d, 0o700)
  File "/usr/lib/python3.10/os.py", line 225, in makedirs
    mkdir(name, mode)
PermissionError: [Errno 13] Permission denied: '/var/lib/odoo/.local/share/Odoo/sessions'
2025-11-08 13:40:19,279 1 INFO ? werkzeug: 127.0.0.1 - - [08/Nov/2025 13:40:19] "GET /web HTTP/1.1" 500 - 0 0.000 0.001
2025-11-08 13:40:19,766 1 ERROR ? odoo.http: Exception during request handling. 
Traceback (most recent call last):
  File "/usr/lib/python3/dist-packages/odoo/http.py", line 2389, in __call__
    request._post_init()
  File "/usr/lib/python3/dist-packages/odoo/http.py", line 1574, in _post_init
    self.session, self.db = self._get_session_and_dbname()
  File "/usr/lib/python3/dist-packages/odoo/http.py", line 1579, in _get_session_and_dbname
    if not sid or not root.session_store.is_valid_key(sid):
  File "/usr/lib/python3/dist-packages/odoo/tools/func.py", line 28, in __get__
    value = self.fget(obj)
  File "/usr/lib/python3/dist-packages/odoo/http.py", line 2315, in session_store
    path = odoo.tools.config.session_dir
  File "/usr/lib/python3/dist-packages/odoo/tools/config.py", line 790, in session_dir
    os.makedirs(d, 0o700)
  File "/usr/lib/python3.10/os.py", line 225, in makedirs
    mkdir(name, mode)
PermissionError: [Errno 13] Permission denied: '/var/lib/odoo/.local/share/Odoo/sessions'
2025-11-08 13:40:19,767 1 INFO ? werkzeug: 172.19.0.1 - - [08/Nov/2025 13:40:19] "GET /web HTTP/1.1" 500 - 0 0.000 0.003
2025-11-08 13:40:21,804 1 ERROR ? odoo.http: Exception during request handling. 
Traceback (most recent call last):
  File "/usr/lib/python3/dist-packages/odoo/http.py", line 2389, in __call__
    request._post_init()
  File "/usr/lib/python3/dist-packages/odoo/http.py", line 1574, in _post_init
    self.session, self.db = self._get_session_and_dbname()
  File "/usr/lib/python3/dist-packages/odoo/http.py", line 1579, in _get_session_and_dbname
    if not sid or not root.session_store.is_valid_key(sid):
  File "/usr/lib/python3/dist-packages/odoo/tools/func.py", line 28, in __get__
    value = self.fget(obj)
  File "/usr/lib/python3/dist-packages/odoo/http.py", line 2315, in session_store
    path = odoo.tools.config.session_dir
  File "/usr/lib/python3/dist-packages/odoo/tools/config.py", line 790, in session_dir
    os.makedirs(d, 0o700)
  File "/usr/lib/python3.10/os.py", line 225, in makedirs
    mkdir(name, mode)
PermissionError: [Errno 13] Permission denied: '/var/lib/odoo/.local/share/Odoo/sessions'
2025-11-08 13:40:21,806 1 INFO ? werkzeug: 172.19.0.1 - - [08/Nov/2025 13:40:21] "GET /web/service-worker.js HTTP/1.1" 500 - 0 0.000 0.002
2025-11-08 13:40:29,414 1 ERROR ? odoo.http: Exception during request handling. 
Traceback (most recent call last):
  File "/usr/lib/python3/dist-packages/odoo/http.py", line 2389, in __call__
    request._post_init()
  File "/usr/lib/python3/dist-packages/odoo/http.py", line 1574, in _post_init
    self.session, self.db = self._get_session_and_dbname()
  File "/usr/lib/python3/dist-packages/odoo/http.py", line 1580, in _get_session_and_dbname
    session = root.session_store.new()
  File "/usr/lib/python3/dist-packages/odoo/tools/func.py", line 28, in __get__
    value = self.fget(obj)
  File "/usr/lib/python3/dist-packages/odoo/http.py", line 2315, in session_store
    path = odoo.tools.config.session_dir
  File "/usr/lib/python3/dist-packages/odoo/tools/config.py", line 790, in session_dir
    os.makedirs(d, 0o700)
  File "/usr/lib/python3.10/os.py", line 225, in makedirs
    mkdir(name, mode)
PermissionError: [Errno 13] Permission denied: '/var/lib/odoo/.local/share/Odoo/sessions'
2025-11-08 13:40:29,414 1 INFO ? werkzeug: 127.0.0.1 - - [08/Nov/2025 13:40:29] "GET /web HTTP/1.1" 500 - 0 0.000 0.001
2025-11-08 13:40:39,503 1 ERROR ? odoo.http: Exception during request handling. 
Traceback (most recent call last):
  File "/usr/lib/python3/dist-packages/odoo/http.py", line 2389, in __call__
    request._post_init()
  File "/usr/lib/python3/dist-packages/odoo/http.py", line 1574, in _post_init
    self.session, self.db = self._get_session_and_dbname()
  File "/usr/lib/python3/dist-packages/odoo/http.py", line 1580, in _get_session_and_dbname
    session = root.session_store.new()
  File "/usr/lib/python3/dist-packages/odoo/tools/func.py", line 28, in __get__
    value = self.fget(obj)
  File "/usr/lib/python3/dist-packages/odoo/http.py", line 2315, in session_store
    path = odoo.tools.config.session_dir
  File "/usr/lib/python3/dist-packages/odoo/tools/config.py", line 790, in session_dir
    os.makedirs(d, 0o700)
  File "/usr/lib/python3.10/os.py", line 225, in makedirs
    mkdir(name, mode)
PermissionError: [Errno 13] Permission denied: '/var/lib/odoo/.local/share/Odoo/sessions'
2025-11-08 13:40:39,504 1 INFO ? werkzeug: 127.0.0.1 - - [08/Nov/2025 13:40:39] "GET /web HTTP/1.1" 500 - 0 0.000 0.001
2025-11-08 13:40:49,576 1 ERROR ? odoo.http: Exception during request handling. 
Traceback (most recent call last):
  File "/usr/lib/python3/dist-packages/odoo/http.py", line 2389, in __call__
    request._post_init()
  File "/usr/lib/python3/dist-packages/odoo/http.py", line 1574, in _post_init
    self.session, self.db = self._get_session_and_dbname()
  File "/usr/lib/python3/dist-packages/odoo/http.py", line 1580, in _get_session_and_dbname
    session = root.session_store.new()
  File "/usr/lib/python3/dist-packages/odoo/tools/func.py", line 28, in __get__
    value = self.fget(obj)
  File "/usr/lib/python3/dist-packages/odoo/http.py", line 2315, in session_store
    path = odoo.tools.config.session_dir
  File "/usr/lib/python3/dist-packages/odoo/tools/config.py", line 790, in session_dir
    os.makedirs(d, 0o700)
  File "/usr/lib/python3.10/os.py", line 225, in makedirs
    mkdir(name, mode)
PermissionError: [Errno 13] Permission denied: '/var/lib/odoo/.local/share/Odoo/sessions'
2025-11-08 13:40:49,577 1 INFO ? werkzeug: 127.0.0.1 - - [08/Nov/2025 13:40:49] "GET /web HTTP/1.1" 500 - 0 0.000 0.002
2025-11-08 13:40:59,675 1 ERROR ? odoo.http: Exception during request handling. 
Traceback (most recent call last):
  File "/usr/lib/python3/dist-packages/odoo/http.py", line 2389, in __call__
    request._post_init()
  File "/usr/lib/python3/dist-packages/odoo/http.py", line 1574, in _post_init
    self.session, self.db = self._get_session_and_dbname()
  File "/usr/lib/python3/dist-packages/odoo/http.py", line 1580, in _get_session_and_dbname
    session = root.session_store.new()
  File "/usr/lib/python3/dist-packages/odoo/tools/func.py", line 28, in __get__
    value = self.fget(obj)
  File "/usr/lib/python3/dist-packages/odoo/http.py", line 2315, in session_store
    path = odoo.tools.config.session_dir
  File "/usr/lib/python3/dist-packages/odoo/tools/config.py", line 790, in session_dir
    os.makedirs(d, 0o700)
  File "/usr/lib/python3.10/os.py", line 225, in makedirs
    mkdir(name, mode)
PermissionError: [Errno 13] Permission denied: '/var/lib/odoo/.local/share/Odoo/sessions'
2025-11-08 13:40:59,675 1 INFO ? werkzeug: 127.0.0.1 - - [08/Nov/2025 13:40:59] "GET /web HTTP/1.1" 500 - 0 0.000 0.001
2025-11-08 13:41:02,296 1 INFO odoo-boats-db odoo.service.server: Initiating shutdown 
2025-11-08 13:41:02,296 1 INFO odoo-boats-db odoo.service.server: Hit CTRL-C again or send a second signal to force the shutdown. 
2025-11-08 13:41:02,681 1 INFO odoo-boats-db odoo.sql_db: ConnectionPool(used=0/count=0/max=64): Closed 3 connections  
