2025-11-08 16:19:59,554 1 INFO ? odoo: Odoo version 17.0-20251008 
2025-11-08 16:19:59,554 1 INFO ? odoo: Using configuration file at /etc/odoo/odoo.conf 
2025-11-08 16:19:59,554 1 INFO ? odoo: addons paths: ['/usr/lib/python3/dist-packages/odoo/addons', '/var/lib/odoo/.local/share/Odoo/addons/17.0', '/mnt/extra-addons/custom', '/mnt/extra-addons/third-party'] 
2025-11-08 16:19:59,554 1 INFO ? odoo: database: odoo@odoo-boats-db:5432 
2025-11-08 16:19:59,650 1 INFO ? odoo.addons.base.models.ir_actions_report: Will use the Wkhtmltopdf binary at /usr/local/bin/wkhtmltopdf 
2025-11-08 16:19:59,761 1 INFO ? odoo.service.server: HTTP service (werkzeug) running on d751d72cf138:8069 
2025-11-08 16:19:59,825 1 INFO odoo-boats-db odoo.modules.loading: loading 1 modules... 
2025-11-08 16:19:59,830 1 INFO odoo-boats-db odoo.modules.loading: 1 modules loaded in 0.00s, 0 queries (+0 extra) 
2025-11-08 16:19:59,858 1 INFO odoo-boats-db odoo.modules.loading: loading 61 modules... 
2025-11-08 16:20:00,211 1 INFO odoo-boats-db odoo.modules.loading: 61 modules loaded in 0.35s, 0 queries (+0 extra) 
2025-11-08 16:20:00,312 1 INFO odoo-boats-db odoo.modules.loading: Modules loaded. 
2025-11-08 16:20:00,320 1 INFO odoo-boats-db odoo.modules.registry: Registry loaded in 0.560s 
2025-11-08 16:20:09,226 1 ERROR ? odoo.http: Exception during request handling. 
Traceback (most recent call last):
  File "/usr/lib/python3/dist-packages/odoo/http.py", line 2389, in __call__
    request._post_init()
  File "/usr/lib/python3/dist-packages/odoo/http.py", line 1574, in _post_init
    self.session, self.db = self._get_session_and_dbname()
  File "/usr/lib/python3/dist-packages/odoo/http.py", line 1580, in _get_session_and_dbname
    session = root.session_store.new()
  File "/usr/lib/python3/dist-packages/odoo/tools/func.py", line 28, in __get__
    value = self.fget(obj)
  File "/usr/lib/python3/dist-packages/odoo/http.py", line 2315, in session_store
    path = odoo.tools.config.session_dir
  File "/usr/lib/python3/dist-packages/odoo/tools/config.py", line 790, in session_dir
    os.makedirs(d, 0o700)
  File "/usr/lib/python3.10/os.py", line 225, in makedirs
    mkdir(name, mode)
PermissionError: [Errno 13] Permission denied: '/var/lib/odoo/.local/share/Odoo/sessions'
2025-11-08 16:20:09,233 1 INFO ? werkzeug: 127.0.0.1 - - [08/Nov/2025 16:20:09] "GET /web HTTP/1.1" 500 - 0 0.000 0.009
2025-11-08 16:20:11,204 1 ERROR ? odoo.http: Exception during request handling. 
Traceback (most recent call last):
  File "/usr/lib/python3/dist-packages/odoo/http.py", line 2389, in __call__
    request._post_init()
  File "/usr/lib/python3/dist-packages/odoo/http.py", line 1574, in _post_init
    self.session, self.db = self._get_session_and_dbname()
  File "/usr/lib/python3/dist-packages/odoo/http.py", line 1579, in _get_session_and_dbname
    if not sid or not root.session_store.is_valid_key(sid):
  File "/usr/lib/python3/dist-packages/odoo/tools/func.py", line 28, in __get__
    value = self.fget(obj)
  File "/usr/lib/python3/dist-packages/odoo/http.py", line 2315, in session_store
    path = odoo.tools.config.session_dir
  File "/usr/lib/python3/dist-packages/odoo/tools/config.py", line 790, in session_dir
    os.makedirs(d, 0o700)
  File "/usr/lib/python3.10/os.py", line 225, in makedirs
    mkdir(name, mode)
PermissionError: [Errno 13] Permission denied: '/var/lib/odoo/.local/share/Odoo/sessions'
2025-11-08 16:20:11,205 1 INFO ? werkzeug: 172.19.0.1 - - [08/Nov/2025 16:20:11] "GET / HTTP/1.1" 500 - 0 0.000 0.002
2025-11-08 16:20:11,284 1 ERROR ? odoo.http: Exception during request handling. 
Traceback (most recent call last):
  File "/usr/lib/python3/dist-packages/odoo/http.py", line 2389, in __call__
    request._post_init()
  File "/usr/lib/python3/dist-packages/odoo/http.py", line 1574, in _post_init
    self.session, self.db = self._get_session_and_dbname()
  File "/usr/lib/python3/dist-packages/odoo/http.py", line 1579, in _get_session_and_dbname
    if not sid or not root.session_store.is_valid_key(sid):
  File "/usr/lib/python3/dist-packages/odoo/tools/func.py", line 28, in __get__
    value = self.fget(obj)
  File "/usr/lib/python3/dist-packages/odoo/http.py", line 2315, in session_store
    path = odoo.tools.config.session_dir
  File "/usr/lib/python3/dist-packages/odoo/tools/config.py", line 790, in session_dir
    os.makedirs(d, 0o700)
  File "/usr/lib/python3.10/os.py", line 225, in makedirs
    mkdir(name, mode)
PermissionError: [Errno 13] Permission denied: '/var/lib/odoo/.local/share/Odoo/sessions'
2025-11-08 16:20:11,284 1 INFO ? werkzeug: 172.19.0.1 - - [08/Nov/2025 16:20:11] "GET /favicon.ico HTTP/1.1" 500 - 0 0.000 0.001
2025-11-08 16:20:13,852 1 ERROR ? odoo.http: Exception during request handling. 
Traceback (most recent call last):
  File "/usr/lib/python3/dist-packages/odoo/http.py", line 2389, in __call__
    request._post_init()
  File "/usr/lib/python3/dist-packages/odoo/http.py", line 1574, in _post_init
    self.session, self.db = self._get_session_and_dbname()
  File "/usr/lib/python3/dist-packages/odoo/http.py", line 1579, in _get_session_and_dbname
    if not sid or not root.session_store.is_valid_key(sid):
  File "/usr/lib/python3/dist-packages/odoo/tools/func.py", line 28, in __get__
    value = self.fget(obj)
  File "/usr/lib/python3/dist-packages/odoo/http.py", line 2315, in session_store
    path = odoo.tools.config.session_dir
  File "/usr/lib/python3/dist-packages/odoo/tools/config.py", line 790, in session_dir
    os.makedirs(d, 0o700)
  File "/usr/lib/python3.10/os.py", line 225, in makedirs
    mkdir(name, mode)
PermissionError: [Errno 13] Permission denied: '/var/lib/odoo/.local/share/Odoo/sessions'
2025-11-08 16:20:13,853 1 INFO ? werkzeug: 172.19.0.1 - - [08/Nov/2025 16:20:13] "GET / HTTP/1.1" 500 - 0 0.000 0.001
2025-11-08 16:20:13,891 1 ERROR ? odoo.http: Exception during request handling. 
Traceback (most recent call last):
  File "/usr/lib/python3/dist-packages/odoo/http.py", line 2389, in __call__
    request._post_init()
  File "/usr/lib/python3/dist-packages/odoo/http.py", line 1574, in _post_init
    self.session, self.db = self._get_session_and_dbname()
  File "/usr/lib/python3/dist-packages/odoo/http.py", line 1579, in _get_session_and_dbname
    if not sid or not root.session_store.is_valid_key(sid):
  File "/usr/lib/python3/dist-packages/odoo/tools/func.py", line 28, in __get__
    value = self.fget(obj)
  File "/usr/lib/python3/dist-packages/odoo/http.py", line 2315, in session_store
    path = odoo.tools.config.session_dir
  File "/usr/lib/python3/dist-packages/odoo/tools/config.py", line 790, in session_dir
    os.makedirs(d, 0o700)
  File "/usr/lib/python3.10/os.py", line 225, in makedirs
    mkdir(name, mode)
PermissionError: [Errno 13] Permission denied: '/var/lib/odoo/.local/share/Odoo/sessions'
2025-11-08 16:20:13,892 1 INFO ? werkzeug: 172.19.0.1 - - [08/Nov/2025 16:20:13] "GET /favicon.ico HTTP/1.1" 500 - 0 0.000 0.001
2025-11-08 16:20:14,553 1 ERROR ? odoo.http: Exception during request handling. 
Traceback (most recent call last):
  File "/usr/lib/python3/dist-packages/odoo/http.py", line 2389, in __call__
    request._post_init()
  File "/usr/lib/python3/dist-packages/odoo/http.py", line 1574, in _post_init
    self.session, self.db = self._get_session_and_dbname()
  File "/usr/lib/python3/dist-packages/odoo/http.py", line 1579, in _get_session_and_dbname
    if not sid or not root.session_store.is_valid_key(sid):
  File "/usr/lib/python3/dist-packages/odoo/tools/func.py", line 28, in __get__
    value = self.fget(obj)
  File "/usr/lib/python3/dist-packages/odoo/http.py", line 2315, in session_store
    path = odoo.tools.config.session_dir
  File "/usr/lib/python3/dist-packages/odoo/tools/config.py", line 790, in session_dir
    os.makedirs(d, 0o700)
  File "/usr/lib/python3.10/os.py", line 225, in makedirs
    mkdir(name, mode)
PermissionError: [Errno 13] Permission denied: '/var/lib/odoo/.local/share/Odoo/sessions'
2025-11-08 16:20:14,554 1 INFO ? werkzeug: 172.19.0.1 - - [08/Nov/2025 16:20:14] "GET / HTTP/1.1" 500 - 0 0.000 0.001
2025-11-08 16:20:14,586 1 ERROR ? odoo.http: Exception during request handling. 
Traceback (most recent call last):
  File "/usr/lib/python3/dist-packages/odoo/http.py", line 2389, in __call__
    request._post_init()
  File "/usr/lib/python3/dist-packages/odoo/http.py", line 1574, in _post_init
    self.session, self.db = self._get_session_and_dbname()
  File "/usr/lib/python3/dist-packages/odoo/http.py", line 1579, in _get_session_and_dbname
    if not sid or not root.session_store.is_valid_key(sid):
  File "/usr/lib/python3/dist-packages/odoo/tools/func.py", line 28, in __get__
    value = self.fget(obj)
  File "/usr/lib/python3/dist-packages/odoo/http.py", line 2315, in session_store
    path = odoo.tools.config.session_dir
  File "/usr/lib/python3/dist-packages/odoo/tools/config.py", line 790, in session_dir
    os.makedirs(d, 0o700)
  File "/usr/lib/python3.10/os.py", line 225, in makedirs
    mkdir(name, mode)
PermissionError: [Errno 13] Permission denied: '/var/lib/odoo/.local/share/Odoo/sessions'
2025-11-08 16:20:14,586 1 INFO ? werkzeug: 172.19.0.1 - - [08/Nov/2025 16:20:14] "GET /favicon.ico HTTP/1.1" 500 - 0 0.000 0.001
2025-11-08 16:20:14,809 1 ERROR ? odoo.http: Exception during request handling. 
Traceback (most recent call last):
  File "/usr/lib/python3/dist-packages/odoo/http.py", line 2389, in __call__
    request._post_init()
  File "/usr/lib/python3/dist-packages/odoo/http.py", line 1574, in _post_init
    self.session, self.db = self._get_session_and_dbname()
  File "/usr/lib/python3/dist-packages/odoo/http.py", line 1579, in _get_session_and_dbname
    if not sid or not root.session_store.is_valid_key(sid):
  File "/usr/lib/python3/dist-packages/odoo/tools/func.py", line 28, in __get__
    value = self.fget(obj)
  File "/usr/lib/python3/dist-packages/odoo/http.py", line 2315, in session_store
    path = odoo.tools.config.session_dir
  File "/usr/lib/python3/dist-packages/odoo/tools/config.py", line 790, in session_dir
    os.makedirs(d, 0o700)
  File "/usr/lib/python3.10/os.py", line 225, in makedirs
    mkdir(name, mode)
PermissionError: [Errno 13] Permission denied: '/var/lib/odoo/.local/share/Odoo/sessions'
2025-11-08 16:20:14,809 1 INFO ? werkzeug: 172.19.0.1 - - [08/Nov/2025 16:20:14] "GET / HTTP/1.1" 500 - 0 0.000 0.001
2025-11-08 16:20:14,845 1 ERROR ? odoo.http: Exception during request handling. 
Traceback (most recent call last):
  File "/usr/lib/python3/dist-packages/odoo/http.py", line 2389, in __call__
    request._post_init()
  File "/usr/lib/python3/dist-packages/odoo/http.py", line 1574, in _post_init
    self.session, self.db = self._get_session_and_dbname()
  File "/usr/lib/python3/dist-packages/odoo/http.py", line 1579, in _get_session_and_dbname
    if not sid or not root.session_store.is_valid_key(sid):
  File "/usr/lib/python3/dist-packages/odoo/tools/func.py", line 28, in __get__
    value = self.fget(obj)
  File "/usr/lib/python3/dist-packages/odoo/http.py", line 2315, in session_store
    path = odoo.tools.config.session_dir
  File "/usr/lib/python3/dist-packages/odoo/tools/config.py", line 790, in session_dir
    os.makedirs(d, 0o700)
  File "/usr/lib/python3.10/os.py", line 225, in makedirs
    mkdir(name, mode)
PermissionError: [Errno 13] Permission denied: '/var/lib/odoo/.local/share/Odoo/sessions'
2025-11-08 16:20:14,846 1 INFO ? werkzeug: 172.19.0.1 - - [08/Nov/2025 16:20:14] "GET /favicon.ico HTTP/1.1" 500 - 0 0.000 0.001
2025-11-08 16:20:15,049 1 ERROR ? odoo.http: Exception during request handling. 
Traceback (most recent call last):
  File "/usr/lib/python3/dist-packages/odoo/http.py", line 2389, in __call__
    request._post_init()
  File "/usr/lib/python3/dist-packages/odoo/http.py", line 1574, in _post_init
    self.session, self.db = self._get_session_and_dbname()
  File "/usr/lib/python3/dist-packages/odoo/http.py", line 1579, in _get_session_and_dbname
    if not sid or not root.session_store.is_valid_key(sid):
  File "/usr/lib/python3/dist-packages/odoo/tools/func.py", line 28, in __get__
    value = self.fget(obj)
  File "/usr/lib/python3/dist-packages/odoo/http.py", line 2315, in session_store
    path = odoo.tools.config.session_dir
  File "/usr/lib/python3/dist-packages/odoo/tools/config.py", line 790, in session_dir
    os.makedirs(d, 0o700)
  File "/usr/lib/python3.10/os.py", line 225, in makedirs
    mkdir(name, mode)
PermissionError: [Errno 13] Permission denied: '/var/lib/odoo/.local/share/Odoo/sessions'
2025-11-08 16:20:15,049 1 INFO ? werkzeug: 172.19.0.1 - - [08/Nov/2025 16:20:15] "GET / HTTP/1.1" 500 - 0 0.000 0.002
2025-11-08 16:20:15,089 1 ERROR ? odoo.http: Exception during request handling. 
Traceback (most recent call last):
  File "/usr/lib/python3/dist-packages/odoo/http.py", line 2389, in __call__
    request._post_init()
  File "/usr/lib/python3/dist-packages/odoo/http.py", line 1574, in _post_init
    self.session, self.db = self._get_session_and_dbname()
  File "/usr/lib/python3/dist-packages/odoo/http.py", line 1579, in _get_session_and_dbname
    if not sid or not root.session_store.is_valid_key(sid):
  File "/usr/lib/python3/dist-packages/odoo/tools/func.py", line 28, in __get__
    value = self.fget(obj)
  File "/usr/lib/python3/dist-packages/odoo/http.py", line 2315, in session_store
    path = odoo.tools.config.session_dir
  File "/usr/lib/python3/dist-packages/odoo/tools/config.py", line 790, in session_dir
    os.makedirs(d, 0o700)
  File "/usr/lib/python3.10/os.py", line 225, in makedirs
    mkdir(name, mode)
PermissionError: [Errno 13] Permission denied: '/var/lib/odoo/.local/share/Odoo/sessions'
2025-11-08 16:20:15,090 1 INFO ? werkzeug: 172.19.0.1 - - [08/Nov/2025 16:20:15] "GET /favicon.ico HTTP/1.1" 500 - 0 0.000 0.001
2025-11-08 16:20:15,258 1 ERROR ? odoo.http: Exception during request handling. 
Traceback (most recent call last):
  File "/usr/lib/python3/dist-packages/odoo/http.py", line 2389, in __call__
    request._post_init()
  File "/usr/lib/python3/dist-packages/odoo/http.py", line 1574, in _post_init
    self.session, self.db = self._get_session_and_dbname()
  File "/usr/lib/python3/dist-packages/odoo/http.py", line 1579, in _get_session_and_dbname
    if not sid or not root.session_store.is_valid_key(sid):
  File "/usr/lib/python3/dist-packages/odoo/tools/func.py", line 28, in __get__
    value = self.fget(obj)
  File "/usr/lib/python3/dist-packages/odoo/http.py", line 2315, in session_store
    path = odoo.tools.config.session_dir
  File "/usr/lib/python3/dist-packages/odoo/tools/config.py", line 790, in session_dir
    os.makedirs(d, 0o700)
  File "/usr/lib/python3.10/os.py", line 225, in makedirs
    mkdir(name, mode)
PermissionError: [Errno 13] Permission denied: '/var/lib/odoo/.local/share/Odoo/sessions'
2025-11-08 16:20:15,258 1 INFO ? werkzeug: 172.19.0.1 - - [08/Nov/2025 16:20:15] "GET / HTTP/1.1" 500 - 0 0.000 0.001
2025-11-08 16:20:15,286 1 ERROR ? odoo.http: Exception during request handling. 
Traceback (most recent call last):
  File "/usr/lib/python3/dist-packages/odoo/http.py", line 2389, in __call__
    request._post_init()
  File "/usr/lib/python3/dist-packages/odoo/http.py", line 1574, in _post_init
    self.session, self.db = self._get_session_and_dbname()
  File "/usr/lib/python3/dist-packages/odoo/http.py", line 1579, in _get_session_and_dbname
    if not sid or not root.session_store.is_valid_key(sid):
  File "/usr/lib/python3/dist-packages/odoo/tools/func.py", line 28, in __get__
    value = self.fget(obj)
  File "/usr/lib/python3/dist-packages/odoo/http.py", line 2315, in session_store
    path = odoo.tools.config.session_dir
  File "/usr/lib/python3/dist-packages/odoo/tools/config.py", line 790, in session_dir
    os.makedirs(d, 0o700)
  File "/usr/lib/python3.10/os.py", line 225, in makedirs
    mkdir(name, mode)
PermissionError: [Errno 13] Permission denied: '/var/lib/odoo/.local/share/Odoo/sessions'
2025-11-08 16:20:15,286 1 INFO ? werkzeug: 172.19.0.1 - - [08/Nov/2025 16:20:15] "GET /favicon.ico HTTP/1.1" 500 - 0 0.000 0.001
2025-11-08 16:20:19,323 1 ERROR ? odoo.http: Exception during request handling. 
Traceback (most recent call last):
  File "/usr/lib/python3/dist-packages/odoo/http.py", line 2389, in __call__
    request._post_init()
  File "/usr/lib/python3/dist-packages/odoo/http.py", line 1574, in _post_init
    self.session, self.db = self._get_session_and_dbname()
  File "/usr/lib/python3/dist-packages/odoo/http.py", line 1580, in _get_session_and_dbname
    session = root.session_store.new()
  File "/usr/lib/python3/dist-packages/odoo/tools/func.py", line 28, in __get__
    value = self.fget(obj)
  File "/usr/lib/python3/dist-packages/odoo/http.py", line 2315, in session_store
    path = odoo.tools.config.session_dir
  File "/usr/lib/python3/dist-packages/odoo/tools/config.py", line 790, in session_dir
    os.makedirs(d, 0o700)
  File "/usr/lib/python3.10/os.py", line 225, in makedirs
    mkdir(name, mode)
PermissionError: [Errno 13] Permission denied: '/var/lib/odoo/.local/share/Odoo/sessions'
2025-11-08 16:20:19,323 1 INFO ? werkzeug: 127.0.0.1 - - [08/Nov/2025 16:20:19] "GET /web HTTP/1.1" 500 - 0 0.000 0.001
2025-11-08 16:20:25,705 1 ERROR ? odoo.http: Exception during request handling. 
Traceback (most recent call last):
  File "/usr/lib/python3/dist-packages/odoo/http.py", line 2389, in __call__
    request._post_init()
  File "/usr/lib/python3/dist-packages/odoo/http.py", line 1574, in _post_init
    self.session, self.db = self._get_session_and_dbname()
  File "/usr/lib/python3/dist-packages/odoo/http.py", line 1579, in _get_session_and_dbname
    if not sid or not root.session_store.is_valid_key(sid):
  File "/usr/lib/python3/dist-packages/odoo/tools/func.py", line 28, in __get__
    value = self.fget(obj)
  File "/usr/lib/python3/dist-packages/odoo/http.py", line 2315, in session_store
    path = odoo.tools.config.session_dir
  File "/usr/lib/python3/dist-packages/odoo/tools/config.py", line 790, in session_dir
    os.makedirs(d, 0o700)
  File "/usr/lib/python3.10/os.py", line 225, in makedirs
    mkdir(name, mode)
PermissionError: [Errno 13] Permission denied: '/var/lib/odoo/.local/share/Odoo/sessions'
2025-11-08 16:20:25,706 1 INFO ? werkzeug: 172.19.0.1 - - [08/Nov/2025 16:20:25] "GET / HTTP/1.1" 500 - 0 0.000 0.001
2025-11-08 16:20:25,747 1 ERROR ? odoo.http: Exception during request handling. 
Traceback (most recent call last):
  File "/usr/lib/python3/dist-packages/odoo/http.py", line 2389, in __call__
    request._post_init()
  File "/usr/lib/python3/dist-packages/odoo/http.py", line 1574, in _post_init
    self.session, self.db = self._get_session_and_dbname()
  File "/usr/lib/python3/dist-packages/odoo/http.py", line 1579, in _get_session_and_dbname
    if not sid or not root.session_store.is_valid_key(sid):
  File "/usr/lib/python3/dist-packages/odoo/tools/func.py", line 28, in __get__
    value = self.fget(obj)
  File "/usr/lib/python3/dist-packages/odoo/http.py", line 2315, in session_store
    path = odoo.tools.config.session_dir
  File "/usr/lib/python3/dist-packages/odoo/tools/config.py", line 790, in session_dir
    os.makedirs(d, 0o700)
  File "/usr/lib/python3.10/os.py", line 225, in makedirs
    mkdir(name, mode)
PermissionError: [Errno 13] Permission denied: '/var/lib/odoo/.local/share/Odoo/sessions'
2025-11-08 16:20:25,747 1 INFO ? werkzeug: 172.19.0.1 - - [08/Nov/2025 16:20:25] "GET /favicon.ico HTTP/1.1" 500 - 0 0.000 0.001
2025-11-08 16:20:26,302 1 ERROR ? odoo.http: Exception during request handling. 
Traceback (most recent call last):
  File "/usr/lib/python3/dist-packages/odoo/http.py", line 2389, in __call__
    request._post_init()
  File "/usr/lib/python3/dist-packages/odoo/http.py", line 1574, in _post_init
    self.session, self.db = self._get_session_and_dbname()
  File "/usr/lib/python3/dist-packages/odoo/http.py", line 1579, in _get_session_and_dbname
    if not sid or not root.session_store.is_valid_key(sid):
  File "/usr/lib/python3/dist-packages/odoo/tools/func.py", line 28, in __get__
    value = self.fget(obj)
  File "/usr/lib/python3/dist-packages/odoo/http.py", line 2315, in session_store
    path = odoo.tools.config.session_dir
  File "/usr/lib/python3/dist-packages/odoo/tools/config.py", line 790, in session_dir
    os.makedirs(d, 0o700)
  File "/usr/lib/python3.10/os.py", line 225, in makedirs
    mkdir(name, mode)
PermissionError: [Errno 13] Permission denied: '/var/lib/odoo/.local/share/Odoo/sessions'
2025-11-08 16:20:26,302 1 INFO ? werkzeug: 172.19.0.1 - - [08/Nov/2025 16:20:26] "GET / HTTP/1.1" 500 - 0 0.000 0.001
2025-11-08 16:20:26,339 1 ERROR ? odoo.http: Exception during request handling. 
Traceback (most recent call last):
  File "/usr/lib/python3/dist-packages/odoo/http.py", line 2389, in __call__
    request._post_init()
  File "/usr/lib/python3/dist-packages/odoo/http.py", line 1574, in _post_init
    self.session, self.db = self._get_session_and_dbname()
  File "/usr/lib/python3/dist-packages/odoo/http.py", line 1579, in _get_session_and_dbname
    if not sid or not root.session_store.is_valid_key(sid):
  File "/usr/lib/python3/dist-packages/odoo/tools/func.py", line 28, in __get__
    value = self.fget(obj)
  File "/usr/lib/python3/dist-packages/odoo/http.py", line 2315, in session_store
    path = odoo.tools.config.session_dir
  File "/usr/lib/python3/dist-packages/odoo/tools/config.py", line 790, in session_dir
    os.makedirs(d, 0o700)
  File "/usr/lib/python3.10/os.py", line 225, in makedirs
    mkdir(name, mode)
PermissionError: [Errno 13] Permission denied: '/var/lib/odoo/.local/share/Odoo/sessions'
2025-11-08 16:20:26,339 1 INFO ? werkzeug: 172.19.0.1 - - [08/Nov/2025 16:20:26] "GET /favicon.ico HTTP/1.1" 500 - 0 0.000 0.001
2025-11-08 16:20:26,553 1 ERROR ? odoo.http: Exception during request handling. 
Traceback (most recent call last):
  File "/usr/lib/python3/dist-packages/odoo/http.py", line 2389, in __call__
    request._post_init()
  File "/usr/lib/python3/dist-packages/odoo/http.py", line 1574, in _post_init
    self.session, self.db = self._get_session_and_dbname()
  File "/usr/lib/python3/dist-packages/odoo/http.py", line 1579, in _get_session_and_dbname
    if not sid or not root.session_store.is_valid_key(sid):
  File "/usr/lib/python3/dist-packages/odoo/tools/func.py", line 28, in __get__
    value = self.fget(obj)
  File "/usr/lib/python3/dist-packages/odoo/http.py", line 2315, in session_store
    path = odoo.tools.config.session_dir
  File "/usr/lib/python3/dist-packages/odoo/tools/config.py", line 790, in session_dir
    os.makedirs(d, 0o700)
  File "/usr/lib/python3.10/os.py", line 225, in makedirs
    mkdir(name, mode)
PermissionError: [Errno 13] Permission denied: '/var/lib/odoo/.local/share/Odoo/sessions'
2025-11-08 16:20:26,554 1 INFO ? werkzeug: 172.19.0.1 - - [08/Nov/2025 16:20:26] "GET / HTTP/1.1" 500 - 0 0.000 0.001
2025-11-08 16:20:26,589 1 ERROR ? odoo.http: Exception during request handling. 
Traceback (most recent call last):
  File "/usr/lib/python3/dist-packages/odoo/http.py", line 2389, in __call__
    request._post_init()
  File "/usr/lib/python3/dist-packages/odoo/http.py", line 1574, in _post_init
    self.session, self.db = self._get_session_and_dbname()
  File "/usr/lib/python3/dist-packages/odoo/http.py", line 1579, in _get_session_and_dbname
    if not sid or not root.session_store.is_valid_key(sid):
  File "/usr/lib/python3/dist-packages/odoo/tools/func.py", line 28, in __get__
    value = self.fget(obj)
  File "/usr/lib/python3/dist-packages/odoo/http.py", line 2315, in session_store
    path = odoo.tools.config.session_dir
  File "/usr/lib/python3/dist-packages/odoo/tools/config.py", line 790, in session_dir
    os.makedirs(d, 0o700)
  File "/usr/lib/python3.10/os.py", line 225, in makedirs
    mkdir(name, mode)
PermissionError: [Errno 13] Permission denied: '/var/lib/odoo/.local/share/Odoo/sessions'
2025-11-08 16:20:26,590 1 INFO ? werkzeug: 172.19.0.1 - - [08/Nov/2025 16:20:26] "GET /favicon.ico HTTP/1.1" 500 - 0 0.000 0.001
2025-11-08 16:20:26,792 1 ERROR ? odoo.http: Exception during request handling. 
Traceback (most recent call last):
  File "/usr/lib/python3/dist-packages/odoo/http.py", line 2389, in __call__
    request._post_init()
  File "/usr/lib/python3/dist-packages/odoo/http.py", line 1574, in _post_init
    self.session, self.db = self._get_session_and_dbname()
  File "/usr/lib/python3/dist-packages/odoo/http.py", line 1579, in _get_session_and_dbname
    if not sid or not root.session_store.is_valid_key(sid):
  File "/usr/lib/python3/dist-packages/odoo/tools/func.py", line 28, in __get__
    value = self.fget(obj)
  File "/usr/lib/python3/dist-packages/odoo/http.py", line 2315, in session_store
    path = odoo.tools.config.session_dir
  File "/usr/lib/python3/dist-packages/odoo/tools/config.py", line 790, in session_dir
    os.makedirs(d, 0o700)
  File "/usr/lib/python3.10/os.py", line 225, in makedirs
    mkdir(name, mode)
PermissionError: [Errno 13] Permission denied: '/var/lib/odoo/.local/share/Odoo/sessions'
2025-11-08 16:20:26,793 1 INFO ? werkzeug: 172.19.0.1 - - [08/Nov/2025 16:20:26] "GET / HTTP/1.1" 500 - 0 0.000 0.001
2025-11-08 16:20:26,833 1 ERROR ? odoo.http: Exception during request handling. 
Traceback (most recent call last):
  File "/usr/lib/python3/dist-packages/odoo/http.py", line 2389, in __call__
    request._post_init()
  File "/usr/lib/python3/dist-packages/odoo/http.py", line 1574, in _post_init
    self.session, self.db = self._get_session_and_dbname()
  File "/usr/lib/python3/dist-packages/odoo/http.py", line 1579, in _get_session_and_dbname
    if not sid or not root.session_store.is_valid_key(sid):
  File "/usr/lib/python3/dist-packages/odoo/tools/func.py", line 28, in __get__
    value = self.fget(obj)
  File "/usr/lib/python3/dist-packages/odoo/http.py", line 2315, in session_store
    path = odoo.tools.config.session_dir
  File "/usr/lib/python3/dist-packages/odoo/tools/config.py", line 790, in session_dir
    os.makedirs(d, 0o700)
  File "/usr/lib/python3.10/os.py", line 225, in makedirs
    mkdir(name, mode)
PermissionError: [Errno 13] Permission denied: '/var/lib/odoo/.local/share/Odoo/sessions'
2025-11-08 16:20:26,833 1 INFO ? werkzeug: 172.19.0.1 - - [08/Nov/2025 16:20:26] "GET /favicon.ico HTTP/1.1" 500 - 0 0.000 0.001
2025-11-08 16:20:27,029 1 ERROR ? odoo.http: Exception during request handling. 
Traceback (most recent call last):
  File "/usr/lib/python3/dist-packages/odoo/http.py", line 2389, in __call__
    request._post_init()
  File "/usr/lib/python3/dist-packages/odoo/http.py", line 1574, in _post_init
    self.session, self.db = self._get_session_and_dbname()
  File "/usr/lib/python3/dist-packages/odoo/http.py", line 1579, in _get_session_and_dbname
    if not sid or not root.session_store.is_valid_key(sid):
  File "/usr/lib/python3/dist-packages/odoo/tools/func.py", line 28, in __get__
    value = self.fget(obj)
  File "/usr/lib/python3/dist-packages/odoo/http.py", line 2315, in session_store
    path = odoo.tools.config.session_dir
  File "/usr/lib/python3/dist-packages/odoo/tools/config.py", line 790, in session_dir
    os.makedirs(d, 0o700)
  File "/usr/lib/python3.10/os.py", line 225, in makedirs
    mkdir(name, mode)
PermissionError: [Errno 13] Permission denied: '/var/lib/odoo/.local/share/Odoo/sessions'
2025-11-08 16:20:27,029 1 INFO ? werkzeug: 172.19.0.1 - - [08/Nov/2025 16:20:27] "GET / HTTP/1.1" 500 - 0 0.000 0.002
2025-11-08 16:20:27,062 1 ERROR ? odoo.http: Exception during request handling. 
Traceback (most recent call last):
  File "/usr/lib/python3/dist-packages/odoo/http.py", line 2389, in __call__
    request._post_init()
  File "/usr/lib/python3/dist-packages/odoo/http.py", line 1574, in _post_init
    self.session, self.db = self._get_session_and_dbname()
  File "/usr/lib/python3/dist-packages/odoo/http.py", line 1579, in _get_session_and_dbname
    if not sid or not root.session_store.is_valid_key(sid):
  File "/usr/lib/python3/dist-packages/odoo/tools/func.py", line 28, in __get__
    value = self.fget(obj)
  File "/usr/lib/python3/dist-packages/odoo/http.py", line 2315, in session_store
    path = odoo.tools.config.session_dir
  File "/usr/lib/python3/dist-packages/odoo/tools/config.py", line 790, in session_dir
    os.makedirs(d, 0o700)
  File "/usr/lib/python3.10/os.py", line 225, in makedirs
    mkdir(name, mode)
PermissionError: [Errno 13] Permission denied: '/var/lib/odoo/.local/share/Odoo/sessions'
2025-11-08 16:20:27,062 1 INFO ? werkzeug: 172.19.0.1 - - [08/Nov/2025 16:20:27] "GET /favicon.ico HTTP/1.1" 500 - 0 0.000 0.001
2025-11-08 16:20:27,228 1 ERROR ? odoo.http: Exception during request handling. 
Traceback (most recent call last):
  File "/usr/lib/python3/dist-packages/odoo/http.py", line 2389, in __call__
    request._post_init()
  File "/usr/lib/python3/dist-packages/odoo/http.py", line 1574, in _post_init
    self.session, self.db = self._get_session_and_dbname()
  File "/usr/lib/python3/dist-packages/odoo/http.py", line 1579, in _get_session_and_dbname
    if not sid or not root.session_store.is_valid_key(sid):
  File "/usr/lib/python3/dist-packages/odoo/tools/func.py", line 28, in __get__
    value = self.fget(obj)
  File "/usr/lib/python3/dist-packages/odoo/http.py", line 2315, in session_store
    path = odoo.tools.config.session_dir
  File "/usr/lib/python3/dist-packages/odoo/tools/config.py", line 790, in session_dir
    os.makedirs(d, 0o700)
  File "/usr/lib/python3.10/os.py", line 225, in makedirs
    mkdir(name, mode)
PermissionError: [Errno 13] Permission denied: '/var/lib/odoo/.local/share/Odoo/sessions'
2025-11-08 16:20:27,229 1 INFO ? werkzeug: 172.19.0.1 - - [08/Nov/2025 16:20:27] "GET / HTTP/1.1" 500 - 0 0.000 0.002
2025-11-08 16:20:27,261 1 ERROR ? odoo.http: Exception during request handling. 
Traceback (most recent call last):
  File "/usr/lib/python3/dist-packages/odoo/http.py", line 2389, in __call__
    request._post_init()
  File "/usr/lib/python3/dist-packages/odoo/http.py", line 1574, in _post_init
    self.session, self.db = self._get_session_and_dbname()
  File "/usr/lib/python3/dist-packages/odoo/http.py", line 1579, in _get_session_and_dbname
    if not sid or not root.session_store.is_valid_key(sid):
  File "/usr/lib/python3/dist-packages/odoo/tools/func.py", line 28, in __get__
    value = self.fget(obj)
  File "/usr/lib/python3/dist-packages/odoo/http.py", line 2315, in session_store
    path = odoo.tools.config.session_dir
  File "/usr/lib/python3/dist-packages/odoo/tools/config.py", line 790, in session_dir
    os.makedirs(d, 0o700)
  File "/usr/lib/python3.10/os.py", line 225, in makedirs
    mkdir(name, mode)
PermissionError: [Errno 13] Permission denied: '/var/lib/odoo/.local/share/Odoo/sessions'
2025-11-08 16:20:27,261 1 INFO ? werkzeug: 172.19.0.1 - - [08/Nov/2025 16:20:27] "GET /favicon.ico HTTP/1.1" 500 - 0 0.000 0.001
2025-11-08 16:20:29,402 1 ERROR ? odoo.http: Exception during request handling. 
Traceback (most recent call last):
  File "/usr/lib/python3/dist-packages/odoo/http.py", line 2389, in __call__
    request._post_init()
  File "/usr/lib/python3/dist-packages/odoo/http.py", line 1574, in _post_init
    self.session, self.db = self._get_session_and_dbname()
  File "/usr/lib/python3/dist-packages/odoo/http.py", line 1580, in _get_session_and_dbname
    session = root.session_store.new()
  File "/usr/lib/python3/dist-packages/odoo/tools/func.py", line 28, in __get__
    value = self.fget(obj)
  File "/usr/lib/python3/dist-packages/odoo/http.py", line 2315, in session_store
    path = odoo.tools.config.session_dir
  File "/usr/lib/python3/dist-packages/odoo/tools/config.py", line 790, in session_dir
    os.makedirs(d, 0o700)
  File "/usr/lib/python3.10/os.py", line 225, in makedirs
    mkdir(name, mode)
PermissionError: [Errno 13] Permission denied: '/var/lib/odoo/.local/share/Odoo/sessions'
2025-11-08 16:20:29,402 1 INFO ? werkzeug: 127.0.0.1 - - [08/Nov/2025 16:20:29] "GET /web HTTP/1.1" 500 - 0 0.000 0.001
2025-11-08 16:20:30,582 1 ERROR ? odoo.http: Exception during request handling. 
Traceback (most recent call last):
  File "/usr/lib/python3/dist-packages/odoo/http.py", line 2389, in __call__
    request._post_init()
  File "/usr/lib/python3/dist-packages/odoo/http.py", line 1574, in _post_init
    self.session, self.db = self._get_session_and_dbname()
  File "/usr/lib/python3/dist-packages/odoo/http.py", line 1579, in _get_session_and_dbname
    if not sid or not root.session_store.is_valid_key(sid):
  File "/usr/lib/python3/dist-packages/odoo/tools/func.py", line 28, in __get__
    value = self.fget(obj)
  File "/usr/lib/python3/dist-packages/odoo/http.py", line 2315, in session_store
    path = odoo.tools.config.session_dir
  File "/usr/lib/python3/dist-packages/odoo/tools/config.py", line 790, in session_dir
    os.makedirs(d, 0o700)
  File "/usr/lib/python3.10/os.py", line 225, in makedirs
    mkdir(name, mode)
PermissionError: [Errno 13] Permission denied: '/var/lib/odoo/.local/share/Odoo/sessions'
2025-11-08 16:20:30,583 1 INFO ? werkzeug: 172.19.0.1 - - [08/Nov/2025 16:20:30] "GET /web HTTP/1.1" 500 - 0 0.000 0.001
2025-11-08 16:20:30,620 1 ERROR ? odoo.http: Exception during request handling. 
Traceback (most recent call last):
  File "/usr/lib/python3/dist-packages/odoo/http.py", line 2389, in __call__
    request._post_init()
  File "/usr/lib/python3/dist-packages/odoo/http.py", line 1574, in _post_init
    self.session, self.db = self._get_session_and_dbname()
  File "/usr/lib/python3/dist-packages/odoo/http.py", line 1579, in _get_session_and_dbname
    if not sid or not root.session_store.is_valid_key(sid):
  File "/usr/lib/python3/dist-packages/odoo/tools/func.py", line 28, in __get__
    value = self.fget(obj)
  File "/usr/lib/python3/dist-packages/odoo/http.py", line 2315, in session_store
    path = odoo.tools.config.session_dir
  File "/usr/lib/python3/dist-packages/odoo/tools/config.py", line 790, in session_dir
    os.makedirs(d, 0o700)
  File "/usr/lib/python3.10/os.py", line 225, in makedirs
    mkdir(name, mode)
PermissionError: [Errno 13] Permission denied: '/var/lib/odoo/.local/share/Odoo/sessions'
2025-11-08 16:20:30,620 1 INFO ? werkzeug: 172.19.0.1 - - [08/Nov/2025 16:20:30] "GET /favicon.ico HTTP/1.1" 500 - 0 0.000 0.001
2025-11-08 16:20:37,014 1 ERROR ? odoo.http: Exception during request handling. 
Traceback (most recent call last):
  File "/usr/lib/python3/dist-packages/odoo/http.py", line 2389, in __call__
    request._post_init()
  File "/usr/lib/python3/dist-packages/odoo/http.py", line 1574, in _post_init
    self.session, self.db = self._get_session_and_dbname()
  File "/usr/lib/python3/dist-packages/odoo/http.py", line 1579, in _get_session_and_dbname
    if not sid or not root.session_store.is_valid_key(sid):
  File "/usr/lib/python3/dist-packages/odoo/tools/func.py", line 28, in __get__
    value = self.fget(obj)
  File "/usr/lib/python3/dist-packages/odoo/http.py", line 2315, in session_store
    path = odoo.tools.config.session_dir
  File "/usr/lib/python3/dist-packages/odoo/tools/config.py", line 790, in session_dir
    os.makedirs(d, 0o700)
  File "/usr/lib/python3.10/os.py", line 225, in makedirs
    mkdir(name, mode)
PermissionError: [Errno 13] Permission denied: '/var/lib/odoo/.local/share/Odoo/sessions'
2025-11-08 16:20:37,016 1 INFO ? werkzeug: 172.19.0.1 - - [08/Nov/2025 16:20:37] "GET /web/login HTTP/1.1" 500 - 0 0.000 0.002
2025-11-08 16:20:37,050 1 ERROR ? odoo.http: Exception during request handling. 
Traceback (most recent call last):
  File "/usr/lib/python3/dist-packages/odoo/http.py", line 2389, in __call__
    request._post_init()
  File "/usr/lib/python3/dist-packages/odoo/http.py", line 1574, in _post_init
    self.session, self.db = self._get_session_and_dbname()
  File "/usr/lib/python3/dist-packages/odoo/http.py", line 1579, in _get_session_and_dbname
    if not sid or not root.session_store.is_valid_key(sid):
  File "/usr/lib/python3/dist-packages/odoo/tools/func.py", line 28, in __get__
    value = self.fget(obj)
  File "/usr/lib/python3/dist-packages/odoo/http.py", line 2315, in session_store
    path = odoo.tools.config.session_dir
  File "/usr/lib/python3/dist-packages/odoo/tools/config.py", line 790, in session_dir
    os.makedirs(d, 0o700)
  File "/usr/lib/python3.10/os.py", line 225, in makedirs
    mkdir(name, mode)
PermissionError: [Errno 13] Permission denied: '/var/lib/odoo/.local/share/Odoo/sessions'
2025-11-08 16:20:37,051 1 INFO ? werkzeug: 172.19.0.1 - - [08/Nov/2025 16:20:37] "GET /favicon.ico HTTP/1.1" 500 - 0 0.000 0.001
2025-11-08 16:20:39,476 1 ERROR ? odoo.http: Exception during request handling. 
Traceback (most recent call last):
  File "/usr/lib/python3/dist-packages/odoo/http.py", line 2389, in __call__
    request._post_init()
  File "/usr/lib/python3/dist-packages/odoo/http.py", line 1574, in _post_init
    self.session, self.db = self._get_session_and_dbname()
  File "/usr/lib/python3/dist-packages/odoo/http.py", line 1580, in _get_session_and_dbname
    session = root.session_store.new()
  File "/usr/lib/python3/dist-packages/odoo/tools/func.py", line 28, in __get__
    value = self.fget(obj)
  File "/usr/lib/python3/dist-packages/odoo/http.py", line 2315, in session_store
    path = odoo.tools.config.session_dir
  File "/usr/lib/python3/dist-packages/odoo/tools/config.py", line 790, in session_dir
    os.makedirs(d, 0o700)
  File "/usr/lib/python3.10/os.py", line 225, in makedirs
    mkdir(name, mode)
PermissionError: [Errno 13] Permission denied: '/var/lib/odoo/.local/share/Odoo/sessions'
2025-11-08 16:20:39,477 1 INFO ? werkzeug: 127.0.0.1 - - [08/Nov/2025 16:20:39] "GET /web HTTP/1.1" 500 - 0 0.000 0.001
2025-11-08 16:20:49,548 1 ERROR ? odoo.http: Exception during request handling. 
Traceback (most recent call last):
  File "/usr/lib/python3/dist-packages/odoo/http.py", line 2389, in __call__
    request._post_init()
  File "/usr/lib/python3/dist-packages/odoo/http.py", line 1574, in _post_init
    self.session, self.db = self._get_session_and_dbname()
  File "/usr/lib/python3/dist-packages/odoo/http.py", line 1580, in _get_session_and_dbname
    session = root.session_store.new()
  File "/usr/lib/python3/dist-packages/odoo/tools/func.py", line 28, in __get__
    value = self.fget(obj)
  File "/usr/lib/python3/dist-packages/odoo/http.py", line 2315, in session_store
    path = odoo.tools.config.session_dir
  File "/usr/lib/python3/dist-packages/odoo/tools/config.py", line 790, in session_dir
    os.makedirs(d, 0o700)
  File "/usr/lib/python3.10/os.py", line 225, in makedirs
    mkdir(name, mode)
PermissionError: [Errno 13] Permission denied: '/var/lib/odoo/.local/share/Odoo/sessions'
2025-11-08 16:20:49,549 1 INFO ? werkzeug: 127.0.0.1 - - [08/Nov/2025 16:20:49] "GET /web HTTP/1.1" 500 - 0 0.000 0.001
2025-11-08 16:20:59,618 1 ERROR ? odoo.http: Exception during request handling. 
Traceback (most recent call last):
  File "/usr/lib/python3/dist-packages/odoo/http.py", line 2389, in __call__
    request._post_init()
  File "/usr/lib/python3/dist-packages/odoo/http.py", line 1574, in _post_init
    self.session, self.db = self._get_session_and_dbname()
  File "/usr/lib/python3/dist-packages/odoo/http.py", line 1580, in _get_session_and_dbname
    session = root.session_store.new()
  File "/usr/lib/python3/dist-packages/odoo/tools/func.py", line 28, in __get__
    value = self.fget(obj)
  File "/usr/lib/python3/dist-packages/odoo/http.py", line 2315, in session_store
    path = odoo.tools.config.session_dir
  File "/usr/lib/python3/dist-packages/odoo/tools/config.py", line 790, in session_dir
    os.makedirs(d, 0o700)
  File "/usr/lib/python3.10/os.py", line 225, in makedirs
    mkdir(name, mode)
PermissionError: [Errno 13] Permission denied: '/var/lib/odoo/.local/share/Odoo/sessions'
2025-11-08 16:20:59,619 1 INFO ? werkzeug: 127.0.0.1 - - [08/Nov/2025 16:20:59] "GET /web HTTP/1.1" 500 - 0 0.000 0.001
2025-11-08 16:21:06,872 1 INFO odoo-boats-db odoo.service.server: Initiating shutdown 
2025-11-08 16:21:06,873 1 INFO odoo-boats-db odoo.service.server: Hit CTRL-C again or send a second signal to force the shutdown. 
2025-11-08 16:21:07,128 1 INFO odoo-boats-db odoo.sql_db: ConnectionPool(used=0/count=0/max=64): Closed 3 connections  
