2025-11-08 13:34:57,934 1 INFO ? odoo: Odoo version 17.0-20251008 
2025-11-08 13:34:57,934 1 INFO ? odoo: Using configuration file at /etc/odoo/odoo.conf 
2025-11-08 13:34:57,934 1 INFO ? odoo: addons paths: ['/usr/lib/python3/dist-packages/odoo/addons', '/var/lib/odoo/.local/share/Odoo/addons/17.0', '/mnt/extra-addons/custom', '/mnt/extra-addons/third-party'] 
2025-11-08 13:34:57,934 1 INFO ? odoo: database: odoo@odoo-boats-db:5432 
2025-11-08 13:34:58,105 1 INFO ? odoo.addons.base.models.ir_actions_report: Will use the Wkhtmltopdf binary at /usr/local/bin/wkhtmltopdf 
2025-11-08 13:34:58,370 1 INFO ? odoo.service.server: HTTP service (werkzeug) running on 8453fcea35f5:8069 
2025-11-08 13:34:58,430 1 INFO odoo-boats-db odoo.modules.loading: loading 1 modules... 
2025-11-08 13:34:58,435 1 INFO odoo-boats-db odoo.modules.loading: 1 modules loaded in 0.00s, 0 queries (+0 extra) 
2025-11-08 13:34:58,556 1 INFO odoo-boats-db odoo.modules.loading: loading 61 modules... 
2025-11-08 13:34:59,546 1 INFO odoo-boats-db odoo.modules.loading: 61 modules loaded in 0.99s, 0 queries (+0 extra) 
2025-11-08 13:34:59,656 1 INFO odoo-boats-db odoo.modules.loading: Modules loaded. 
2025-11-08 13:34:59,667 1 INFO odoo-boats-db odoo.modules.registry: Registry loaded in 1.297s 
2025-11-08 13:35:06,652 1 INFO odoo-boats-db odoo.addons.base.models.ir_http: Generating routing map for key 1 
2025-11-08 13:35:06,706 1 INFO odoo-boats-db werkzeug: 127.0.0.1 - - [08/Nov/2025 13:35:06] "GET /web HTTP/1.1" 303 - 8 0.027 0.047
2025-11-08 13:35:16,795 1 INFO odoo-boats-db werkzeug: 127.0.0.1 - - [08/Nov/2025 13:35:16] "GET /web HTTP/1.1" 303 - 1 0.000 0.002
2025-11-08 13:35:26,870 1 INFO odoo-boats-db werkzeug: 127.0.0.1 - - [08/Nov/2025 13:35:26] "GET /web HTTP/1.1" 303 - 1 0.000 0.003
2025-11-08 13:35:30,428 1 INFO odoo-boats-db werkzeug: 172.19.0.1 - - [08/Nov/2025 13:35:30] "GET /websocket?version=17.0-1 HTTP/1.1" 101 - 4 0.023 0.009
2025-11-08 13:35:30,850 1 INFO ? odoo.addons.bus.models.bus: Bus.loop listen imbus on db postgres 
2025-11-08 13:35:31,081 1 INFO odoo-boats-db odoo.service.server: Initiating shutdown 
2025-11-08 13:35:31,081 1 INFO odoo-boats-db odoo.service.server: Hit CTRL-C again or send a second signal to force the shutdown. 
2025-11-08 13:35:31,490 1 INFO odoo-boats-db odoo.sql_db: ConnectionPool(used=0/count=0/max=64): Closed 3 connections  
