2025-11-08 13:42:25,525 1 INFO ? odoo: Odoo version 17.0-20251008 
2025-11-08 13:42:25,525 1 INFO ? odoo: Using configuration file at /etc/odoo/odoo.conf 
2025-11-08 13:42:25,525 1 INFO ? odoo: addons paths: ['/usr/lib/python3/dist-packages/odoo/addons', '/var/lib/odoo/.local/share/Odoo/addons/17.0', '/mnt/extra-addons/custom', '/mnt/extra-addons/third-party'] 
2025-11-08 13:42:25,525 1 INFO ? odoo: database: odoo@odoo-boats-db:5432 
2025-11-08 13:42:25,662 1 INFO ? odoo.addons.base.models.ir_actions_report: Will use the Wkhtmltopdf binary at /usr/local/bin/wkhtmltopdf 
2025-11-08 13:42:25,923 1 INFO ? odoo.service.server: HTTP service (werkzeug) running on 0812716aa0d7:8069 
2025-11-08 13:42:25,969 1 INFO odoo-boats-db odoo.modules.loading: loading 1 modules... 
2025-11-08 13:42:25,975 1 INFO odoo-boats-db odoo.modules.loading: 1 modules loaded in 0.01s, 0 queries (+0 extra) 
2025-11-08 13:42:26,022 1 INFO odoo-boats-db odoo.modules.loading: loading 61 modules... 
2025-11-08 13:42:26,242 1 ERROR ? odoo.http: Exception during request handling. 
Traceback (most recent call last):
  File "/usr/lib/python3/dist-packages/odoo/http.py", line 2389, in __call__
    request._post_init()
  File "/usr/lib/python3/dist-packages/odoo/http.py", line 1574, in _post_init
    self.session, self.db = self._get_session_and_dbname()
  File "/usr/lib/python3/dist-packages/odoo/http.py", line 1579, in _get_session_and_dbname
    if not sid or not root.session_store.is_valid_key(sid):
  File "/usr/lib/python3/dist-packages/odoo/tools/func.py", line 28, in __get__
    value = self.fget(obj)
  File "/usr/lib/python3/dist-packages/odoo/http.py", line 2315, in session_store
    path = odoo.tools.config.session_dir
  File "/usr/lib/python3/dist-packages/odoo/tools/config.py", line 790, in session_dir
    os.makedirs(d, 0o700)
  File "/usr/lib/python3.10/os.py", line 225, in makedirs
    mkdir(name, mode)
PermissionError: [Errno 13] Permission denied: '/var/lib/odoo/.local/share/Odoo/sessions'
2025-11-08 13:42:26,247 1 INFO ? werkzeug: 172.19.0.1 - - [08/Nov/2025 13:42:26] "GET /web HTTP/1.1" 500 - 0 0.000 0.006
2025-11-08 13:42:26,925 1 INFO odoo-boats-db odoo.modules.loading: 61 modules loaded in 0.90s, 0 queries (+0 extra) 
2025-11-08 13:42:27,053 1 INFO odoo-boats-db odoo.modules.loading: Modules loaded. 
2025-11-08 13:42:27,064 1 INFO odoo-boats-db odoo.modules.registry: Registry loaded in 1.142s 
2025-11-08 13:42:27,837 1 ERROR ? odoo.http: Exception during request handling. 
Traceback (most recent call last):
  File "/usr/lib/python3/dist-packages/odoo/http.py", line 2389, in __call__
    request._post_init()
  File "/usr/lib/python3/dist-packages/odoo/http.py", line 1574, in _post_init
    self.session, self.db = self._get_session_and_dbname()
  File "/usr/lib/python3/dist-packages/odoo/http.py", line 1579, in _get_session_and_dbname
    if not sid or not root.session_store.is_valid_key(sid):
  File "/usr/lib/python3/dist-packages/odoo/tools/func.py", line 28, in __get__
    value = self.fget(obj)
  File "/usr/lib/python3/dist-packages/odoo/http.py", line 2315, in session_store
    path = odoo.tools.config.session_dir
  File "/usr/lib/python3/dist-packages/odoo/tools/config.py", line 790, in session_dir
    os.makedirs(d, 0o700)
  File "/usr/lib/python3.10/os.py", line 225, in makedirs
    mkdir(name, mode)
PermissionError: [Errno 13] Permission denied: '/var/lib/odoo/.local/share/Odoo/sessions'
2025-11-08 13:42:27,838 1 INFO ? werkzeug: 172.19.0.1 - - [08/Nov/2025 13:42:27] "GET /web/service-worker.js HTTP/1.1" 500 - 0 0.000 0.001
2025-11-08 13:42:29,450 1 ERROR ? odoo.http: Exception during request handling. 
Traceback (most recent call last):
  File "/usr/lib/python3/dist-packages/odoo/http.py", line 2389, in __call__
    request._post_init()
  File "/usr/lib/python3/dist-packages/odoo/http.py", line 1574, in _post_init
    self.session, self.db = self._get_session_and_dbname()
  File "/usr/lib/python3/dist-packages/odoo/http.py", line 1579, in _get_session_and_dbname
    if not sid or not root.session_store.is_valid_key(sid):
  File "/usr/lib/python3/dist-packages/odoo/tools/func.py", line 28, in __get__
    value = self.fget(obj)
  File "/usr/lib/python3/dist-packages/odoo/http.py", line 2315, in session_store
    path = odoo.tools.config.session_dir
  File "/usr/lib/python3/dist-packages/odoo/tools/config.py", line 790, in session_dir
    os.makedirs(d, 0o700)
  File "/usr/lib/python3.10/os.py", line 225, in makedirs
    mkdir(name, mode)
PermissionError: [Errno 13] Permission denied: '/var/lib/odoo/.local/share/Odoo/sessions'
2025-11-08 13:42:29,452 1 INFO ? werkzeug: 172.19.0.1 - - [08/Nov/2025 13:42:29] "GET / HTTP/1.1" 500 - 0 0.000 0.002
2025-11-08 13:42:32,638 1 ERROR ? odoo.http: Exception during request handling. 
Traceback (most recent call last):
  File "/usr/lib/python3/dist-packages/odoo/http.py", line 2389, in __call__
    request._post_init()
  File "/usr/lib/python3/dist-packages/odoo/http.py", line 1574, in _post_init
    self.session, self.db = self._get_session_and_dbname()
  File "/usr/lib/python3/dist-packages/odoo/http.py", line 1579, in _get_session_and_dbname
    if not sid or not root.session_store.is_valid_key(sid):
  File "/usr/lib/python3/dist-packages/odoo/tools/func.py", line 28, in __get__
    value = self.fget(obj)
  File "/usr/lib/python3/dist-packages/odoo/http.py", line 2315, in session_store
    path = odoo.tools.config.session_dir
  File "/usr/lib/python3/dist-packages/odoo/tools/config.py", line 790, in session_dir
    os.makedirs(d, 0o700)
  File "/usr/lib/python3.10/os.py", line 225, in makedirs
    mkdir(name, mode)
PermissionError: [Errno 13] Permission denied: '/var/lib/odoo/.local/share/Odoo/sessions'
2025-11-08 13:42:32,639 1 INFO ? werkzeug: 172.19.0.1 - - [08/Nov/2025 13:42:32] "GET / HTTP/1.1" 500 - 0 0.000 0.002
2025-11-08 13:42:33,323 1 ERROR ? odoo.http: Exception during request handling. 
Traceback (most recent call last):
  File "/usr/lib/python3/dist-packages/odoo/http.py", line 2389, in __call__
    request._post_init()
  File "/usr/lib/python3/dist-packages/odoo/http.py", line 1574, in _post_init
    self.session, self.db = self._get_session_and_dbname()
  File "/usr/lib/python3/dist-packages/odoo/http.py", line 1579, in _get_session_and_dbname
    if not sid or not root.session_store.is_valid_key(sid):
  File "/usr/lib/python3/dist-packages/odoo/tools/func.py", line 28, in __get__
    value = self.fget(obj)
  File "/usr/lib/python3/dist-packages/odoo/http.py", line 2315, in session_store
    path = odoo.tools.config.session_dir
  File "/usr/lib/python3/dist-packages/odoo/tools/config.py", line 790, in session_dir
    os.makedirs(d, 0o700)
  File "/usr/lib/python3.10/os.py", line 225, in makedirs
    mkdir(name, mode)
PermissionError: [Errno 13] Permission denied: '/var/lib/odoo/.local/share/Odoo/sessions'
2025-11-08 13:42:33,324 1 INFO ? werkzeug: 172.19.0.1 - - [08/Nov/2025 13:42:33] "GET / HTTP/1.1" 500 - 0 0.000 0.002
2025-11-08 13:42:33,577 1 ERROR ? odoo.http: Exception during request handling. 
Traceback (most recent call last):
  File "/usr/lib/python3/dist-packages/odoo/http.py", line 2389, in __call__
    request._post_init()
  File "/usr/lib/python3/dist-packages/odoo/http.py", line 1574, in _post_init
    self.session, self.db = self._get_session_and_dbname()
  File "/usr/lib/python3/dist-packages/odoo/http.py", line 1579, in _get_session_and_dbname
    if not sid or not root.session_store.is_valid_key(sid):
  File "/usr/lib/python3/dist-packages/odoo/tools/func.py", line 28, in __get__
    value = self.fget(obj)
  File "/usr/lib/python3/dist-packages/odoo/http.py", line 2315, in session_store
    path = odoo.tools.config.session_dir
  File "/usr/lib/python3/dist-packages/odoo/tools/config.py", line 790, in session_dir
    os.makedirs(d, 0o700)
  File "/usr/lib/python3.10/os.py", line 225, in makedirs
    mkdir(name, mode)
PermissionError: [Errno 13] Permission denied: '/var/lib/odoo/.local/share/Odoo/sessions'
2025-11-08 13:42:33,578 1 INFO ? werkzeug: 172.19.0.1 - - [08/Nov/2025 13:42:33] "GET / HTTP/1.1" 500 - 0 0.000 0.002
2025-11-08 13:42:33,761 1 ERROR ? odoo.http: Exception during request handling. 
Traceback (most recent call last):
  File "/usr/lib/python3/dist-packages/odoo/http.py", line 2389, in __call__
    request._post_init()
  File "/usr/lib/python3/dist-packages/odoo/http.py", line 1574, in _post_init
    self.session, self.db = self._get_session_and_dbname()
  File "/usr/lib/python3/dist-packages/odoo/http.py", line 1579, in _get_session_and_dbname
    if not sid or not root.session_store.is_valid_key(sid):
  File "/usr/lib/python3/dist-packages/odoo/tools/func.py", line 28, in __get__
    value = self.fget(obj)
  File "/usr/lib/python3/dist-packages/odoo/http.py", line 2315, in session_store
    path = odoo.tools.config.session_dir
  File "/usr/lib/python3/dist-packages/odoo/tools/config.py", line 790, in session_dir
    os.makedirs(d, 0o700)
  File "/usr/lib/python3.10/os.py", line 225, in makedirs
    mkdir(name, mode)
PermissionError: [Errno 13] Permission denied: '/var/lib/odoo/.local/share/Odoo/sessions'
2025-11-08 13:42:33,763 1 INFO ? werkzeug: 172.19.0.1 - - [08/Nov/2025 13:42:33] "GET / HTTP/1.1" 500 - 0 0.000 0.003
2025-11-08 13:42:34,665 1 ERROR ? odoo.http: Exception during request handling. 
Traceback (most recent call last):
  File "/usr/lib/python3/dist-packages/odoo/http.py", line 2389, in __call__
    request._post_init()
  File "/usr/lib/python3/dist-packages/odoo/http.py", line 1574, in _post_init
    self.session, self.db = self._get_session_and_dbname()
  File "/usr/lib/python3/dist-packages/odoo/http.py", line 1580, in _get_session_and_dbname
    session = root.session_store.new()
  File "/usr/lib/python3/dist-packages/odoo/tools/func.py", line 28, in __get__
    value = self.fget(obj)
  File "/usr/lib/python3/dist-packages/odoo/http.py", line 2315, in session_store
    path = odoo.tools.config.session_dir
  File "/usr/lib/python3/dist-packages/odoo/tools/config.py", line 790, in session_dir
    os.makedirs(d, 0o700)
  File "/usr/lib/python3.10/os.py", line 225, in makedirs
    mkdir(name, mode)
PermissionError: [Errno 13] Permission denied: '/var/lib/odoo/.local/share/Odoo/sessions'
2025-11-08 13:42:34,666 1 INFO ? werkzeug: 127.0.0.1 - - [08/Nov/2025 13:42:34] "GET /web HTTP/1.1" 500 - 0 0.000 0.001
2025-11-08 13:42:44,739 1 ERROR ? odoo.http: Exception during request handling. 
Traceback (most recent call last):
  File "/usr/lib/python3/dist-packages/odoo/http.py", line 2389, in __call__
    request._post_init()
  File "/usr/lib/python3/dist-packages/odoo/http.py", line 1574, in _post_init
    self.session, self.db = self._get_session_and_dbname()
  File "/usr/lib/python3/dist-packages/odoo/http.py", line 1580, in _get_session_and_dbname
    session = root.session_store.new()
  File "/usr/lib/python3/dist-packages/odoo/tools/func.py", line 28, in __get__
    value = self.fget(obj)
  File "/usr/lib/python3/dist-packages/odoo/http.py", line 2315, in session_store
    path = odoo.tools.config.session_dir
  File "/usr/lib/python3/dist-packages/odoo/tools/config.py", line 790, in session_dir
    os.makedirs(d, 0o700)
  File "/usr/lib/python3.10/os.py", line 225, in makedirs
    mkdir(name, mode)
PermissionError: [Errno 13] Permission denied: '/var/lib/odoo/.local/share/Odoo/sessions'
2025-11-08 13:42:44,739 1 INFO ? werkzeug: 127.0.0.1 - - [08/Nov/2025 13:42:44] "GET /web HTTP/1.1" 500 - 0 0.000 0.001
2025-11-08 13:42:54,819 1 ERROR ? odoo.http: Exception during request handling. 
Traceback (most recent call last):
  File "/usr/lib/python3/dist-packages/odoo/http.py", line 2389, in __call__
    request._post_init()
  File "/usr/lib/python3/dist-packages/odoo/http.py", line 1574, in _post_init
    self.session, self.db = self._get_session_and_dbname()
  File "/usr/lib/python3/dist-packages/odoo/http.py", line 1580, in _get_session_and_dbname
    session = root.session_store.new()
  File "/usr/lib/python3/dist-packages/odoo/tools/func.py", line 28, in __get__
    value = self.fget(obj)
  File "/usr/lib/python3/dist-packages/odoo/http.py", line 2315, in session_store
    path = odoo.tools.config.session_dir
  File "/usr/lib/python3/dist-packages/odoo/tools/config.py", line 790, in session_dir
    os.makedirs(d, 0o700)
  File "/usr/lib/python3.10/os.py", line 225, in makedirs
    mkdir(name, mode)
PermissionError: [Errno 13] Permission denied: '/var/lib/odoo/.local/share/Odoo/sessions'
2025-11-08 13:42:54,820 1 INFO ? werkzeug: 127.0.0.1 - - [08/Nov/2025 13:42:54] "GET /web HTTP/1.1" 500 - 0 0.000 0.001
2025-11-08 13:43:04,903 1 ERROR ? odoo.http: Exception during request handling. 
Traceback (most recent call last):
  File "/usr/lib/python3/dist-packages/odoo/http.py", line 2389, in __call__
    request._post_init()
  File "/usr/lib/python3/dist-packages/odoo/http.py", line 1574, in _post_init
    self.session, self.db = self._get_session_and_dbname()
  File "/usr/lib/python3/dist-packages/odoo/http.py", line 1580, in _get_session_and_dbname
    session = root.session_store.new()
  File "/usr/lib/python3/dist-packages/odoo/tools/func.py", line 28, in __get__
    value = self.fget(obj)
  File "/usr/lib/python3/dist-packages/odoo/http.py", line 2315, in session_store
    path = odoo.tools.config.session_dir
  File "/usr/lib/python3/dist-packages/odoo/tools/config.py", line 790, in session_dir
    os.makedirs(d, 0o700)
  File "/usr/lib/python3.10/os.py", line 225, in makedirs
    mkdir(name, mode)
PermissionError: [Errno 13] Permission denied: '/var/lib/odoo/.local/share/Odoo/sessions'
2025-11-08 13:43:04,903 1 INFO ? werkzeug: 127.0.0.1 - - [08/Nov/2025 13:43:04] "GET /web HTTP/1.1" 500 - 0 0.000 0.001
2025-11-08 13:43:15,002 1 ERROR ? odoo.http: Exception during request handling. 
Traceback (most recent call last):
  File "/usr/lib/python3/dist-packages/odoo/http.py", line 2389, in __call__
    request._post_init()
  File "/usr/lib/python3/dist-packages/odoo/http.py", line 1574, in _post_init
    self.session, self.db = self._get_session_and_dbname()
  File "/usr/lib/python3/dist-packages/odoo/http.py", line 1580, in _get_session_and_dbname
    session = root.session_store.new()
  File "/usr/lib/python3/dist-packages/odoo/tools/func.py", line 28, in __get__
    value = self.fget(obj)
  File "/usr/lib/python3/dist-packages/odoo/http.py", line 2315, in session_store
    path = odoo.tools.config.session_dir
  File "/usr/lib/python3/dist-packages/odoo/tools/config.py", line 790, in session_dir
    os.makedirs(d, 0o700)
  File "/usr/lib/python3.10/os.py", line 225, in makedirs
    mkdir(name, mode)
PermissionError: [Errno 13] Permission denied: '/var/lib/odoo/.local/share/Odoo/sessions'
2025-11-08 13:43:15,002 1 INFO ? werkzeug: 127.0.0.1 - - [08/Nov/2025 13:43:15] "GET /web HTTP/1.1" 500 - 0 0.000 0.001
2025-11-08 13:43:25,105 1 ERROR ? odoo.http: Exception during request handling. 
Traceback (most recent call last):
  File "/usr/lib/python3/dist-packages/odoo/http.py", line 2389, in __call__
    request._post_init()
  File "/usr/lib/python3/dist-packages/odoo/http.py", line 1574, in _post_init
    self.session, self.db = self._get_session_and_dbname()
  File "/usr/lib/python3/dist-packages/odoo/http.py", line 1580, in _get_session_and_dbname
    session = root.session_store.new()
  File "/usr/lib/python3/dist-packages/odoo/tools/func.py", line 28, in __get__
    value = self.fget(obj)
  File "/usr/lib/python3/dist-packages/odoo/http.py", line 2315, in session_store
    path = odoo.tools.config.session_dir
  File "/usr/lib/python3/dist-packages/odoo/tools/config.py", line 790, in session_dir
    os.makedirs(d, 0o700)
  File "/usr/lib/python3.10/os.py", line 225, in makedirs
    mkdir(name, mode)
PermissionError: [Errno 13] Permission denied: '/var/lib/odoo/.local/share/Odoo/sessions'
2025-11-08 13:43:25,106 1 INFO ? werkzeug: 127.0.0.1 - - [08/Nov/2025 13:43:25] "GET /web HTTP/1.1" 500 - 0 0.000 0.001
2025-11-08 13:43:27,280 1 INFO odoo-boats-db odoo.addons.base.models.ir_cron: Starting job `Mail: Fetchmail Service`. 
2025-11-08 13:43:27,298 1 INFO odoo-boats-db odoo.addons.mail.models.fetchmail: start checking for new emails on imap server mail.yayboat.com 
2025-11-08 13:43:27,628 1 INFO odoo-boats-db odoo.addons.mail.models.fetchmail: Fetched 0 email(s) on imap server mail.yayboat.com; 0 succeeded, 0 failed. 
2025-11-08 13:43:27,697 1 INFO odoo-boats-db odoo.addons.base.models.ir_cron: Job done: `Mail: Fetchmail Service` (0.416s). 
2025-11-08 13:43:35,219 1 ERROR ? odoo.http: Exception during request handling. 
Traceback (most recent call last):
  File "/usr/lib/python3/dist-packages/odoo/http.py", line 2389, in __call__
    request._post_init()
  File "/usr/lib/python3/dist-packages/odoo/http.py", line 1574, in _post_init
    self.session, self.db = self._get_session_and_dbname()
  File "/usr/lib/python3/dist-packages/odoo/http.py", line 1580, in _get_session_and_dbname
    session = root.session_store.new()
  File "/usr/lib/python3/dist-packages/odoo/tools/func.py", line 28, in __get__
    value = self.fget(obj)
  File "/usr/lib/python3/dist-packages/odoo/http.py", line 2315, in session_store
    path = odoo.tools.config.session_dir
  File "/usr/lib/python3/dist-packages/odoo/tools/config.py", line 790, in session_dir
    os.makedirs(d, 0o700)
  File "/usr/lib/python3.10/os.py", line 225, in makedirs
    mkdir(name, mode)
PermissionError: [Errno 13] Permission denied: '/var/lib/odoo/.local/share/Odoo/sessions'
2025-11-08 13:43:35,220 1 INFO ? werkzeug: 127.0.0.1 - - [08/Nov/2025 13:43:35] "GET /web HTTP/1.1" 500 - 0 0.000 0.001
2025-11-08 13:43:45,311 1 ERROR ? odoo.http: Exception during request handling. 
Traceback (most recent call last):
  File "/usr/lib/python3/dist-packages/odoo/http.py", line 2389, in __call__
    request._post_init()
  File "/usr/lib/python3/dist-packages/odoo/http.py", line 1574, in _post_init
    self.session, self.db = self._get_session_and_dbname()
  File "/usr/lib/python3/dist-packages/odoo/http.py", line 1580, in _get_session_and_dbname
    session = root.session_store.new()
  File "/usr/lib/python3/dist-packages/odoo/tools/func.py", line 28, in __get__
    value = self.fget(obj)
  File "/usr/lib/python3/dist-packages/odoo/http.py", line 2315, in session_store
    path = odoo.tools.config.session_dir
  File "/usr/lib/python3/dist-packages/odoo/tools/config.py", line 790, in session_dir
    os.makedirs(d, 0o700)
  File "/usr/lib/python3.10/os.py", line 225, in makedirs
    mkdir(name, mode)
PermissionError: [Errno 13] Permission denied: '/var/lib/odoo/.local/share/Odoo/sessions'
2025-11-08 13:43:45,312 1 INFO ? werkzeug: 127.0.0.1 - - [08/Nov/2025 13:43:45] "GET /web HTTP/1.1" 500 - 0 0.000 0.001
2025-11-08 13:43:55,366 1 ERROR ? odoo.http: Exception during request handling. 
Traceback (most recent call last):
  File "/usr/lib/python3/dist-packages/odoo/http.py", line 2389, in __call__
    request._post_init()
  File "/usr/lib/python3/dist-packages/odoo/http.py", line 1574, in _post_init
    self.session, self.db = self._get_session_and_dbname()
  File "/usr/lib/python3/dist-packages/odoo/http.py", line 1580, in _get_session_and_dbname
    session = root.session_store.new()
  File "/usr/lib/python3/dist-packages/odoo/tools/func.py", line 28, in __get__
    value = self.fget(obj)
  File "/usr/lib/python3/dist-packages/odoo/http.py", line 2315, in session_store
    path = odoo.tools.config.session_dir
  File "/usr/lib/python3/dist-packages/odoo/tools/config.py", line 790, in session_dir
    os.makedirs(d, 0o700)
  File "/usr/lib/python3.10/os.py", line 225, in makedirs
    mkdir(name, mode)
PermissionError: [Errno 13] Permission denied: '/var/lib/odoo/.local/share/Odoo/sessions'
2025-11-08 13:43:55,366 1 INFO ? werkzeug: 127.0.0.1 - - [08/Nov/2025 13:43:55] "GET /web HTTP/1.1" 500 - 0 0.000 0.001
2025-11-08 13:44:05,457 1 ERROR ? odoo.http: Exception during request handling. 
Traceback (most recent call last):
  File "/usr/lib/python3/dist-packages/odoo/http.py", line 2389, in __call__
    request._post_init()
  File "/usr/lib/python3/dist-packages/odoo/http.py", line 1574, in _post_init
    self.session, self.db = self._get_session_and_dbname()
  File "/usr/lib/python3/dist-packages/odoo/http.py", line 1580, in _get_session_and_dbname
    session = root.session_store.new()
  File "/usr/lib/python3/dist-packages/odoo/tools/func.py", line 28, in __get__
    value = self.fget(obj)
  File "/usr/lib/python3/dist-packages/odoo/http.py", line 2315, in session_store
    path = odoo.tools.config.session_dir
  File "/usr/lib/python3/dist-packages/odoo/tools/config.py", line 790, in session_dir
    os.makedirs(d, 0o700)
  File "/usr/lib/python3.10/os.py", line 225, in makedirs
    mkdir(name, mode)
PermissionError: [Errno 13] Permission denied: '/var/lib/odoo/.local/share/Odoo/sessions'
2025-11-08 13:44:05,458 1 INFO ? werkzeug: 127.0.0.1 - - [08/Nov/2025 13:44:05] "GET /web HTTP/1.1" 500 - 0 0.000 0.001
2025-11-08 13:44:15,531 1 ERROR ? odoo.http: Exception during request handling. 
Traceback (most recent call last):
  File "/usr/lib/python3/dist-packages/odoo/http.py", line 2389, in __call__
    request._post_init()
  File "/usr/lib/python3/dist-packages/odoo/http.py", line 1574, in _post_init
    self.session, self.db = self._get_session_and_dbname()
  File "/usr/lib/python3/dist-packages/odoo/http.py", line 1580, in _get_session_and_dbname
    session = root.session_store.new()
  File "/usr/lib/python3/dist-packages/odoo/tools/func.py", line 28, in __get__
    value = self.fget(obj)
  File "/usr/lib/python3/dist-packages/odoo/http.py", line 2315, in session_store
    path = odoo.tools.config.session_dir
  File "/usr/lib/python3/dist-packages/odoo/tools/config.py", line 790, in session_dir
    os.makedirs(d, 0o700)
  File "/usr/lib/python3.10/os.py", line 225, in makedirs
    mkdir(name, mode)
PermissionError: [Errno 13] Permission denied: '/var/lib/odoo/.local/share/Odoo/sessions'
2025-11-08 13:44:15,532 1 INFO ? werkzeug: 127.0.0.1 - - [08/Nov/2025 13:44:15] "GET /web HTTP/1.1" 500 - 0 0.000 0.001
2025-11-08 13:44:25,640 1 ERROR ? odoo.http: Exception during request handling. 
Traceback (most recent call last):
  File "/usr/lib/python3/dist-packages/odoo/http.py", line 2389, in __call__
    request._post_init()
  File "/usr/lib/python3/dist-packages/odoo/http.py", line 1574, in _post_init
    self.session, self.db = self._get_session_and_dbname()
  File "/usr/lib/python3/dist-packages/odoo/http.py", line 1580, in _get_session_and_dbname
    session = root.session_store.new()
  File "/usr/lib/python3/dist-packages/odoo/tools/func.py", line 28, in __get__
    value = self.fget(obj)
  File "/usr/lib/python3/dist-packages/odoo/http.py", line 2315, in session_store
    path = odoo.tools.config.session_dir
  File "/usr/lib/python3/dist-packages/odoo/tools/config.py", line 790, in session_dir
    os.makedirs(d, 0o700)
  File "/usr/lib/python3.10/os.py", line 225, in makedirs
    mkdir(name, mode)
PermissionError: [Errno 13] Permission denied: '/var/lib/odoo/.local/share/Odoo/sessions'
2025-11-08 13:44:25,640 1 INFO ? werkzeug: 127.0.0.1 - - [08/Nov/2025 13:44:25] "GET /web HTTP/1.1" 500 - 0 0.000 0.001
2025-11-08 13:44:35,719 1 ERROR ? odoo.http: Exception during request handling. 
Traceback (most recent call last):
  File "/usr/lib/python3/dist-packages/odoo/http.py", line 2389, in __call__
    request._post_init()
  File "/usr/lib/python3/dist-packages/odoo/http.py", line 1574, in _post_init
    self.session, self.db = self._get_session_and_dbname()
  File "/usr/lib/python3/dist-packages/odoo/http.py", line 1580, in _get_session_and_dbname
    session = root.session_store.new()
  File "/usr/lib/python3/dist-packages/odoo/tools/func.py", line 28, in __get__
    value = self.fget(obj)
  File "/usr/lib/python3/dist-packages/odoo/http.py", line 2315, in session_store
    path = odoo.tools.config.session_dir
  File "/usr/lib/python3/dist-packages/odoo/tools/config.py", line 790, in session_dir
    os.makedirs(d, 0o700)
  File "/usr/lib/python3.10/os.py", line 225, in makedirs
    mkdir(name, mode)
PermissionError: [Errno 13] Permission denied: '/var/lib/odoo/.local/share/Odoo/sessions'
2025-11-08 13:44:35,720 1 INFO ? werkzeug: 127.0.0.1 - - [08/Nov/2025 13:44:35] "GET /web HTTP/1.1" 500 - 0 0.000 0.001
2025-11-08 13:44:45,796 1 ERROR ? odoo.http: Exception during request handling. 
Traceback (most recent call last):
  File "/usr/lib/python3/dist-packages/odoo/http.py", line 2389, in __call__
    request._post_init()
  File "/usr/lib/python3/dist-packages/odoo/http.py", line 1574, in _post_init
    self.session, self.db = self._get_session_and_dbname()
  File "/usr/lib/python3/dist-packages/odoo/http.py", line 1580, in _get_session_and_dbname
    session = root.session_store.new()
  File "/usr/lib/python3/dist-packages/odoo/tools/func.py", line 28, in __get__
    value = self.fget(obj)
  File "/usr/lib/python3/dist-packages/odoo/http.py", line 2315, in session_store
    path = odoo.tools.config.session_dir
  File "/usr/lib/python3/dist-packages/odoo/tools/config.py", line 790, in session_dir
    os.makedirs(d, 0o700)
  File "/usr/lib/python3.10/os.py", line 225, in makedirs
    mkdir(name, mode)
PermissionError: [Errno 13] Permission denied: '/var/lib/odoo/.local/share/Odoo/sessions'
2025-11-08 13:44:45,797 1 INFO ? werkzeug: 127.0.0.1 - - [08/Nov/2025 13:44:45] "GET /web HTTP/1.1" 500 - 0 0.000 0.001
2025-11-08 13:44:55,893 1 ERROR ? odoo.http: Exception during request handling. 
Traceback (most recent call last):
  File "/usr/lib/python3/dist-packages/odoo/http.py", line 2389, in __call__
    request._post_init()
  File "/usr/lib/python3/dist-packages/odoo/http.py", line 1574, in _post_init
    self.session, self.db = self._get_session_and_dbname()
  File "/usr/lib/python3/dist-packages/odoo/http.py", line 1580, in _get_session_and_dbname
    session = root.session_store.new()
  File "/usr/lib/python3/dist-packages/odoo/tools/func.py", line 28, in __get__
    value = self.fget(obj)
  File "/usr/lib/python3/dist-packages/odoo/http.py", line 2315, in session_store
    path = odoo.tools.config.session_dir
  File "/usr/lib/python3/dist-packages/odoo/tools/config.py", line 790, in session_dir
    os.makedirs(d, 0o700)
  File "/usr/lib/python3.10/os.py", line 225, in makedirs
    mkdir(name, mode)
PermissionError: [Errno 13] Permission denied: '/var/lib/odoo/.local/share/Odoo/sessions'
2025-11-08 13:44:55,894 1 INFO ? werkzeug: 127.0.0.1 - - [08/Nov/2025 13:44:55] "GET /web HTTP/1.1" 500 - 0 0.000 0.001
2025-11-08 13:45:05,948 1 ERROR ? odoo.http: Exception during request handling. 
Traceback (most recent call last):
  File "/usr/lib/python3/dist-packages/odoo/http.py", line 2389, in __call__
    request._post_init()
  File "/usr/lib/python3/dist-packages/odoo/http.py", line 1574, in _post_init
    self.session, self.db = self._get_session_and_dbname()
  File "/usr/lib/python3/dist-packages/odoo/http.py", line 1580, in _get_session_and_dbname
    session = root.session_store.new()
  File "/usr/lib/python3/dist-packages/odoo/tools/func.py", line 28, in __get__
    value = self.fget(obj)
  File "/usr/lib/python3/dist-packages/odoo/http.py", line 2315, in session_store
    path = odoo.tools.config.session_dir
  File "/usr/lib/python3/dist-packages/odoo/tools/config.py", line 790, in session_dir
    os.makedirs(d, 0o700)
  File "/usr/lib/python3.10/os.py", line 225, in makedirs
    mkdir(name, mode)
PermissionError: [Errno 13] Permission denied: '/var/lib/odoo/.local/share/Odoo/sessions'
2025-11-08 13:45:05,948 1 INFO ? werkzeug: 127.0.0.1 - - [08/Nov/2025 13:45:05] "GET /web HTTP/1.1" 500 - 0 0.000 0.001
2025-11-08 13:45:16,023 1 ERROR ? odoo.http: Exception during request handling. 
Traceback (most recent call last):
  File "/usr/lib/python3/dist-packages/odoo/http.py", line 2389, in __call__
    request._post_init()
  File "/usr/lib/python3/dist-packages/odoo/http.py", line 1574, in _post_init
    self.session, self.db = self._get_session_and_dbname()
  File "/usr/lib/python3/dist-packages/odoo/http.py", line 1580, in _get_session_and_dbname
    session = root.session_store.new()
  File "/usr/lib/python3/dist-packages/odoo/tools/func.py", line 28, in __get__
    value = self.fget(obj)
  File "/usr/lib/python3/dist-packages/odoo/http.py", line 2315, in session_store
    path = odoo.tools.config.session_dir
  File "/usr/lib/python3/dist-packages/odoo/tools/config.py", line 790, in session_dir
    os.makedirs(d, 0o700)
  File "/usr/lib/python3.10/os.py", line 225, in makedirs
    mkdir(name, mode)
PermissionError: [Errno 13] Permission denied: '/var/lib/odoo/.local/share/Odoo/sessions'
2025-11-08 13:45:16,023 1 INFO ? werkzeug: 127.0.0.1 - - [08/Nov/2025 13:45:16] "GET /web HTTP/1.1" 500 - 0 0.000 0.001
2025-11-08 13:45:26,120 1 ERROR ? odoo.http: Exception during request handling. 
Traceback (most recent call last):
  File "/usr/lib/python3/dist-packages/odoo/http.py", line 2389, in __call__
    request._post_init()
  File "/usr/lib/python3/dist-packages/odoo/http.py", line 1574, in _post_init
    self.session, self.db = self._get_session_and_dbname()
  File "/usr/lib/python3/dist-packages/odoo/http.py", line 1580, in _get_session_and_dbname
    session = root.session_store.new()
  File "/usr/lib/python3/dist-packages/odoo/tools/func.py", line 28, in __get__
    value = self.fget(obj)
  File "/usr/lib/python3/dist-packages/odoo/http.py", line 2315, in session_store
    path = odoo.tools.config.session_dir
  File "/usr/lib/python3/dist-packages/odoo/tools/config.py", line 790, in session_dir
    os.makedirs(d, 0o700)
  File "/usr/lib/python3.10/os.py", line 225, in makedirs
    mkdir(name, mode)
PermissionError: [Errno 13] Permission denied: '/var/lib/odoo/.local/share/Odoo/sessions'
2025-11-08 13:45:26,121 1 INFO ? werkzeug: 127.0.0.1 - - [08/Nov/2025 13:45:26] "GET /web HTTP/1.1" 500 - 0 0.000 0.001
2025-11-08 13:45:36,249 1 INFO odoo-boats-db odoo.addons.base.models.ir_http: Generating routing map for key 1 
2025-11-08 13:45:36,343 1 INFO odoo-boats-db werkzeug: 127.0.0.1 - - [08/Nov/2025 13:45:36] "GET /web HTTP/1.1" 303 - 8 0.027 0.091
2025-11-08 13:45:40,751 1 INFO odoo-boats-db odoo.service.server: Initiating shutdown 
2025-11-08 13:45:40,751 1 INFO odoo-boats-db odoo.service.server: Hit CTRL-C again or send a second signal to force the shutdown. 
2025-11-08 13:45:41,235 1 INFO odoo-boats-db odoo.sql_db: ConnectionPool(used=0/count=0/max=64): Closed 5 connections  
