2025-11-02 12:11:09,155 1 INFO ? odoo.modules.loading: loading 1 modules... 
2025-11-02 12:11:09,159 1 INFO ? odoo.modules.loading: 1 modules loaded in 0.00s, 0 queries (+0 extra) 
2025-11-02 12:11:09,164 1 INFO ? odoo.modules.loading: loading 62 modules... 
2025-11-02 12:11:09,184 1 CRITICAL ? odoo.modules.module: Couldn't load module boat_base 
2025-11-02 12:11:09,187 1 WARNING ? odoo.modules.loading: Transient module states were reset 
2025-11-02 12:11:09,187 1 ERROR ? odoo.modules.registry: Failed to load registry 
Traceback (most recent call last):
  File "/usr/lib/python3/dist-packages/odoo/modules/registry.py", line 87, in __new__
    return cls.registries[db_name]
  File "<decorator-gen-5>", line 2, in __getitem__
  File "/usr/lib/python3/dist-packages/odoo/tools/func.py", line 87, in locked
    return func(inst, *args, **kwargs)
  File "/usr/lib/python3/dist-packages/odoo/tools/lru.py", line 34, in __getitem__
    a = self.d[obj]
KeyError: 'odoo-boats-db'

During handling of the above exception, another exception occurred:

Traceback (most recent call last):
  File "/usr/lib/python3/dist-packages/odoo/modules/registry.py", line 110, in new
    odoo.modules.load_modules(registry, force_demo, status, update_module)
  File "/usr/lib/python3/dist-packages/odoo/modules/loading.py", line 481, in load_modules
    processed_modules += load_marked_modules(env, graph,
  File "/usr/lib/python3/dist-packages/odoo/modules/loading.py", line 366, in load_marked_modules
    loaded, processed = load_module_graph(
  File "/usr/lib/python3/dist-packages/odoo/modules/loading.py", line 187, in load_module_graph
    load_openerp_module(package.name)
  File "/usr/lib/python3/dist-packages/odoo/modules/module.py", line 395, in load_openerp_module
    __import__(qualname)
  File "/mnt/extra-addons/custom/boat_base/__init__.py", line 3, in <module>
    from . import boat_image_upload_wizard
ImportError: cannot import name 'boat_image_upload_wizard' from partially initialized module 'odoo.addons.boat_base' (most likely due to a circular import) (/mnt/extra-addons/custom/boat_base/__init__.py)
2025-11-02 12:11:09,187 1 ERROR ? odoo.http: Exception during request handling. 
Traceback (most recent call last):
  File "/usr/lib/python3/dist-packages/odoo/modules/registry.py", line 87, in __new__
    return cls.registries[db_name]
  File "<decorator-gen-5>", line 2, in __getitem__
  File "/usr/lib/python3/dist-packages/odoo/tools/func.py", line 87, in locked
    return func(inst, *args, **kwargs)
  File "/usr/lib/python3/dist-packages/odoo/tools/lru.py", line 34, in __getitem__
    a = self.d[obj]
KeyError: 'odoo-boats-db'

During handling of the above exception, another exception occurred:

Traceback (most recent call last):
  File "/usr/lib/python3/dist-packages/odoo/http.py", line 2396, in __call__
    response = request._serve_db()
  File "/usr/lib/python3/dist-packages/odoo/http.py", line 1949, in _serve_db
    self.registry = Registry(self.db).check_signaling()
  File "/usr/lib/python3/dist-packages/odoo/modules/registry.py", line 89, in __new__
    return cls.new(db_name)
  File "<decorator-gen-16>", line 2, in new
  File "/usr/lib/python3/dist-packages/odoo/tools/func.py", line 87, in locked
    return func(inst, *args, **kwargs)
  File "/usr/lib/python3/dist-packages/odoo/modules/registry.py", line 110, in new
    odoo.modules.load_modules(registry, force_demo, status, update_module)
  File "/usr/lib/python3/dist-packages/odoo/modules/loading.py", line 481, in load_modules
    processed_modules += load_marked_modules(env, graph,
  File "/usr/lib/python3/dist-packages/odoo/modules/loading.py", line 366, in load_marked_modules
    loaded, processed = load_module_graph(
  File "/usr/lib/python3/dist-packages/odoo/modules/loading.py", line 187, in load_module_graph
    load_openerp_module(package.name)
  File "/usr/lib/python3/dist-packages/odoo/modules/module.py", line 395, in load_openerp_module
    __import__(qualname)
  File "/mnt/extra-addons/custom/boat_base/__init__.py", line 3, in <module>
    from . import boat_image_upload_wizard
ImportError: cannot import name 'boat_image_upload_wizard' from partially initialized module 'odoo.addons.boat_base' (most likely due to a circular import) (/mnt/extra-addons/custom/boat_base/__init__.py)
2025-11-02 12:11:09,188 1 INFO ? werkzeug: 127.0.0.1 - - [02/Nov/2025 12:11:09] "GET /web HTTP/1.1" 500 - 12 0.006 0.033
2025-11-02 12:11:16,044 1 INFO odoo-boats-db odoo.service.server: Initiating shutdown 
2025-11-02 12:11:16,044 1 INFO odoo-boats-db odoo.service.server: Hit CTRL-C again or send a second signal to force the shutdown. 
2025-11-02 12:11:16,163 1 INFO odoo-boats-db odoo.sql_db: ConnectionPool(used=0/count=0/max=64): Closed 3 connections  
