2025-11-08 16:11:25,889 1 INFO ? odoo: Odoo version 17.0-20251008 
2025-11-08 16:11:25,889 1 INFO ? odoo: Using configuration file at /etc/odoo/odoo.conf 
2025-11-08 16:11:25,889 1 INFO ? odoo: addons paths: ['/usr/lib/python3/dist-packages/odoo/addons', '/var/lib/odoo/.local/share/Odoo/addons/17.0', '/mnt/extra-addons/custom', '/mnt/extra-addons/third-party'] 
2025-11-08 16:11:25,889 1 INFO ? odoo: database: odoo@odoo-boats-db:5432 
2025-11-08 16:11:26,023 1 INFO ? odoo.addons.base.models.ir_actions_report: Will use the Wkhtmltopdf binary at /usr/local/bin/wkhtmltopdf 
2025-11-08 16:11:26,276 1 INFO ? odoo.service.server: HTTP service (werkzeug) running on 4e8ff8b54d0a:8069 
2025-11-08 16:11:26,289 1 INFO odoo-boats-db odoo.modules.loading: loading 1 modules... 
2025-11-08 16:11:26,294 1 INFO odoo-boats-db odoo.modules.loading: 1 modules loaded in 0.00s, 0 queries (+0 extra) 
2025-11-08 16:11:26,331 1 INFO odoo-boats-db odoo.modules.loading: loading 61 modules... 
2025-11-08 16:11:27,168 1 INFO odoo-boats-db odoo.modules.loading: 61 modules loaded in 0.84s, 0 queries (+0 extra) 
2025-11-08 16:11:27,248 1 INFO odoo-boats-db odoo.modules.loading: Modules loaded. 
2025-11-08 16:11:27,250 1 INFO odoo-boats-db odoo.modules.registry: Registry loaded in 0.975s 
2025-11-08 16:11:34,998 1 INFO odoo-boats-db odoo.addons.base.models.ir_http: Generating routing map for key 1 
2025-11-08 16:11:35,044 1 INFO odoo-boats-db werkzeug: 127.0.0.1 - - [08/Nov/2025 16:11:35] "GET /web HTTP/1.1" 303 - 8 0.013 0.046
2025-11-08 16:11:45,136 1 INFO odoo-boats-db werkzeug: 127.0.0.1 - - [08/Nov/2025 16:11:45] "GET /web HTTP/1.1" 303 - 1 0.001 0.004
2025-11-08 16:11:46,808 1 INFO odoo-boats-db werkzeug: 172.19.0.1 - - [08/Nov/2025 16:11:46] "GET / HTTP/1.1" 200 - 151 0.091 0.449
2025-11-08 16:11:47,654 1 ERROR ? odoo.http: Exception during request handling. 
Traceback (most recent call last):
  File "/usr/lib/python3/dist-packages/odoo/http.py", line 2392, in __call__
    if self.get_static_file(httprequest.path):
  File "/usr/lib/python3/dist-packages/odoo/http.py", line 2292, in get_static_file
    if (module not in self.statics or static != 'static' or not resource):
  File "/usr/lib/python3/dist-packages/odoo/tools/func.py", line 28, in __get__
    value = self.fget(obj)
  File "/usr/lib/python3/dist-packages/odoo/http.py", line 2262, in statics
    manifest = get_manifest(module)
  File "/usr/lib/python3/dist-packages/odoo/modules/module.py", line 369, in get_manifest
    return copy.deepcopy(_get_manifest_cached(module, mod_path))
  File "/usr/lib/python3/dist-packages/odoo/modules/module.py", line 373, in _get_manifest_cached
    return load_manifest(module, mod_path)
  File "/usr/lib/python3/dist-packages/odoo/modules/module.py", line 319, in load_manifest
    manifest.update(ast.literal_eval(f.read()))
  File "/usr/lib/python3/dist-packages/odoo/tools/_monkeypatches.py", line 88, in literal_eval
    return orig_literal_eval(expr)
  File "/usr/lib/python3.10/ast.py", line 110, in literal_eval
    return _convert(node_or_string)
  File "/usr/lib/python3.10/ast.py", line 99, in _convert
    return dict(zip(map(_convert, node.keys),
  File "/usr/lib/python3.10/ast.py", line 109, in _convert
    return _convert_signed_num(node)
  File "/usr/lib/python3.10/ast.py", line 83, in _convert_signed_num
    return _convert_num(node)
  File "/usr/lib/python3.10/ast.py", line 74, in _convert_num
    _raise_malformed_node(node)
  File "/usr/lib/python3.10/ast.py", line 71, in _raise_malformed_node
    raise ValueError(msg + f': {node!r}')
ValueError: malformed node or string on line 14: <ast.Name object at 0x759fbd81beb0>
2025-11-08 16:11:47,655 1 ERROR ? odoo.http: Exception during request handling. 
Traceback (most recent call last):
  File "/usr/lib/python3/dist-packages/odoo/http.py", line 2392, in __call__
    if self.get_static_file(httprequest.path):
  File "/usr/lib/python3/dist-packages/odoo/http.py", line 2292, in get_static_file
    if (module not in self.statics or static != 'static' or not resource):
  File "/usr/lib/python3/dist-packages/odoo/tools/func.py", line 28, in __get__
    value = self.fget(obj)
  File "/usr/lib/python3/dist-packages/odoo/http.py", line 2262, in statics
    manifest = get_manifest(module)
  File "/usr/lib/python3/dist-packages/odoo/modules/module.py", line 369, in get_manifest
    return copy.deepcopy(_get_manifest_cached(module, mod_path))
  File "/usr/lib/python3/dist-packages/odoo/modules/module.py", line 373, in _get_manifest_cached
    return load_manifest(module, mod_path)
  File "/usr/lib/python3/dist-packages/odoo/modules/module.py", line 319, in load_manifest
    manifest.update(ast.literal_eval(f.read()))
  File "/usr/lib/python3/dist-packages/odoo/tools/_monkeypatches.py", line 88, in literal_eval
    return orig_literal_eval(expr)
  File "/usr/lib/python3.10/ast.py", line 110, in literal_eval
    return _convert(node_or_string)
  File "/usr/lib/python3.10/ast.py", line 99, in _convert
    return dict(zip(map(_convert, node.keys),
  File "/usr/lib/python3.10/ast.py", line 109, in _convert
    return _convert_signed_num(node)
  File "/usr/lib/python3.10/ast.py", line 83, in _convert_signed_num
    return _convert_num(node)
  File "/usr/lib/python3.10/ast.py", line 74, in _convert_num
    _raise_malformed_node(node)
  File "/usr/lib/python3.10/ast.py", line 71, in _raise_malformed_node
    raise ValueError(msg + f': {node!r}')
ValueError: malformed node or string on line 14: <ast.Name object at 0x759fbd81a020>
2025-11-08 16:11:47,659 1 INFO ? werkzeug: 172.19.0.1 - - [08/Nov/2025 16:11:47] "GET /web/assets/1/c1a06c1/web.assets_frontend.min.css HTTP/1.1" 500 - 0 0.000 0.831
2025-11-08 16:11:47,660 1 INFO ? werkzeug: 172.19.0.1 - - [08/Nov/2025 16:11:47] "GET /web/static/src/libs/fontawesome/fonts/fontawesome-webfont.woff2?v=4.7.0 HTTP/1.1" 500 - 0 0.000 0.830
2025-11-08 16:11:47,756 1 ERROR ? odoo.http: Exception during request handling. 
Traceback (most recent call last):
  File "/usr/lib/python3/dist-packages/odoo/http.py", line 2392, in __call__
    if self.get_static_file(httprequest.path):
  File "/usr/lib/python3/dist-packages/odoo/http.py", line 2292, in get_static_file
    if (module not in self.statics or static != 'static' or not resource):
  File "/usr/lib/python3/dist-packages/odoo/tools/func.py", line 28, in __get__
    value = self.fget(obj)
  File "/usr/lib/python3/dist-packages/odoo/http.py", line 2262, in statics
    manifest = get_manifest(module)
  File "/usr/lib/python3/dist-packages/odoo/modules/module.py", line 369, in get_manifest
    return copy.deepcopy(_get_manifest_cached(module, mod_path))
  File "/usr/lib/python3/dist-packages/odoo/modules/module.py", line 373, in _get_manifest_cached
    return load_manifest(module, mod_path)
  File "/usr/lib/python3/dist-packages/odoo/modules/module.py", line 319, in load_manifest
    manifest.update(ast.literal_eval(f.read()))
  File "/usr/lib/python3/dist-packages/odoo/tools/_monkeypatches.py", line 88, in literal_eval
    return orig_literal_eval(expr)
  File "/usr/lib/python3.10/ast.py", line 110, in literal_eval
    return _convert(node_or_string)
  File "/usr/lib/python3.10/ast.py", line 99, in _convert
    return dict(zip(map(_convert, node.keys),
  File "/usr/lib/python3.10/ast.py", line 109, in _convert
    return _convert_signed_num(node)
  File "/usr/lib/python3.10/ast.py", line 83, in _convert_signed_num
    return _convert_num(node)
  File "/usr/lib/python3.10/ast.py", line 74, in _convert_num
    _raise_malformed_node(node)
  File "/usr/lib/python3.10/ast.py", line 71, in _raise_malformed_node
    raise ValueError(msg + f': {node!r}')
ValueError: malformed node or string on line 14: <ast.Name object at 0x759fbd8fa2f0>
2025-11-08 16:11:47,766 1 INFO ? werkzeug: 172.19.0.1 - - [08/Nov/2025 16:11:47] "GET /web/assets/1/9ee6232/web.assets_frontend_minimal.min.js HTTP/1.1" 500 - 0 0.000 0.098
2025-11-08 16:11:47,799 1 ERROR ? odoo.http: Exception during request handling. 
Traceback (most recent call last):
  File "/usr/lib/python3/dist-packages/odoo/http.py", line 2392, in __call__
    if self.get_static_file(httprequest.path):
  File "/usr/lib/python3/dist-packages/odoo/http.py", line 2292, in get_static_file
    if (module not in self.statics or static != 'static' or not resource):
  File "/usr/lib/python3/dist-packages/odoo/tools/func.py", line 28, in __get__
    value = self.fget(obj)
  File "/usr/lib/python3/dist-packages/odoo/http.py", line 2262, in statics
    manifest = get_manifest(module)
  File "/usr/lib/python3/dist-packages/odoo/modules/module.py", line 369, in get_manifest
    return copy.deepcopy(_get_manifest_cached(module, mod_path))
  File "/usr/lib/python3/dist-packages/odoo/modules/module.py", line 373, in _get_manifest_cached
    return load_manifest(module, mod_path)
  File "/usr/lib/python3/dist-packages/odoo/modules/module.py", line 319, in load_manifest
    manifest.update(ast.literal_eval(f.read()))
  File "/usr/lib/python3/dist-packages/odoo/tools/_monkeypatches.py", line 88, in literal_eval
    return orig_literal_eval(expr)
  File "/usr/lib/python3.10/ast.py", line 110, in literal_eval
    return _convert(node_or_string)
  File "/usr/lib/python3.10/ast.py", line 99, in _convert
    return dict(zip(map(_convert, node.keys),
  File "/usr/lib/python3.10/ast.py", line 109, in _convert
    return _convert_signed_num(node)
  File "/usr/lib/python3.10/ast.py", line 83, in _convert_signed_num
    return _convert_num(node)
  File "/usr/lib/python3.10/ast.py", line 74, in _convert_num
    _raise_malformed_node(node)
  File "/usr/lib/python3.10/ast.py", line 71, in _raise_malformed_node
    raise ValueError(msg + f': {node!r}')
ValueError: malformed node or string on line 14: <ast.Name object at 0x759fbd8d2710>
2025-11-08 16:11:47,800 1 INFO ? werkzeug: 172.19.0.1 - - [08/Nov/2025 16:11:47] "GET /web/static/img/odoo_logo_tiny.png HTTP/1.1" 500 - 0 0.000 0.109
2025-11-08 16:11:47,808 1 ERROR ? odoo.http: Exception during request handling. 
Traceback (most recent call last):
  File "/usr/lib/python3/dist-packages/odoo/http.py", line 2392, in __call__
    if self.get_static_file(httprequest.path):
  File "/usr/lib/python3/dist-packages/odoo/http.py", line 2292, in get_static_file
    if (module not in self.statics or static != 'static' or not resource):
  File "/usr/lib/python3/dist-packages/odoo/tools/func.py", line 28, in __get__
    value = self.fget(obj)
  File "/usr/lib/python3/dist-packages/odoo/http.py", line 2262, in statics
    manifest = get_manifest(module)
  File "/usr/lib/python3/dist-packages/odoo/modules/module.py", line 369, in get_manifest
    return copy.deepcopy(_get_manifest_cached(module, mod_path))
  File "/usr/lib/python3/dist-packages/odoo/modules/module.py", line 373, in _get_manifest_cached
    return load_manifest(module, mod_path)
  File "/usr/lib/python3/dist-packages/odoo/modules/module.py", line 319, in load_manifest
    manifest.update(ast.literal_eval(f.read()))
  File "/usr/lib/python3/dist-packages/odoo/tools/_monkeypatches.py", line 88, in literal_eval
    return orig_literal_eval(expr)
  File "/usr/lib/python3.10/ast.py", line 110, in literal_eval
    return _convert(node_or_string)
  File "/usr/lib/python3.10/ast.py", line 99, in _convert
    return dict(zip(map(_convert, node.keys),
  File "/usr/lib/python3.10/ast.py", line 109, in _convert
    return _convert_signed_num(node)
  File "/usr/lib/python3.10/ast.py", line 83, in _convert_signed_num
    return _convert_num(node)
  File "/usr/lib/python3.10/ast.py", line 74, in _convert_num
    _raise_malformed_node(node)
  File "/usr/lib/python3.10/ast.py", line 71, in _raise_malformed_node
    raise ValueError(msg + f': {node!r}')
ValueError: malformed node or string on line 14: <ast.Name object at 0x759fbd8d3d30>
2025-11-08 16:11:47,816 1 INFO ? werkzeug: 172.19.0.1 - - [08/Nov/2025 16:11:47] "GET /web/image/website/1/logo/Yay%21%20Boat?unique=492153b HTTP/1.1" 500 - 0 0.000 0.128
2025-11-08 16:11:47,832 1 ERROR ? odoo.http: Exception during request handling. 
Traceback (most recent call last):
  File "/usr/lib/python3/dist-packages/odoo/http.py", line 2392, in __call__
    if self.get_static_file(httprequest.path):
  File "/usr/lib/python3/dist-packages/odoo/http.py", line 2292, in get_static_file
    if (module not in self.statics or static != 'static' or not resource):
  File "/usr/lib/python3/dist-packages/odoo/tools/func.py", line 28, in __get__
    value = self.fget(obj)
  File "/usr/lib/python3/dist-packages/odoo/http.py", line 2262, in statics
    manifest = get_manifest(module)
  File "/usr/lib/python3/dist-packages/odoo/modules/module.py", line 369, in get_manifest
    return copy.deepcopy(_get_manifest_cached(module, mod_path))
  File "/usr/lib/python3/dist-packages/odoo/modules/module.py", line 373, in _get_manifest_cached
    return load_manifest(module, mod_path)
  File "/usr/lib/python3/dist-packages/odoo/modules/module.py", line 319, in load_manifest
    manifest.update(ast.literal_eval(f.read()))
  File "/usr/lib/python3/dist-packages/odoo/tools/_monkeypatches.py", line 88, in literal_eval
    return orig_literal_eval(expr)
  File "/usr/lib/python3.10/ast.py", line 110, in literal_eval
    return _convert(node_or_string)
  File "/usr/lib/python3.10/ast.py", line 99, in _convert
    return dict(zip(map(_convert, node.keys),
  File "/usr/lib/python3.10/ast.py", line 109, in _convert
    return _convert_signed_num(node)
  File "/usr/lib/python3.10/ast.py", line 83, in _convert_signed_num
    return _convert_num(node)
  File "/usr/lib/python3.10/ast.py", line 74, in _convert_num
    _raise_malformed_node(node)
  File "/usr/lib/python3.10/ast.py", line 71, in _raise_malformed_node
    raise ValueError(msg + f': {node!r}')
ValueError: malformed node or string on line 14: <ast.Name object at 0x759fbd73eb30>
2025-11-08 16:11:47,833 1 INFO ? werkzeug: 172.19.0.1 - - [08/Nov/2025 16:11:47] "GET /web/image/website/1/favicon?unique=492153b HTTP/1.1" 500 - 0 0.000 0.039
2025-11-08 16:11:55,215 1 INFO odoo-boats-db werkzeug: 127.0.0.1 - - [08/Nov/2025 16:11:55] "GET /web HTTP/1.1" 303 - 1 0.000 0.003
2025-11-08 16:11:57,010 1 INFO odoo-boats-db werkzeug: 172.19.0.1 - - [08/Nov/2025 16:11:57] "GET / HTTP/1.1" 200 - 8 0.005 0.016
2025-11-08 16:11:57,121 1 ERROR ? odoo.http: Exception during request handling. 
Traceback (most recent call last):
  File "/usr/lib/python3/dist-packages/odoo/http.py", line 2392, in __call__
    if self.get_static_file(httprequest.path):
  File "/usr/lib/python3/dist-packages/odoo/http.py", line 2292, in get_static_file
    if (module not in self.statics or static != 'static' or not resource):
  File "/usr/lib/python3/dist-packages/odoo/tools/func.py", line 28, in __get__
    value = self.fget(obj)
  File "/usr/lib/python3/dist-packages/odoo/http.py", line 2262, in statics
    manifest = get_manifest(module)
  File "/usr/lib/python3/dist-packages/odoo/modules/module.py", line 369, in get_manifest
    return copy.deepcopy(_get_manifest_cached(module, mod_path))
  File "/usr/lib/python3/dist-packages/odoo/modules/module.py", line 373, in _get_manifest_cached
    return load_manifest(module, mod_path)
  File "/usr/lib/python3/dist-packages/odoo/modules/module.py", line 319, in load_manifest
    manifest.update(ast.literal_eval(f.read()))
  File "/usr/lib/python3/dist-packages/odoo/tools/_monkeypatches.py", line 88, in literal_eval
    return orig_literal_eval(expr)
  File "/usr/lib/python3.10/ast.py", line 110, in literal_eval
    return _convert(node_or_string)
  File "/usr/lib/python3.10/ast.py", line 99, in _convert
    return dict(zip(map(_convert, node.keys),
  File "/usr/lib/python3.10/ast.py", line 109, in _convert
    return _convert_signed_num(node)
  File "/usr/lib/python3.10/ast.py", line 83, in _convert_signed_num
    return _convert_num(node)
  File "/usr/lib/python3.10/ast.py", line 74, in _convert_num
    _raise_malformed_node(node)
  File "/usr/lib/python3.10/ast.py", line 71, in _raise_malformed_node
    raise ValueError(msg + f': {node!r}')
ValueError: malformed node or string on line 14: <ast.Name object at 0x759fbd73d240>
2025-11-08 16:11:57,122 1 INFO ? werkzeug: 172.19.0.1 - - [08/Nov/2025 16:11:57] "GET /web/static/src/libs/fontawesome/fonts/fontawesome-webfont.woff2?v=4.7.0 HTTP/1.1" 500 - 0 0.000 0.084
2025-11-08 16:11:57,123 1 ERROR ? odoo.http: Exception during request handling. 
Traceback (most recent call last):
  File "/usr/lib/python3/dist-packages/odoo/http.py", line 2392, in __call__
    if self.get_static_file(httprequest.path):
  File "/usr/lib/python3/dist-packages/odoo/http.py", line 2292, in get_static_file
    if (module not in self.statics or static != 'static' or not resource):
  File "/usr/lib/python3/dist-packages/odoo/tools/func.py", line 28, in __get__
    value = self.fget(obj)
  File "/usr/lib/python3/dist-packages/odoo/http.py", line 2262, in statics
    manifest = get_manifest(module)
  File "/usr/lib/python3/dist-packages/odoo/modules/module.py", line 369, in get_manifest
    return copy.deepcopy(_get_manifest_cached(module, mod_path))
  File "/usr/lib/python3/dist-packages/odoo/modules/module.py", line 373, in _get_manifest_cached
    return load_manifest(module, mod_path)
  File "/usr/lib/python3/dist-packages/odoo/modules/module.py", line 319, in load_manifest
    manifest.update(ast.literal_eval(f.read()))
  File "/usr/lib/python3/dist-packages/odoo/tools/_monkeypatches.py", line 88, in literal_eval
    return orig_literal_eval(expr)
  File "/usr/lib/python3.10/ast.py", line 110, in literal_eval
    return _convert(node_or_string)
  File "/usr/lib/python3.10/ast.py", line 99, in _convert
    return dict(zip(map(_convert, node.keys),
  File "/usr/lib/python3.10/ast.py", line 109, in _convert
    return _convert_signed_num(node)
  File "/usr/lib/python3.10/ast.py", line 83, in _convert_signed_num
    return _convert_num(node)
  File "/usr/lib/python3.10/ast.py", line 74, in _convert_num
    _raise_malformed_node(node)
  File "/usr/lib/python3.10/ast.py", line 71, in _raise_malformed_node
    raise ValueError(msg + f': {node!r}')
ValueError: malformed node or string on line 14: <ast.Name object at 0x759fbd73e590>
2025-11-08 16:11:57,123 1 INFO ? werkzeug: 172.19.0.1 - - [08/Nov/2025 16:11:57] "GET /web/assets/1/c1a06c1/web.assets_frontend.min.css HTTP/1.1" 500 - 0 0.000 0.079
2025-11-08 16:11:57,162 1 ERROR ? odoo.http: Exception during request handling. 
Traceback (most recent call last):
  File "/usr/lib/python3/dist-packages/odoo/http.py", line 2392, in __call__
    if self.get_static_file(httprequest.path):
  File "/usr/lib/python3/dist-packages/odoo/http.py", line 2292, in get_static_file
    if (module not in self.statics or static != 'static' or not resource):
  File "/usr/lib/python3/dist-packages/odoo/tools/func.py", line 28, in __get__
    value = self.fget(obj)
  File "/usr/lib/python3/dist-packages/odoo/http.py", line 2262, in statics
    manifest = get_manifest(module)
  File "/usr/lib/python3/dist-packages/odoo/modules/module.py", line 369, in get_manifest
    return copy.deepcopy(_get_manifest_cached(module, mod_path))
  File "/usr/lib/python3/dist-packages/odoo/modules/module.py", line 373, in _get_manifest_cached
    return load_manifest(module, mod_path)
  File "/usr/lib/python3/dist-packages/odoo/modules/module.py", line 319, in load_manifest
    manifest.update(ast.literal_eval(f.read()))
  File "/usr/lib/python3/dist-packages/odoo/tools/_monkeypatches.py", line 88, in literal_eval
    return orig_literal_eval(expr)
  File "/usr/lib/python3.10/ast.py", line 110, in literal_eval
    return _convert(node_or_string)
  File "/usr/lib/python3.10/ast.py", line 99, in _convert
    return dict(zip(map(_convert, node.keys),
  File "/usr/lib/python3.10/ast.py", line 109, in _convert
    return _convert_signed_num(node)
  File "/usr/lib/python3.10/ast.py", line 83, in _convert_signed_num
    return _convert_num(node)
  File "/usr/lib/python3.10/ast.py", line 74, in _convert_num
    _raise_malformed_node(node)
  File "/usr/lib/python3.10/ast.py", line 71, in _raise_malformed_node
    raise ValueError(msg + f': {node!r}')
ValueError: malformed node or string on line 14: <ast.Name object at 0x759fbd73c4c0>
2025-11-08 16:11:57,162 1 INFO ? werkzeug: 172.19.0.1 - - [08/Nov/2025 16:11:57] "GET /web/assets/1/9ee6232/web.assets_frontend_minimal.min.js HTTP/1.1" 500 - 0 0.000 0.030
2025-11-08 16:11:57,313 1 ERROR ? odoo.http: Exception during request handling. 
Traceback (most recent call last):
  File "/usr/lib/python3/dist-packages/odoo/http.py", line 2392, in __call__
    if self.get_static_file(httprequest.path):
  File "/usr/lib/python3/dist-packages/odoo/http.py", line 2292, in get_static_file
    if (module not in self.statics or static != 'static' or not resource):
  File "/usr/lib/python3/dist-packages/odoo/tools/func.py", line 28, in __get__
    value = self.fget(obj)
  File "/usr/lib/python3/dist-packages/odoo/http.py", line 2262, in statics
    manifest = get_manifest(module)
  File "/usr/lib/python3/dist-packages/odoo/modules/module.py", line 369, in get_manifest
    return copy.deepcopy(_get_manifest_cached(module, mod_path))
  File "/usr/lib/python3/dist-packages/odoo/modules/module.py", line 373, in _get_manifest_cached
    return load_manifest(module, mod_path)
  File "/usr/lib/python3/dist-packages/odoo/modules/module.py", line 319, in load_manifest
    manifest.update(ast.literal_eval(f.read()))
  File "/usr/lib/python3/dist-packages/odoo/tools/_monkeypatches.py", line 88, in literal_eval
    return orig_literal_eval(expr)
  File "/usr/lib/python3.10/ast.py", line 110, in literal_eval
    return _convert(node_or_string)
  File "/usr/lib/python3.10/ast.py", line 99, in _convert
    return dict(zip(map(_convert, node.keys),
  File "/usr/lib/python3.10/ast.py", line 109, in _convert
    return _convert_signed_num(node)
  File "/usr/lib/python3.10/ast.py", line 83, in _convert_signed_num
    return _convert_num(node)
  File "/usr/lib/python3.10/ast.py", line 74, in _convert_num
    _raise_malformed_node(node)
  File "/usr/lib/python3.10/ast.py", line 71, in _raise_malformed_node
    raise ValueError(msg + f': {node!r}')
ValueError: malformed node or string on line 14: <ast.Name object at 0x759fbd73e620>
2025-11-08 16:11:57,320 1 INFO ? werkzeug: 172.19.0.1 - - [08/Nov/2025 16:11:57] "GET /web/image/website/1/logo/Yay%21%20Boat?unique=492153b HTTP/1.1" 500 - 0 0.000 0.124
2025-11-08 16:11:57,324 1 ERROR ? odoo.http: Exception during request handling. 
Traceback (most recent call last):
  File "/usr/lib/python3/dist-packages/odoo/http.py", line 2392, in __call__
    if self.get_static_file(httprequest.path):
  File "/usr/lib/python3/dist-packages/odoo/http.py", line 2292, in get_static_file
    if (module not in self.statics or static != 'static' or not resource):
  File "/usr/lib/python3/dist-packages/odoo/tools/func.py", line 28, in __get__
    value = self.fget(obj)
  File "/usr/lib/python3/dist-packages/odoo/http.py", line 2262, in statics
    manifest = get_manifest(module)
  File "/usr/lib/python3/dist-packages/odoo/modules/module.py", line 369, in get_manifest
    return copy.deepcopy(_get_manifest_cached(module, mod_path))
  File "/usr/lib/python3/dist-packages/odoo/modules/module.py", line 373, in _get_manifest_cached
    return load_manifest(module, mod_path)
  File "/usr/lib/python3/dist-packages/odoo/modules/module.py", line 319, in load_manifest
    manifest.update(ast.literal_eval(f.read()))
  File "/usr/lib/python3/dist-packages/odoo/tools/_monkeypatches.py", line 88, in literal_eval
    return orig_literal_eval(expr)
  File "/usr/lib/python3.10/ast.py", line 110, in literal_eval
    return _convert(node_or_string)
  File "/usr/lib/python3.10/ast.py", line 99, in _convert
    return dict(zip(map(_convert, node.keys),
  File "/usr/lib/python3.10/ast.py", line 109, in _convert
    return _convert_signed_num(node)
  File "/usr/lib/python3.10/ast.py", line 83, in _convert_signed_num
    return _convert_num(node)
  File "/usr/lib/python3.10/ast.py", line 74, in _convert_num
    _raise_malformed_node(node)
  File "/usr/lib/python3.10/ast.py", line 71, in _raise_malformed_node
    raise ValueError(msg + f': {node!r}')
ValueError: malformed node or string on line 14: <ast.Name object at 0x759fbd73eaa0>
2025-11-08 16:11:57,328 1 INFO ? werkzeug: 172.19.0.1 - - [08/Nov/2025 16:11:57] "GET /web/image/website/1/favicon?unique=492153b HTTP/1.1" 500 - 0 0.000 0.121
2025-11-08 16:11:57,330 1 ERROR ? odoo.http: Exception during request handling. 
Traceback (most recent call last):
  File "/usr/lib/python3/dist-packages/odoo/http.py", line 2392, in __call__
    if self.get_static_file(httprequest.path):
  File "/usr/lib/python3/dist-packages/odoo/http.py", line 2292, in get_static_file
    if (module not in self.statics or static != 'static' or not resource):
  File "/usr/lib/python3/dist-packages/odoo/tools/func.py", line 28, in __get__
    value = self.fget(obj)
  File "/usr/lib/python3/dist-packages/odoo/http.py", line 2262, in statics
    manifest = get_manifest(module)
  File "/usr/lib/python3/dist-packages/odoo/modules/module.py", line 369, in get_manifest
    return copy.deepcopy(_get_manifest_cached(module, mod_path))
  File "/usr/lib/python3/dist-packages/odoo/modules/module.py", line 373, in _get_manifest_cached
    return load_manifest(module, mod_path)
  File "/usr/lib/python3/dist-packages/odoo/modules/module.py", line 319, in load_manifest
    manifest.update(ast.literal_eval(f.read()))
  File "/usr/lib/python3/dist-packages/odoo/tools/_monkeypatches.py", line 88, in literal_eval
    return orig_literal_eval(expr)
  File "/usr/lib/python3.10/ast.py", line 110, in literal_eval
    return _convert(node_or_string)
  File "/usr/lib/python3.10/ast.py", line 99, in _convert
    return dict(zip(map(_convert, node.keys),
  File "/usr/lib/python3.10/ast.py", line 109, in _convert
    return _convert_signed_num(node)
  File "/usr/lib/python3.10/ast.py", line 83, in _convert_signed_num
    return _convert_num(node)
  File "/usr/lib/python3.10/ast.py", line 74, in _convert_num
    _raise_malformed_node(node)
  File "/usr/lib/python3.10/ast.py", line 71, in _raise_malformed_node
    raise ValueError(msg + f': {node!r}')
ValueError: malformed node or string on line 14: <ast.Name object at 0x759fbd8d3c40>
2025-11-08 16:11:57,331 1 INFO ? werkzeug: 172.19.0.1 - - [08/Nov/2025 16:11:57] "GET /web/static/img/odoo_logo_tiny.png HTTP/1.1" 500 - 0 0.000 0.133
2025-11-08 16:12:05,299 1 INFO odoo-boats-db werkzeug: 127.0.0.1 - - [08/Nov/2025 16:12:05] "GET /web HTTP/1.1" 303 - 1 0.000 0.002
2025-11-08 16:12:15,379 1 INFO odoo-boats-db werkzeug: 127.0.0.1 - - [08/Nov/2025 16:12:15] "GET /web HTTP/1.1" 303 - 1 0.001 0.003
2025-11-08 16:12:21,293 1 INFO odoo-boats-db werkzeug: 172.19.0.1 - - [08/Nov/2025 16:12:21] "GET / HTTP/1.1" 200 - 7 0.009 0.016
2025-11-08 16:12:21,408 1 ERROR ? odoo.http: Exception during request handling. 
Traceback (most recent call last):
  File "/usr/lib/python3/dist-packages/odoo/http.py", line 2392, in __call__
    if self.get_static_file(httprequest.path):
  File "/usr/lib/python3/dist-packages/odoo/http.py", line 2292, in get_static_file
    if (module not in self.statics or static != 'static' or not resource):
  File "/usr/lib/python3/dist-packages/odoo/tools/func.py", line 28, in __get__
    value = self.fget(obj)
  File "/usr/lib/python3/dist-packages/odoo/http.py", line 2262, in statics
    manifest = get_manifest(module)
  File "/usr/lib/python3/dist-packages/odoo/modules/module.py", line 369, in get_manifest
    return copy.deepcopy(_get_manifest_cached(module, mod_path))
  File "/usr/lib/python3/dist-packages/odoo/modules/module.py", line 373, in _get_manifest_cached
    return load_manifest(module, mod_path)
  File "/usr/lib/python3/dist-packages/odoo/modules/module.py", line 319, in load_manifest
    manifest.update(ast.literal_eval(f.read()))
  File "/usr/lib/python3/dist-packages/odoo/tools/_monkeypatches.py", line 88, in literal_eval
    return orig_literal_eval(expr)
  File "/usr/lib/python3.10/ast.py", line 110, in literal_eval
    return _convert(node_or_string)
  File "/usr/lib/python3.10/ast.py", line 99, in _convert
    return dict(zip(map(_convert, node.keys),
  File "/usr/lib/python3.10/ast.py", line 109, in _convert
    return _convert_signed_num(node)
  File "/usr/lib/python3.10/ast.py", line 83, in _convert_signed_num
    return _convert_num(node)
  File "/usr/lib/python3.10/ast.py", line 74, in _convert_num
    _raise_malformed_node(node)
  File "/usr/lib/python3.10/ast.py", line 71, in _raise_malformed_node
    raise ValueError(msg + f': {node!r}')
ValueError: malformed node or string on line 14: <ast.Name object at 0x759fbd997c40>
2025-11-08 16:12:21,408 1 ERROR ? odoo.http: Exception during request handling. 
Traceback (most recent call last):
  File "/usr/lib/python3/dist-packages/odoo/http.py", line 2392, in __call__
    if self.get_static_file(httprequest.path):
  File "/usr/lib/python3/dist-packages/odoo/http.py", line 2292, in get_static_file
    if (module not in self.statics or static != 'static' or not resource):
  File "/usr/lib/python3/dist-packages/odoo/tools/func.py", line 28, in __get__
    value = self.fget(obj)
  File "/usr/lib/python3/dist-packages/odoo/http.py", line 2262, in statics
    manifest = get_manifest(module)
  File "/usr/lib/python3/dist-packages/odoo/modules/module.py", line 369, in get_manifest
    return copy.deepcopy(_get_manifest_cached(module, mod_path))
  File "/usr/lib/python3/dist-packages/odoo/modules/module.py", line 373, in _get_manifest_cached
    return load_manifest(module, mod_path)
  File "/usr/lib/python3/dist-packages/odoo/modules/module.py", line 319, in load_manifest
    manifest.update(ast.literal_eval(f.read()))
  File "/usr/lib/python3/dist-packages/odoo/tools/_monkeypatches.py", line 88, in literal_eval
    return orig_literal_eval(expr)
  File "/usr/lib/python3.10/ast.py", line 110, in literal_eval
    return _convert(node_or_string)
  File "/usr/lib/python3.10/ast.py", line 99, in _convert
    return dict(zip(map(_convert, node.keys),
  File "/usr/lib/python3.10/ast.py", line 109, in _convert
    return _convert_signed_num(node)
  File "/usr/lib/python3.10/ast.py", line 83, in _convert_signed_num
    return _convert_num(node)
  File "/usr/lib/python3.10/ast.py", line 74, in _convert_num
    _raise_malformed_node(node)
  File "/usr/lib/python3.10/ast.py", line 71, in _raise_malformed_node
    raise ValueError(msg + f': {node!r}')
ValueError: malformed node or string on line 14: <ast.Name object at 0x759fbd73d4e0>
2025-11-08 16:12:21,409 1 INFO ? werkzeug: 172.19.0.1 - - [08/Nov/2025 16:12:21] "GET /web/assets/1/c1a06c1/web.assets_frontend.min.css HTTP/1.1" 500 - 0 0.000 0.075
2025-11-08 16:12:21,409 1 INFO ? werkzeug: 172.19.0.1 - - [08/Nov/2025 16:12:21] "GET /web/static/src/libs/fontawesome/fonts/fontawesome-webfont.woff2?v=4.7.0 HTTP/1.1" 500 - 0 0.000 0.084
2025-11-08 16:12:21,446 1 ERROR ? odoo.http: Exception during request handling. 
Traceback (most recent call last):
  File "/usr/lib/python3/dist-packages/odoo/http.py", line 2392, in __call__
    if self.get_static_file(httprequest.path):
  File "/usr/lib/python3/dist-packages/odoo/http.py", line 2292, in get_static_file
    if (module not in self.statics or static != 'static' or not resource):
  File "/usr/lib/python3/dist-packages/odoo/tools/func.py", line 28, in __get__
    value = self.fget(obj)
  File "/usr/lib/python3/dist-packages/odoo/http.py", line 2262, in statics
    manifest = get_manifest(module)
  File "/usr/lib/python3/dist-packages/odoo/modules/module.py", line 369, in get_manifest
    return copy.deepcopy(_get_manifest_cached(module, mod_path))
  File "/usr/lib/python3/dist-packages/odoo/modules/module.py", line 373, in _get_manifest_cached
    return load_manifest(module, mod_path)
  File "/usr/lib/python3/dist-packages/odoo/modules/module.py", line 319, in load_manifest
    manifest.update(ast.literal_eval(f.read()))
  File "/usr/lib/python3/dist-packages/odoo/tools/_monkeypatches.py", line 88, in literal_eval
    return orig_literal_eval(expr)
  File "/usr/lib/python3.10/ast.py", line 110, in literal_eval
    return _convert(node_or_string)
  File "/usr/lib/python3.10/ast.py", line 99, in _convert
    return dict(zip(map(_convert, node.keys),
  File "/usr/lib/python3.10/ast.py", line 109, in _convert
    return _convert_signed_num(node)
  File "/usr/lib/python3.10/ast.py", line 83, in _convert_signed_num
    return _convert_num(node)
  File "/usr/lib/python3.10/ast.py", line 74, in _convert_num
    _raise_malformed_node(node)
  File "/usr/lib/python3.10/ast.py", line 71, in _raise_malformed_node
    raise ValueError(msg + f': {node!r}')
ValueError: malformed node or string on line 14: <ast.Name object at 0x759fbd73ed70>
2025-11-08 16:12:21,447 1 INFO ? werkzeug: 172.19.0.1 - - [08/Nov/2025 16:12:21] "GET /web/assets/1/9ee6232/web.assets_frontend_minimal.min.js HTTP/1.1" 500 - 0 0.000 0.025
2025-11-08 16:12:21,587 1 ERROR ? odoo.http: Exception during request handling. 
Traceback (most recent call last):
  File "/usr/lib/python3/dist-packages/odoo/http.py", line 2392, in __call__
    if self.get_static_file(httprequest.path):
  File "/usr/lib/python3/dist-packages/odoo/http.py", line 2292, in get_static_file
    if (module not in self.statics or static != 'static' or not resource):
  File "/usr/lib/python3/dist-packages/odoo/tools/func.py", line 28, in __get__
    value = self.fget(obj)
  File "/usr/lib/python3/dist-packages/odoo/http.py", line 2262, in statics
    manifest = get_manifest(module)
  File "/usr/lib/python3/dist-packages/odoo/modules/module.py", line 369, in get_manifest
    return copy.deepcopy(_get_manifest_cached(module, mod_path))
  File "/usr/lib/python3/dist-packages/odoo/modules/module.py", line 373, in _get_manifest_cached
    return load_manifest(module, mod_path)
  File "/usr/lib/python3/dist-packages/odoo/modules/module.py", line 319, in load_manifest
    manifest.update(ast.literal_eval(f.read()))
  File "/usr/lib/python3/dist-packages/odoo/tools/_monkeypatches.py", line 88, in literal_eval
    return orig_literal_eval(expr)
  File "/usr/lib/python3.10/ast.py", line 110, in literal_eval
    return _convert(node_or_string)
  File "/usr/lib/python3.10/ast.py", line 99, in _convert
    return dict(zip(map(_convert, node.keys),
  File "/usr/lib/python3.10/ast.py", line 109, in _convert
    return _convert_signed_num(node)
  File "/usr/lib/python3.10/ast.py", line 83, in _convert_signed_num
    return _convert_num(node)
  File "/usr/lib/python3.10/ast.py", line 74, in _convert_num
    _raise_malformed_node(node)
  File "/usr/lib/python3.10/ast.py", line 71, in _raise_malformed_node
    raise ValueError(msg + f': {node!r}')
ValueError: malformed node or string on line 14: <ast.Name object at 0x759fbd8d26e0>
2025-11-08 16:12:21,589 1 INFO ? werkzeug: 172.19.0.1 - - [08/Nov/2025 16:12:21] "GET /web/static/img/odoo_logo_tiny.png HTTP/1.1" 500 - 0 0.000 0.111
2025-11-08 16:12:21,602 1 ERROR ? odoo.http: Exception during request handling. 
Traceback (most recent call last):
  File "/usr/lib/python3/dist-packages/odoo/http.py", line 2392, in __call__
    if self.get_static_file(httprequest.path):
  File "/usr/lib/python3/dist-packages/odoo/http.py", line 2292, in get_static_file
    if (module not in self.statics or static != 'static' or not resource):
  File "/usr/lib/python3/dist-packages/odoo/tools/func.py", line 28, in __get__
    value = self.fget(obj)
  File "/usr/lib/python3/dist-packages/odoo/http.py", line 2262, in statics
    manifest = get_manifest(module)
  File "/usr/lib/python3/dist-packages/odoo/modules/module.py", line 369, in get_manifest
    return copy.deepcopy(_get_manifest_cached(module, mod_path))
  File "/usr/lib/python3/dist-packages/odoo/modules/module.py", line 373, in _get_manifest_cached
    return load_manifest(module, mod_path)
  File "/usr/lib/python3/dist-packages/odoo/modules/module.py", line 319, in load_manifest
    manifest.update(ast.literal_eval(f.read()))
  File "/usr/lib/python3/dist-packages/odoo/tools/_monkeypatches.py", line 88, in literal_eval
    return orig_literal_eval(expr)
  File "/usr/lib/python3.10/ast.py", line 110, in literal_eval
    return _convert(node_or_string)
  File "/usr/lib/python3.10/ast.py", line 99, in _convert
    return dict(zip(map(_convert, node.keys),
  File "/usr/lib/python3.10/ast.py", line 109, in _convert
    return _convert_signed_num(node)
  File "/usr/lib/python3.10/ast.py", line 83, in _convert_signed_num
    return _convert_num(node)
  File "/usr/lib/python3.10/ast.py", line 74, in _convert_num
    _raise_malformed_node(node)
  File "/usr/lib/python3.10/ast.py", line 71, in _raise_malformed_node
    raise ValueError(msg + f': {node!r}')
ValueError: malformed node or string on line 14: <ast.Name object at 0x759fbd8d3250>
2025-11-08 16:12:21,609 1 INFO ? werkzeug: 172.19.0.1 - - [08/Nov/2025 16:12:21] "GET /web/image/website/1/logo/Yay%21%20Boat?unique=492153b HTTP/1.1" 500 - 0 0.000 0.134
2025-11-08 16:12:21,611 1 ERROR ? odoo.http: Exception during request handling. 
Traceback (most recent call last):
  File "/usr/lib/python3/dist-packages/odoo/http.py", line 2392, in __call__
    if self.get_static_file(httprequest.path):
  File "/usr/lib/python3/dist-packages/odoo/http.py", line 2292, in get_static_file
    if (module not in self.statics or static != 'static' or not resource):
  File "/usr/lib/python3/dist-packages/odoo/tools/func.py", line 28, in __get__
    value = self.fget(obj)
  File "/usr/lib/python3/dist-packages/odoo/http.py", line 2262, in statics
    manifest = get_manifest(module)
  File "/usr/lib/python3/dist-packages/odoo/modules/module.py", line 369, in get_manifest
    return copy.deepcopy(_get_manifest_cached(module, mod_path))
  File "/usr/lib/python3/dist-packages/odoo/modules/module.py", line 373, in _get_manifest_cached
    return load_manifest(module, mod_path)
  File "/usr/lib/python3/dist-packages/odoo/modules/module.py", line 319, in load_manifest
    manifest.update(ast.literal_eval(f.read()))
  File "/usr/lib/python3/dist-packages/odoo/tools/_monkeypatches.py", line 88, in literal_eval
    return orig_literal_eval(expr)
  File "/usr/lib/python3.10/ast.py", line 110, in literal_eval
    return _convert(node_or_string)
  File "/usr/lib/python3.10/ast.py", line 99, in _convert
    return dict(zip(map(_convert, node.keys),
  File "/usr/lib/python3.10/ast.py", line 109, in _convert
    return _convert_signed_num(node)
  File "/usr/lib/python3.10/ast.py", line 83, in _convert_signed_num
    return _convert_num(node)
  File "/usr/lib/python3.10/ast.py", line 74, in _convert_num
    _raise_malformed_node(node)
  File "/usr/lib/python3.10/ast.py", line 71, in _raise_malformed_node
    raise ValueError(msg + f': {node!r}')
ValueError: malformed node or string on line 14: <ast.Name object at 0x759fbd8d17b0>
2025-11-08 16:12:21,612 1 INFO ? werkzeug: 172.19.0.1 - - [08/Nov/2025 16:12:21] "GET /web/image/website/1/favicon?unique=492153b HTTP/1.1" 500 - 0 0.000 0.127
2025-11-08 16:12:25,469 1 INFO odoo-boats-db werkzeug: 127.0.0.1 - - [08/Nov/2025 16:12:25] "GET /web HTTP/1.1" 303 - 1 0.001 0.002
2025-11-08 16:12:27,355 1 INFO odoo-boats-db odoo.addons.base.models.ir_cron: Starting job `Mail: Fetchmail Service`. 
2025-11-08 16:12:27,362 1 INFO odoo-boats-db odoo.addons.mail.models.fetchmail: start checking for new emails on imap server mail.yayboat.com 
2025-11-08 16:12:27,871 1 INFO odoo-boats-db odoo.addons.mail.models.fetchmail: Fetched 0 email(s) on imap server mail.yayboat.com; 0 succeeded, 0 failed. 
2025-11-08 16:12:27,937 1 INFO odoo-boats-db odoo.addons.base.models.ir_cron: Job done: `Mail: Fetchmail Service` (0.581s). 
2025-11-08 16:12:35,561 1 INFO odoo-boats-db werkzeug: 127.0.0.1 - - [08/Nov/2025 16:12:35] "GET /web HTTP/1.1" 303 - 1 0.001 0.003
2025-11-08 16:12:45,655 1 INFO odoo-boats-db werkzeug: 127.0.0.1 - - [08/Nov/2025 16:12:45] "GET /web HTTP/1.1" 303 - 1 0.000 0.004
2025-11-08 16:12:55,726 1 INFO odoo-boats-db werkzeug: 127.0.0.1 - - [08/Nov/2025 16:12:55] "GET /web HTTP/1.1" 303 - 1 0.001 0.003
2025-11-08 16:13:05,790 1 INFO odoo-boats-db werkzeug: 127.0.0.1 - - [08/Nov/2025 16:13:05] "GET /web HTTP/1.1" 303 - 1 0.000 0.003
2025-11-08 16:13:08,428 1 INFO odoo-boats-db odoo.service.server: Initiating shutdown 
2025-11-08 16:13:08,428 1 INFO odoo-boats-db odoo.service.server: Hit CTRL-C again or send a second signal to force the shutdown. 
2025-11-08 16:13:08,794 1 INFO odoo-boats-db odoo.sql_db: ConnectionPool(used=0/count=0/max=64): Closed 5 connections  
