2025-11-08 17:40:26,681 1 INFO ? odoo: Odoo version 17.0-20251008 
2025-11-08 17:40:26,681 1 INFO ? odoo: Using configuration file at /etc/odoo/odoo.conf 
2025-11-08 17:40:26,681 1 INFO ? odoo: addons paths: ['/usr/lib/python3/dist-packages/odoo/addons', '/var/lib/odoo/.local/share/Odoo/addons/17.0', '/mnt/extra-addons/custom', '/mnt/extra-addons/third-party'] 
2025-11-08 17:40:26,681 1 INFO ? odoo: database: odoo@odoo-boats-db:5432 
2025-11-08 17:40:26,818 1 INFO ? odoo.addons.base.models.ir_actions_report: Will use the Wkhtmltopdf binary at /usr/local/bin/wkhtmltopdf 
2025-11-08 17:40:27,056 1 INFO ? odoo.service.server: HTTP service (werkzeug) running on 1d3b79525f6a:8069 
2025-11-08 17:40:27,094 1 INFO odoo-boats-db odoo.modules.loading: loading 1 modules... 
2025-11-08 17:40:27,098 1 INFO odoo-boats-db odoo.modules.loading: 1 modules loaded in 0.00s, 0 queries (+0 extra) 
2025-11-08 17:40:27,145 1 INFO odoo-boats-db odoo.modules.loading: loading 61 modules... 
2025-11-08 17:40:28,021 1 INFO odoo-boats-db odoo.modules.loading: 61 modules loaded in 0.88s, 0 queries (+0 extra) 
2025-11-08 17:40:28,148 1 INFO odoo-boats-db odoo.modules.loading: Modules loaded. 
2025-11-08 17:40:28,160 1 INFO odoo-boats-db odoo.modules.registry: Registry loaded in 1.104s 
2025-11-08 17:40:30,696 1 INFO odoo-boats-db odoo.addons.base.models.ir_http: Generating routing map for key 1 
2025-11-08 17:40:30,787 1 INFO odoo-boats-db werkzeug: 172.19.0.1 - - [08/Nov/2025 17:40:30] "GET /websocket?version=17.0-1 HTTP/1.1" 101 - 11 0.074 0.052
2025-11-08 17:40:31,158 1 INFO ? odoo.addons.bus.models.bus: Bus.loop listen imbus on db postgres 
2025-11-08 17:40:35,863 1 INFO odoo-boats-db werkzeug: 127.0.0.1 - - [08/Nov/2025 17:40:35] "GET /web HTTP/1.1" 303 - 3 0.001 0.003
2025-11-08 17:40:36,352 1 ERROR odoo-boats-db odoo.addons.base.models.ir_model: Missing model boat.taxonomy.category 
2025-11-08 17:40:36,353 1 ERROR odoo-boats-db odoo.addons.base.models.ir_model: Missing model boat.boat 
2025-11-08 17:40:36,353 1 ERROR odoo-boats-db odoo.addons.base.models.ir_model: Missing model boat.location 
2025-11-08 17:40:36,353 1 ERROR odoo-boats-db odoo.addons.base.models.ir_model: Missing model boat.boat 
2025-11-08 17:40:36,353 1 ERROR odoo-boats-db odoo.addons.base.models.ir_model: Missing model boat.taxonomy 
2025-11-08 17:40:36,354 1 ERROR odoo-boats-db odoo.addons.base.models.ir_model: Missing model boat.category 
2025-11-08 17:40:36,354 1 ERROR odoo-boats-db odoo.addons.base.models.ir_model: Missing model boat.amenity 
2025-11-08 17:40:36,791 1 INFO odoo-boats-db werkzeug: 172.19.0.1 - - [08/Nov/2025 17:40:36] "GET /web/?debug=assets HTTP/1.1" 200 - 73 0.153 0.352
2025-11-08 17:40:37,508 1 ERROR ? odoo.http: Exception during request handling. 
Traceback (most recent call last):
  File "/usr/lib/python3/dist-packages/odoo/http.py", line 2392, in __call__
    if self.get_static_file(httprequest.path):
  File "/usr/lib/python3/dist-packages/odoo/http.py", line 2292, in get_static_file
    if (module not in self.statics or static != 'static' or not resource):
  File "/usr/lib/python3/dist-packages/odoo/tools/func.py", line 28, in __get__
    value = self.fget(obj)
  File "/usr/lib/python3/dist-packages/odoo/http.py", line 2262, in statics
    manifest = get_manifest(module)
  File "/usr/lib/python3/dist-packages/odoo/modules/module.py", line 369, in get_manifest
    return copy.deepcopy(_get_manifest_cached(module, mod_path))
  File "/usr/lib/python3/dist-packages/odoo/modules/module.py", line 373, in _get_manifest_cached
    return load_manifest(module, mod_path)
  File "/usr/lib/python3/dist-packages/odoo/modules/module.py", line 319, in load_manifest
    manifest.update(ast.literal_eval(f.read()))
  File "/usr/lib/python3/dist-packages/odoo/tools/_monkeypatches.py", line 88, in literal_eval
    return orig_literal_eval(expr)
  File "/usr/lib/python3.10/ast.py", line 110, in literal_eval
    return _convert(node_or_string)
  File "/usr/lib/python3.10/ast.py", line 99, in _convert
    return dict(zip(map(_convert, node.keys),
  File "/usr/lib/python3.10/ast.py", line 109, in _convert
    return _convert_signed_num(node)
  File "/usr/lib/python3.10/ast.py", line 83, in _convert_signed_num
    return _convert_num(node)
  File "/usr/lib/python3.10/ast.py", line 74, in _convert_num
    _raise_malformed_node(node)
  File "/usr/lib/python3.10/ast.py", line 71, in _raise_malformed_node
    raise ValueError(msg + f': {node!r}')
ValueError: malformed node or string on line 14: <ast.Name object at 0x7a94b9ca70a0>
2025-11-08 17:40:37,508 1 ERROR ? odoo.http: Exception during request handling. 
Traceback (most recent call last):
  File "/usr/lib/python3/dist-packages/odoo/http.py", line 2392, in __call__
    if self.get_static_file(httprequest.path):
  File "/usr/lib/python3/dist-packages/odoo/http.py", line 2292, in get_static_file
    if (module not in self.statics or static != 'static' or not resource):
  File "/usr/lib/python3/dist-packages/odoo/tools/func.py", line 28, in __get__
    value = self.fget(obj)
  File "/usr/lib/python3/dist-packages/odoo/http.py", line 2262, in statics
    manifest = get_manifest(module)
  File "/usr/lib/python3/dist-packages/odoo/modules/module.py", line 369, in get_manifest
    return copy.deepcopy(_get_manifest_cached(module, mod_path))
  File "/usr/lib/python3/dist-packages/odoo/modules/module.py", line 373, in _get_manifest_cached
    return load_manifest(module, mod_path)
  File "/usr/lib/python3/dist-packages/odoo/modules/module.py", line 319, in load_manifest
    manifest.update(ast.literal_eval(f.read()))
  File "/usr/lib/python3/dist-packages/odoo/tools/_monkeypatches.py", line 88, in literal_eval
    return orig_literal_eval(expr)
  File "/usr/lib/python3.10/ast.py", line 110, in literal_eval
    return _convert(node_or_string)
  File "/usr/lib/python3.10/ast.py", line 99, in _convert
    return dict(zip(map(_convert, node.keys),
  File "/usr/lib/python3.10/ast.py", line 109, in _convert
    return _convert_signed_num(node)
  File "/usr/lib/python3.10/ast.py", line 83, in _convert_signed_num
    return _convert_num(node)
  File "/usr/lib/python3.10/ast.py", line 74, in _convert_num
    _raise_malformed_node(node)
  File "/usr/lib/python3.10/ast.py", line 71, in _raise_malformed_node
    raise ValueError(msg + f': {node!r}')
ValueError: malformed node or string on line 14: <ast.Name object at 0x7a94b9ca5300>
2025-11-08 17:40:37,510 1 INFO ? werkzeug: 172.19.0.1 - - [08/Nov/2025 17:40:37] "GET /web/assets/debug/web.assets_web.css HTTP/1.1" 500 - 0 0.000 0.682
2025-11-08 17:40:37,511 1 INFO ? werkzeug: 172.19.0.1 - - [08/Nov/2025 17:40:37] "GET /web/assets/debug/web.assets_web.js HTTP/1.1" 500 - 0 0.000 0.681
2025-11-08 17:40:39,047 1 INFO odoo-boats-db werkzeug: 172.19.0.1 - - [08/Nov/2025 17:40:39] "GET /web/service-worker.js HTTP/1.1" 200 - 1 0.001 0.005
2025-11-08 17:40:44,419 1 INFO odoo-boats-db werkzeug: 172.19.0.1 - - [08/Nov/2025 17:40:44] "GET /web HTTP/1.1" 200 - 12 0.008 0.022
2025-11-08 17:40:44,500 1 ERROR ? odoo.http: Exception during request handling. 
Traceback (most recent call last):
  File "/usr/lib/python3/dist-packages/odoo/http.py", line 2392, in __call__
    if self.get_static_file(httprequest.path):
  File "/usr/lib/python3/dist-packages/odoo/http.py", line 2292, in get_static_file
    if (module not in self.statics or static != 'static' or not resource):
  File "/usr/lib/python3/dist-packages/odoo/tools/func.py", line 28, in __get__
    value = self.fget(obj)
  File "/usr/lib/python3/dist-packages/odoo/http.py", line 2262, in statics
    manifest = get_manifest(module)
  File "/usr/lib/python3/dist-packages/odoo/modules/module.py", line 369, in get_manifest
    return copy.deepcopy(_get_manifest_cached(module, mod_path))
  File "/usr/lib/python3/dist-packages/odoo/modules/module.py", line 373, in _get_manifest_cached
    return load_manifest(module, mod_path)
  File "/usr/lib/python3/dist-packages/odoo/modules/module.py", line 319, in load_manifest
    manifest.update(ast.literal_eval(f.read()))
  File "/usr/lib/python3/dist-packages/odoo/tools/_monkeypatches.py", line 88, in literal_eval
    return orig_literal_eval(expr)
  File "/usr/lib/python3.10/ast.py", line 110, in literal_eval
    return _convert(node_or_string)
  File "/usr/lib/python3.10/ast.py", line 99, in _convert
    return dict(zip(map(_convert, node.keys),
  File "/usr/lib/python3.10/ast.py", line 109, in _convert
    return _convert_signed_num(node)
  File "/usr/lib/python3.10/ast.py", line 83, in _convert_signed_num
    return _convert_num(node)
  File "/usr/lib/python3.10/ast.py", line 74, in _convert_num
    _raise_malformed_node(node)
  File "/usr/lib/python3.10/ast.py", line 71, in _raise_malformed_node
    raise ValueError(msg + f': {node!r}')
ValueError: malformed node or string on line 14: <ast.Name object at 0x7a94b9ac77f0>
2025-11-08 17:40:44,506 1 INFO ? werkzeug: 172.19.0.1 - - [08/Nov/2025 17:40:44] "GET /web/assets/debug/web.assets_web.css HTTP/1.1" 500 - 0 0.000 0.066
2025-11-08 17:40:44,510 1 ERROR ? odoo.http: Exception during request handling. 
Traceback (most recent call last):
  File "/usr/lib/python3/dist-packages/odoo/http.py", line 2392, in __call__
    if self.get_static_file(httprequest.path):
  File "/usr/lib/python3/dist-packages/odoo/http.py", line 2292, in get_static_file
    if (module not in self.statics or static != 'static' or not resource):
  File "/usr/lib/python3/dist-packages/odoo/tools/func.py", line 28, in __get__
    value = self.fget(obj)
  File "/usr/lib/python3/dist-packages/odoo/http.py", line 2262, in statics
    manifest = get_manifest(module)
  File "/usr/lib/python3/dist-packages/odoo/modules/module.py", line 369, in get_manifest
    return copy.deepcopy(_get_manifest_cached(module, mod_path))
  File "/usr/lib/python3/dist-packages/odoo/modules/module.py", line 373, in _get_manifest_cached
    return load_manifest(module, mod_path)
  File "/usr/lib/python3/dist-packages/odoo/modules/module.py", line 319, in load_manifest
    manifest.update(ast.literal_eval(f.read()))
  File "/usr/lib/python3/dist-packages/odoo/tools/_monkeypatches.py", line 88, in literal_eval
    return orig_literal_eval(expr)
  File "/usr/lib/python3.10/ast.py", line 110, in literal_eval
    return _convert(node_or_string)
  File "/usr/lib/python3.10/ast.py", line 99, in _convert
    return dict(zip(map(_convert, node.keys),
  File "/usr/lib/python3.10/ast.py", line 109, in _convert
    return _convert_signed_num(node)
  File "/usr/lib/python3.10/ast.py", line 83, in _convert_signed_num
    return _convert_num(node)
  File "/usr/lib/python3.10/ast.py", line 74, in _convert_num
    _raise_malformed_node(node)
  File "/usr/lib/python3.10/ast.py", line 71, in _raise_malformed_node
    raise ValueError(msg + f': {node!r}')
ValueError: malformed node or string on line 14: <ast.Name object at 0x7a94b9ad1b70>
2025-11-08 17:40:44,511 1 INFO ? werkzeug: 172.19.0.1 - - [08/Nov/2025 17:40:44] "GET /web/assets/debug/web.assets_web.js HTTP/1.1" 500 - 0 0.000 0.066
2025-11-08 17:40:45,952 1 INFO odoo-boats-db werkzeug: 127.0.0.1 - - [08/Nov/2025 17:40:45] "GET /web HTTP/1.1" 303 - 1 0.000 0.002
2025-11-08 17:40:46,072 1 INFO odoo-boats-db werkzeug: 172.19.0.1 - - [08/Nov/2025 17:40:46] "GET /web/service-worker.js HTTP/1.1" 200 - 1 0.001 0.006
2025-11-08 17:40:50,203 1 INFO odoo-boats-db werkzeug: 172.19.0.1 - - [08/Nov/2025 17:40:50] "GET /bus/websocket_worker_bundle?v=17.0-1 HTTP/1.1" 304 - 5 0.015 0.022
2025-11-08 17:40:50,307 1 ERROR ? odoo.http: Exception during request handling. 
Traceback (most recent call last):
  File "/usr/lib/python3/dist-packages/odoo/http.py", line 2392, in __call__
    if self.get_static_file(httprequest.path):
  File "/usr/lib/python3/dist-packages/odoo/http.py", line 2292, in get_static_file
    if (module not in self.statics or static != 'static' or not resource):
  File "/usr/lib/python3/dist-packages/odoo/tools/func.py", line 28, in __get__
    value = self.fget(obj)
  File "/usr/lib/python3/dist-packages/odoo/http.py", line 2262, in statics
    manifest = get_manifest(module)
  File "/usr/lib/python3/dist-packages/odoo/modules/module.py", line 369, in get_manifest
    return copy.deepcopy(_get_manifest_cached(module, mod_path))
  File "/usr/lib/python3/dist-packages/odoo/modules/module.py", line 373, in _get_manifest_cached
    return load_manifest(module, mod_path)
  File "/usr/lib/python3/dist-packages/odoo/modules/module.py", line 319, in load_manifest
    manifest.update(ast.literal_eval(f.read()))
  File "/usr/lib/python3/dist-packages/odoo/tools/_monkeypatches.py", line 88, in literal_eval
    return orig_literal_eval(expr)
  File "/usr/lib/python3.10/ast.py", line 110, in literal_eval
    return _convert(node_or_string)
  File "/usr/lib/python3.10/ast.py", line 99, in _convert
    return dict(zip(map(_convert, node.keys),
  File "/usr/lib/python3.10/ast.py", line 109, in _convert
    return _convert_signed_num(node)
  File "/usr/lib/python3.10/ast.py", line 83, in _convert_signed_num
    return _convert_num(node)
  File "/usr/lib/python3.10/ast.py", line 74, in _convert_num
    _raise_malformed_node(node)
  File "/usr/lib/python3.10/ast.py", line 71, in _raise_malformed_node
    raise ValueError(msg + f': {node!r}')
ValueError: malformed node or string on line 14: <ast.Name object at 0x7a94b9a8d450>
2025-11-08 17:40:50,317 1 ERROR ? odoo.http: Exception during request handling. 
Traceback (most recent call last):
  File "/usr/lib/python3/dist-packages/odoo/http.py", line 2392, in __call__
    if self.get_static_file(httprequest.path):
  File "/usr/lib/python3/dist-packages/odoo/http.py", line 2292, in get_static_file
    if (module not in self.statics or static != 'static' or not resource):
  File "/usr/lib/python3/dist-packages/odoo/tools/func.py", line 28, in __get__
    value = self.fget(obj)
  File "/usr/lib/python3/dist-packages/odoo/http.py", line 2262, in statics
    manifest = get_manifest(module)
  File "/usr/lib/python3/dist-packages/odoo/modules/module.py", line 369, in get_manifest
    return copy.deepcopy(_get_manifest_cached(module, mod_path))
  File "/usr/lib/python3/dist-packages/odoo/modules/module.py", line 373, in _get_manifest_cached
    return load_manifest(module, mod_path)
  File "/usr/lib/python3/dist-packages/odoo/modules/module.py", line 319, in load_manifest
    manifest.update(ast.literal_eval(f.read()))
  File "/usr/lib/python3/dist-packages/odoo/tools/_monkeypatches.py", line 88, in literal_eval
    return orig_literal_eval(expr)
  File "/usr/lib/python3.10/ast.py", line 110, in literal_eval
    return _convert(node_or_string)
  File "/usr/lib/python3.10/ast.py", line 99, in _convert
    return dict(zip(map(_convert, node.keys),
  File "/usr/lib/python3.10/ast.py", line 109, in _convert
    return _convert_signed_num(node)
  File "/usr/lib/python3.10/ast.py", line 83, in _convert_signed_num
    return _convert_num(node)
  File "/usr/lib/python3.10/ast.py", line 74, in _convert_num
    _raise_malformed_node(node)
  File "/usr/lib/python3.10/ast.py", line 71, in _raise_malformed_node
    raise ValueError(msg + f': {node!r}')
ValueError: malformed node or string on line 14: <ast.Name object at 0x7a94b9a8e560>
2025-11-08 17:40:50,317 1 INFO ? werkzeug: 172.19.0.1 - - [08/Nov/2025 17:40:50] "POST /web/action/load HTTP/1.1" 500 - 0 0.000 0.155
2025-11-08 17:40:50,319 1 INFO odoo-boats-db werkzeug: 172.19.0.1 - - [08/Nov/2025 17:40:50] "GET /websocket?version=17.0-1 HTTP/1.1" 101 - 1 0.008 0.064
2025-11-08 17:40:50,320 1 INFO ? werkzeug: 172.19.0.1 - - [08/Nov/2025 17:40:50] "POST /web/dataset/call_kw/res.users/systray_get_activities HTTP/1.1" 500 - 0 0.000 0.101
2025-11-08 17:40:50,321 1 INFO odoo-boats-db werkzeug: 172.19.0.1 - - [08/Nov/2025 17:40:50] "GET /web/image?model=res.users&field=avatar_128&id=2 HTTP/1.1" 304 - 8 0.050 0.036
2025-11-08 17:40:50,375 1 INFO odoo-boats-db werkzeug: 172.19.0.1 - - [08/Nov/2025 17:40:50] "POST /mail/init_messaging HTTP/1.1" 200 - 56 0.136 0.050
2025-11-08 17:40:50,402 1 INFO odoo-boats-db werkzeug: 172.19.0.1 - - [08/Nov/2025 17:40:50] "POST /mail/load_message_failures HTTP/1.1" 200 - 13 0.009 0.010
2025-11-08 17:40:51,885 1 INFO odoo-boats-db werkzeug: 172.19.0.1 - - [08/Nov/2025 17:40:51] "GET /web/service-worker.js HTTP/1.1" 200 - 1 0.001 0.006
2025-11-08 17:40:52,361 1 ERROR ? odoo.http: Exception during request handling. 
Traceback (most recent call last):
  File "/usr/lib/python3/dist-packages/odoo/http.py", line 2392, in __call__
    if self.get_static_file(httprequest.path):
  File "/usr/lib/python3/dist-packages/odoo/http.py", line 2292, in get_static_file
    if (module not in self.statics or static != 'static' or not resource):
  File "/usr/lib/python3/dist-packages/odoo/tools/func.py", line 28, in __get__
    value = self.fget(obj)
  File "/usr/lib/python3/dist-packages/odoo/http.py", line 2262, in statics
    manifest = get_manifest(module)
  File "/usr/lib/python3/dist-packages/odoo/modules/module.py", line 369, in get_manifest
    return copy.deepcopy(_get_manifest_cached(module, mod_path))
  File "/usr/lib/python3/dist-packages/odoo/modules/module.py", line 373, in _get_manifest_cached
    return load_manifest(module, mod_path)
  File "/usr/lib/python3/dist-packages/odoo/modules/module.py", line 319, in load_manifest
    manifest.update(ast.literal_eval(f.read()))
  File "/usr/lib/python3/dist-packages/odoo/tools/_monkeypatches.py", line 88, in literal_eval
    return orig_literal_eval(expr)
  File "/usr/lib/python3.10/ast.py", line 110, in literal_eval
    return _convert(node_or_string)
  File "/usr/lib/python3.10/ast.py", line 99, in _convert
    return dict(zip(map(_convert, node.keys),
  File "/usr/lib/python3.10/ast.py", line 109, in _convert
    return _convert_signed_num(node)
  File "/usr/lib/python3.10/ast.py", line 83, in _convert_signed_num
    return _convert_num(node)
  File "/usr/lib/python3.10/ast.py", line 74, in _convert_num
    _raise_malformed_node(node)
  File "/usr/lib/python3.10/ast.py", line 71, in _raise_malformed_node
    raise ValueError(msg + f': {node!r}')
ValueError: malformed node or string on line 14: <ast.Name object at 0x7a94b9a915a0>
2025-11-08 17:40:52,362 1 INFO ? werkzeug: 172.19.0.1 - - [08/Nov/2025 17:40:52] "POST /web/webclient/version_info HTTP/1.1" 500 - 0 0.000 0.024
2025-11-08 17:40:54,384 1 ERROR ? odoo.http: Exception during request handling. 
Traceback (most recent call last):
  File "/usr/lib/python3/dist-packages/odoo/http.py", line 2392, in __call__
    if self.get_static_file(httprequest.path):
  File "/usr/lib/python3/dist-packages/odoo/http.py", line 2292, in get_static_file
    if (module not in self.statics or static != 'static' or not resource):
  File "/usr/lib/python3/dist-packages/odoo/tools/func.py", line 28, in __get__
    value = self.fget(obj)
  File "/usr/lib/python3/dist-packages/odoo/http.py", line 2262, in statics
    manifest = get_manifest(module)
  File "/usr/lib/python3/dist-packages/odoo/modules/module.py", line 369, in get_manifest
    return copy.deepcopy(_get_manifest_cached(module, mod_path))
  File "/usr/lib/python3/dist-packages/odoo/modules/module.py", line 373, in _get_manifest_cached
    return load_manifest(module, mod_path)
  File "/usr/lib/python3/dist-packages/odoo/modules/module.py", line 319, in load_manifest
    manifest.update(ast.literal_eval(f.read()))
  File "/usr/lib/python3/dist-packages/odoo/tools/_monkeypatches.py", line 88, in literal_eval
    return orig_literal_eval(expr)
  File "/usr/lib/python3.10/ast.py", line 110, in literal_eval
    return _convert(node_or_string)
  File "/usr/lib/python3.10/ast.py", line 99, in _convert
    return dict(zip(map(_convert, node.keys),
  File "/usr/lib/python3.10/ast.py", line 109, in _convert
    return _convert_signed_num(node)
  File "/usr/lib/python3.10/ast.py", line 83, in _convert_signed_num
    return _convert_num(node)
  File "/usr/lib/python3.10/ast.py", line 74, in _convert_num
    _raise_malformed_node(node)
  File "/usr/lib/python3.10/ast.py", line 71, in _raise_malformed_node
    raise ValueError(msg + f': {node!r}')
ValueError: malformed node or string on line 14: <ast.Name object at 0x7a94b9a90190>
2025-11-08 17:40:54,385 1 INFO ? werkzeug: 172.19.0.1 - - [08/Nov/2025 17:40:54] "POST /web/action/load HTTP/1.1" 500 - 0 0.000 0.026
2025-11-08 17:40:55,905 1 ERROR ? odoo.http: Exception during request handling. 
Traceback (most recent call last):
  File "/usr/lib/python3/dist-packages/odoo/http.py", line 2392, in __call__
    if self.get_static_file(httprequest.path):
  File "/usr/lib/python3/dist-packages/odoo/http.py", line 2292, in get_static_file
    if (module not in self.statics or static != 'static' or not resource):
  File "/usr/lib/python3/dist-packages/odoo/tools/func.py", line 28, in __get__
    value = self.fget(obj)
  File "/usr/lib/python3/dist-packages/odoo/http.py", line 2262, in statics
    manifest = get_manifest(module)
  File "/usr/lib/python3/dist-packages/odoo/modules/module.py", line 369, in get_manifest
    return copy.deepcopy(_get_manifest_cached(module, mod_path))
  File "/usr/lib/python3/dist-packages/odoo/modules/module.py", line 373, in _get_manifest_cached
    return load_manifest(module, mod_path)
  File "/usr/lib/python3/dist-packages/odoo/modules/module.py", line 319, in load_manifest
    manifest.update(ast.literal_eval(f.read()))
  File "/usr/lib/python3/dist-packages/odoo/tools/_monkeypatches.py", line 88, in literal_eval
    return orig_literal_eval(expr)
  File "/usr/lib/python3.10/ast.py", line 110, in literal_eval
    return _convert(node_or_string)
  File "/usr/lib/python3.10/ast.py", line 99, in _convert
    return dict(zip(map(_convert, node.keys),
  File "/usr/lib/python3.10/ast.py", line 109, in _convert
    return _convert_signed_num(node)
  File "/usr/lib/python3.10/ast.py", line 83, in _convert_signed_num
    return _convert_num(node)
  File "/usr/lib/python3.10/ast.py", line 74, in _convert_num
    _raise_malformed_node(node)
  File "/usr/lib/python3.10/ast.py", line 71, in _raise_malformed_node
    raise ValueError(msg + f': {node!r}')
ValueError: malformed node or string on line 14: <ast.Name object at 0x7a94b9a919c0>
2025-11-08 17:40:55,905 1 INFO ? werkzeug: 172.19.0.1 - - [08/Nov/2025 17:40:55] "POST /web/webclient/version_info HTTP/1.1" 500 - 0 0.000 0.037
2025-11-08 17:40:56,063 1 INFO odoo-boats-db werkzeug: 127.0.0.1 - - [08/Nov/2025 17:40:56] "GET /web HTTP/1.1" 303 - 1 0.000 0.003
2025-11-08 17:41:01,361 1 ERROR ? odoo.http: Exception during request handling. 
Traceback (most recent call last):
  File "/usr/lib/python3/dist-packages/odoo/http.py", line 2392, in __call__
    if self.get_static_file(httprequest.path):
  File "/usr/lib/python3/dist-packages/odoo/http.py", line 2292, in get_static_file
    if (module not in self.statics or static != 'static' or not resource):
  File "/usr/lib/python3/dist-packages/odoo/tools/func.py", line 28, in __get__
    value = self.fget(obj)
  File "/usr/lib/python3/dist-packages/odoo/http.py", line 2262, in statics
    manifest = get_manifest(module)
  File "/usr/lib/python3/dist-packages/odoo/modules/module.py", line 369, in get_manifest
    return copy.deepcopy(_get_manifest_cached(module, mod_path))
  File "/usr/lib/python3/dist-packages/odoo/modules/module.py", line 373, in _get_manifest_cached
    return load_manifest(module, mod_path)
  File "/usr/lib/python3/dist-packages/odoo/modules/module.py", line 319, in load_manifest
    manifest.update(ast.literal_eval(f.read()))
  File "/usr/lib/python3/dist-packages/odoo/tools/_monkeypatches.py", line 88, in literal_eval
    return orig_literal_eval(expr)
  File "/usr/lib/python3.10/ast.py", line 110, in literal_eval
    return _convert(node_or_string)
  File "/usr/lib/python3.10/ast.py", line 99, in _convert
    return dict(zip(map(_convert, node.keys),
  File "/usr/lib/python3.10/ast.py", line 109, in _convert
    return _convert_signed_num(node)
  File "/usr/lib/python3.10/ast.py", line 83, in _convert_signed_num
    return _convert_num(node)
  File "/usr/lib/python3.10/ast.py", line 74, in _convert_num
    _raise_malformed_node(node)
  File "/usr/lib/python3.10/ast.py", line 71, in _raise_malformed_node
    raise ValueError(msg + f': {node!r}')
ValueError: malformed node or string on line 14: <ast.Name object at 0x7a94b9a92b60>
2025-11-08 17:41:01,362 1 INFO ? werkzeug: 172.19.0.1 - - [08/Nov/2025 17:41:01] "POST /web/webclient/version_info HTTP/1.1" 500 - 0 0.000 0.035
2025-11-08 17:41:06,206 1 INFO odoo-boats-db werkzeug: 127.0.0.1 - - [08/Nov/2025 17:41:06] "GET /web HTTP/1.1" 303 - 1 0.001 0.003
2025-11-08 17:41:09,833 1 ERROR ? odoo.http: Exception during request handling. 
Traceback (most recent call last):
  File "/usr/lib/python3/dist-packages/odoo/http.py", line 2392, in __call__
    if self.get_static_file(httprequest.path):
  File "/usr/lib/python3/dist-packages/odoo/http.py", line 2292, in get_static_file
    if (module not in self.statics or static != 'static' or not resource):
  File "/usr/lib/python3/dist-packages/odoo/tools/func.py", line 28, in __get__
    value = self.fget(obj)
  File "/usr/lib/python3/dist-packages/odoo/http.py", line 2262, in statics
    manifest = get_manifest(module)
  File "/usr/lib/python3/dist-packages/odoo/modules/module.py", line 369, in get_manifest
    return copy.deepcopy(_get_manifest_cached(module, mod_path))
  File "/usr/lib/python3/dist-packages/odoo/modules/module.py", line 373, in _get_manifest_cached
    return load_manifest(module, mod_path)
  File "/usr/lib/python3/dist-packages/odoo/modules/module.py", line 319, in load_manifest
    manifest.update(ast.literal_eval(f.read()))
  File "/usr/lib/python3/dist-packages/odoo/tools/_monkeypatches.py", line 88, in literal_eval
    return orig_literal_eval(expr)
  File "/usr/lib/python3.10/ast.py", line 110, in literal_eval
    return _convert(node_or_string)
  File "/usr/lib/python3.10/ast.py", line 99, in _convert
    return dict(zip(map(_convert, node.keys),
  File "/usr/lib/python3.10/ast.py", line 109, in _convert
    return _convert_signed_num(node)
  File "/usr/lib/python3.10/ast.py", line 83, in _convert_signed_num
    return _convert_num(node)
  File "/usr/lib/python3.10/ast.py", line 74, in _convert_num
    _raise_malformed_node(node)
  File "/usr/lib/python3.10/ast.py", line 71, in _raise_malformed_node
    raise ValueError(msg + f': {node!r}')
ValueError: malformed node or string on line 14: <ast.Name object at 0x7a94ba5bd9f0>
2025-11-08 17:41:09,834 1 INFO ? werkzeug: 172.19.0.1 - - [08/Nov/2025 17:41:09] "POST /web/webclient/version_info HTTP/1.1" 500 - 0 0.000 0.036
2025-11-08 17:41:16,301 1 INFO odoo-boats-db werkzeug: 127.0.0.1 - - [08/Nov/2025 17:41:16] "GET /web HTTP/1.1" 303 - 1 0.000 0.002
2025-11-08 17:41:23,234 1 ERROR ? odoo.http: Exception during request handling. 
Traceback (most recent call last):
  File "/usr/lib/python3/dist-packages/odoo/http.py", line 2392, in __call__
    if self.get_static_file(httprequest.path):
  File "/usr/lib/python3/dist-packages/odoo/http.py", line 2292, in get_static_file
    if (module not in self.statics or static != 'static' or not resource):
  File "/usr/lib/python3/dist-packages/odoo/tools/func.py", line 28, in __get__
    value = self.fget(obj)
  File "/usr/lib/python3/dist-packages/odoo/http.py", line 2262, in statics
    manifest = get_manifest(module)
  File "/usr/lib/python3/dist-packages/odoo/modules/module.py", line 369, in get_manifest
    return copy.deepcopy(_get_manifest_cached(module, mod_path))
  File "/usr/lib/python3/dist-packages/odoo/modules/module.py", line 373, in _get_manifest_cached
    return load_manifest(module, mod_path)
  File "/usr/lib/python3/dist-packages/odoo/modules/module.py", line 319, in load_manifest
    manifest.update(ast.literal_eval(f.read()))
  File "/usr/lib/python3/dist-packages/odoo/tools/_monkeypatches.py", line 88, in literal_eval
    return orig_literal_eval(expr)
  File "/usr/lib/python3.10/ast.py", line 110, in literal_eval
    return _convert(node_or_string)
  File "/usr/lib/python3.10/ast.py", line 99, in _convert
    return dict(zip(map(_convert, node.keys),
  File "/usr/lib/python3.10/ast.py", line 109, in _convert
    return _convert_signed_num(node)
  File "/usr/lib/python3.10/ast.py", line 83, in _convert_signed_num
    return _convert_num(node)
  File "/usr/lib/python3.10/ast.py", line 74, in _convert_num
    _raise_malformed_node(node)
  File "/usr/lib/python3.10/ast.py", line 71, in _raise_malformed_node
    raise ValueError(msg + f': {node!r}')
ValueError: malformed node or string on line 14: <ast.Name object at 0x7a94b9a8eb00>
2025-11-08 17:41:23,234 1 INFO ? werkzeug: 172.19.0.1 - - [08/Nov/2025 17:41:23] "POST /web/webclient/version_info HTTP/1.1" 500 - 0 0.000 0.021
2025-11-08 17:41:26,391 1 INFO odoo-boats-db werkzeug: 127.0.0.1 - - [08/Nov/2025 17:41:26] "GET /web HTTP/1.1" 303 - 1 0.000 0.002
2025-11-08 17:41:28,219 1 INFO odoo-boats-db odoo.addons.base.models.ir_cron: Starting job `Mail: Fetchmail Service`. 
2025-11-08 17:41:28,235 1 INFO odoo-boats-db odoo.addons.mail.models.fetchmail: start checking for new emails on imap server mail.yayboat.com 
2025-11-08 17:41:28,597 1 INFO odoo-boats-db odoo.addons.mail.models.fetchmail: Fetched 0 email(s) on imap server mail.yayboat.com; 0 succeeded, 0 failed. 
2025-11-08 17:41:28,654 1 INFO odoo-boats-db odoo.addons.base.models.ir_cron: Job done: `Mail: Fetchmail Service` (0.434s). 
2025-11-08 17:41:36,466 1 INFO odoo-boats-db werkzeug: 127.0.0.1 - - [08/Nov/2025 17:41:36] "GET /web HTTP/1.1" 303 - 1 0.000 0.002
2025-11-08 17:41:43,240 1 ERROR ? odoo.http: Exception during request handling. 
Traceback (most recent call last):
  File "/usr/lib/python3/dist-packages/odoo/http.py", line 2392, in __call__
    if self.get_static_file(httprequest.path):
  File "/usr/lib/python3/dist-packages/odoo/http.py", line 2292, in get_static_file
    if (module not in self.statics or static != 'static' or not resource):
  File "/usr/lib/python3/dist-packages/odoo/tools/func.py", line 28, in __get__
    value = self.fget(obj)
  File "/usr/lib/python3/dist-packages/odoo/http.py", line 2262, in statics
    manifest = get_manifest(module)
  File "/usr/lib/python3/dist-packages/odoo/modules/module.py", line 369, in get_manifest
    return copy.deepcopy(_get_manifest_cached(module, mod_path))
  File "/usr/lib/python3/dist-packages/odoo/modules/module.py", line 373, in _get_manifest_cached
    return load_manifest(module, mod_path)
  File "/usr/lib/python3/dist-packages/odoo/modules/module.py", line 319, in load_manifest
    manifest.update(ast.literal_eval(f.read()))
  File "/usr/lib/python3/dist-packages/odoo/tools/_monkeypatches.py", line 88, in literal_eval
    return orig_literal_eval(expr)
  File "/usr/lib/python3.10/ast.py", line 110, in literal_eval
    return _convert(node_or_string)
  File "/usr/lib/python3.10/ast.py", line 99, in _convert
    return dict(zip(map(_convert, node.keys),
  File "/usr/lib/python3.10/ast.py", line 109, in _convert
    return _convert_signed_num(node)
  File "/usr/lib/python3.10/ast.py", line 83, in _convert_signed_num
    return _convert_num(node)
  File "/usr/lib/python3.10/ast.py", line 74, in _convert_num
    _raise_malformed_node(node)
  File "/usr/lib/python3.10/ast.py", line 71, in _raise_malformed_node
    raise ValueError(msg + f': {node!r}')
ValueError: malformed node or string on line 14: <ast.Name object at 0x7a94b9a0cee0>
2025-11-08 17:41:43,240 1 INFO ? werkzeug: 172.19.0.1 - - [08/Nov/2025 17:41:43] "POST /web/webclient/version_info HTTP/1.1" 500 - 0 0.000 0.023
2025-11-08 17:41:46,560 1 INFO odoo-boats-db werkzeug: 127.0.0.1 - - [08/Nov/2025 17:41:46] "GET /web HTTP/1.1" 303 - 1 0.000 0.003
2025-11-08 17:41:56,673 1 INFO odoo-boats-db werkzeug: 127.0.0.1 - - [08/Nov/2025 17:41:56] "GET /web HTTP/1.1" 303 - 1 0.001 0.004
2025-11-08 17:42:06,772 1 INFO odoo-boats-db werkzeug: 127.0.0.1 - - [08/Nov/2025 17:42:06] "GET /web HTTP/1.1" 303 - 1 0.000 0.002
2025-11-08 17:42:13,254 1 ERROR ? odoo.http: Exception during request handling. 
Traceback (most recent call last):
  File "/usr/lib/python3/dist-packages/odoo/http.py", line 2392, in __call__
    if self.get_static_file(httprequest.path):
  File "/usr/lib/python3/dist-packages/odoo/http.py", line 2292, in get_static_file
    if (module not in self.statics or static != 'static' or not resource):
  File "/usr/lib/python3/dist-packages/odoo/tools/func.py", line 28, in __get__
    value = self.fget(obj)
  File "/usr/lib/python3/dist-packages/odoo/http.py", line 2262, in statics
    manifest = get_manifest(module)
  File "/usr/lib/python3/dist-packages/odoo/modules/module.py", line 369, in get_manifest
    return copy.deepcopy(_get_manifest_cached(module, mod_path))
  File "/usr/lib/python3/dist-packages/odoo/modules/module.py", line 373, in _get_manifest_cached
    return load_manifest(module, mod_path)
  File "/usr/lib/python3/dist-packages/odoo/modules/module.py", line 319, in load_manifest
    manifest.update(ast.literal_eval(f.read()))
  File "/usr/lib/python3/dist-packages/odoo/tools/_monkeypatches.py", line 88, in literal_eval
    return orig_literal_eval(expr)
  File "/usr/lib/python3.10/ast.py", line 110, in literal_eval
    return _convert(node_or_string)
  File "/usr/lib/python3.10/ast.py", line 99, in _convert
    return dict(zip(map(_convert, node.keys),
  File "/usr/lib/python3.10/ast.py", line 109, in _convert
    return _convert_signed_num(node)
  File "/usr/lib/python3.10/ast.py", line 83, in _convert_signed_num
    return _convert_num(node)
  File "/usr/lib/python3.10/ast.py", line 74, in _convert_num
    _raise_malformed_node(node)
  File "/usr/lib/python3.10/ast.py", line 71, in _raise_malformed_node
    raise ValueError(msg + f': {node!r}')
ValueError: malformed node or string on line 14: <ast.Name object at 0x7a94b9aa9a50>
2025-11-08 17:42:13,255 1 INFO ? werkzeug: 172.19.0.1 - - [08/Nov/2025 17:42:13] "POST /web/webclient/version_info HTTP/1.1" 500 - 0 0.000 0.029
2025-11-08 17:42:16,902 1 INFO odoo-boats-db werkzeug: 127.0.0.1 - - [08/Nov/2025 17:42:16] "GET /web HTTP/1.1" 303 - 1 0.001 0.004
2025-11-08 17:42:26,997 1 INFO odoo-boats-db werkzeug: 127.0.0.1 - - [08/Nov/2025 17:42:26] "GET /web HTTP/1.1" 303 - 1 0.000 0.003
2025-11-08 17:42:37,125 1 INFO odoo-boats-db werkzeug: 127.0.0.1 - - [08/Nov/2025 17:42:37] "GET /web HTTP/1.1" 303 - 1 0.001 0.004
2025-11-08 17:42:47,209 1 INFO odoo-boats-db werkzeug: 127.0.0.1 - - [08/Nov/2025 17:42:47] "GET /web HTTP/1.1" 303 - 1 0.000 0.003
2025-11-08 17:42:57,298 1 INFO odoo-boats-db werkzeug: 127.0.0.1 - - [08/Nov/2025 17:42:57] "GET /web HTTP/1.1" 303 - 1 0.000 0.003
2025-11-08 17:42:58,243 1 ERROR ? odoo.http: Exception during request handling. 
Traceback (most recent call last):
  File "/usr/lib/python3/dist-packages/odoo/http.py", line 2392, in __call__
    if self.get_static_file(httprequest.path):
  File "/usr/lib/python3/dist-packages/odoo/http.py", line 2292, in get_static_file
    if (module not in self.statics or static != 'static' or not resource):
  File "/usr/lib/python3/dist-packages/odoo/tools/func.py", line 28, in __get__
    value = self.fget(obj)
  File "/usr/lib/python3/dist-packages/odoo/http.py", line 2262, in statics
    manifest = get_manifest(module)
  File "/usr/lib/python3/dist-packages/odoo/modules/module.py", line 369, in get_manifest
    return copy.deepcopy(_get_manifest_cached(module, mod_path))
  File "/usr/lib/python3/dist-packages/odoo/modules/module.py", line 373, in _get_manifest_cached
    return load_manifest(module, mod_path)
  File "/usr/lib/python3/dist-packages/odoo/modules/module.py", line 319, in load_manifest
    manifest.update(ast.literal_eval(f.read()))
  File "/usr/lib/python3/dist-packages/odoo/tools/_monkeypatches.py", line 88, in literal_eval
    return orig_literal_eval(expr)
  File "/usr/lib/python3.10/ast.py", line 110, in literal_eval
    return _convert(node_or_string)
  File "/usr/lib/python3.10/ast.py", line 99, in _convert
    return dict(zip(map(_convert, node.keys),
  File "/usr/lib/python3.10/ast.py", line 109, in _convert
    return _convert_signed_num(node)
  File "/usr/lib/python3.10/ast.py", line 83, in _convert_signed_num
    return _convert_num(node)
  File "/usr/lib/python3.10/ast.py", line 74, in _convert_num
    _raise_malformed_node(node)
  File "/usr/lib/python3.10/ast.py", line 71, in _raise_malformed_node
    raise ValueError(msg + f': {node!r}')
ValueError: malformed node or string on line 14: <ast.Name object at 0x7a94b9a8ed40>
2025-11-08 17:42:58,243 1 INFO ? werkzeug: 172.19.0.1 - - [08/Nov/2025 17:42:58] "POST /web/webclient/version_info HTTP/1.1" 500 - 0 0.000 0.025
2025-11-08 17:43:07,390 1 INFO odoo-boats-db werkzeug: 127.0.0.1 - - [08/Nov/2025 17:43:07] "GET /web HTTP/1.1" 303 - 1 0.001 0.004
2025-11-08 17:43:17,468 1 INFO odoo-boats-db werkzeug: 127.0.0.1 - - [08/Nov/2025 17:43:17] "GET /web HTTP/1.1" 303 - 1 0.000 0.002
2025-11-08 17:43:27,575 1 INFO odoo-boats-db werkzeug: 127.0.0.1 - - [08/Nov/2025 17:43:27] "GET /web HTTP/1.1" 303 - 1 0.000 0.003
2025-11-08 17:43:37,668 1 INFO odoo-boats-db werkzeug: 127.0.0.1 - - [08/Nov/2025 17:43:37] "GET /web HTTP/1.1" 303 - 1 0.000 0.002
2025-11-08 17:43:47,747 1 INFO odoo-boats-db werkzeug: 127.0.0.1 - - [08/Nov/2025 17:43:47] "GET /web HTTP/1.1" 303 - 1 0.000 0.002
2025-11-08 17:43:57,826 1 INFO odoo-boats-db werkzeug: 127.0.0.1 - - [08/Nov/2025 17:43:57] "GET /web HTTP/1.1" 303 - 1 0.001 0.003
2025-11-08 17:44:05,254 1 ERROR ? odoo.http: Exception during request handling. 
Traceback (most recent call last):
  File "/usr/lib/python3/dist-packages/odoo/http.py", line 2392, in __call__
    if self.get_static_file(httprequest.path):
  File "/usr/lib/python3/dist-packages/odoo/http.py", line 2292, in get_static_file
    if (module not in self.statics or static != 'static' or not resource):
  File "/usr/lib/python3/dist-packages/odoo/tools/func.py", line 28, in __get__
    value = self.fget(obj)
  File "/usr/lib/python3/dist-packages/odoo/http.py", line 2262, in statics
    manifest = get_manifest(module)
  File "/usr/lib/python3/dist-packages/odoo/modules/module.py", line 369, in get_manifest
    return copy.deepcopy(_get_manifest_cached(module, mod_path))
  File "/usr/lib/python3/dist-packages/odoo/modules/module.py", line 373, in _get_manifest_cached
    return load_manifest(module, mod_path)
  File "/usr/lib/python3/dist-packages/odoo/modules/module.py", line 319, in load_manifest
    manifest.update(ast.literal_eval(f.read()))
  File "/usr/lib/python3/dist-packages/odoo/tools/_monkeypatches.py", line 88, in literal_eval
    return orig_literal_eval(expr)
  File "/usr/lib/python3.10/ast.py", line 110, in literal_eval
    return _convert(node_or_string)
  File "/usr/lib/python3.10/ast.py", line 99, in _convert
    return dict(zip(map(_convert, node.keys),
  File "/usr/lib/python3.10/ast.py", line 109, in _convert
    return _convert_signed_num(node)
  File "/usr/lib/python3.10/ast.py", line 83, in _convert_signed_num
    return _convert_num(node)
  File "/usr/lib/python3.10/ast.py", line 74, in _convert_num
    _raise_malformed_node(node)
  File "/usr/lib/python3.10/ast.py", line 71, in _raise_malformed_node
    raise ValueError(msg + f': {node!r}')
ValueError: malformed node or string on line 14: <ast.Name object at 0x7a94b9a8e710>
2025-11-08 17:44:05,254 1 INFO ? werkzeug: 172.19.0.1 - - [08/Nov/2025 17:44:05] "POST /web/webclient/version_info HTTP/1.1" 500 - 0 0.000 0.028
2025-11-08 17:44:07,902 1 INFO odoo-boats-db werkzeug: 127.0.0.1 - - [08/Nov/2025 17:44:07] "GET /web HTTP/1.1" 303 - 1 0.000 0.003
2025-11-08 17:44:17,985 1 INFO odoo-boats-db werkzeug: 127.0.0.1 - - [08/Nov/2025 17:44:17] "GET /web HTTP/1.1" 303 - 1 0.001 0.005
2025-11-08 17:44:28,061 1 INFO odoo-boats-db werkzeug: 127.0.0.1 - - [08/Nov/2025 17:44:28] "GET /web HTTP/1.1" 303 - 1 0.001 0.004
2025-11-08 17:44:38,140 1 INFO odoo-boats-db werkzeug: 127.0.0.1 - - [08/Nov/2025 17:44:38] "GET /web HTTP/1.1" 303 - 1 0.000 0.002
2025-11-08 17:44:48,220 1 INFO odoo-boats-db werkzeug: 127.0.0.1 - - [08/Nov/2025 17:44:48] "GET /web HTTP/1.1" 303 - 1 0.001 0.002
2025-11-08 17:44:58,290 1 INFO odoo-boats-db werkzeug: 127.0.0.1 - - [08/Nov/2025 17:44:58] "GET /web HTTP/1.1" 303 - 1 0.000 0.003
2025-11-08 17:45:08,369 1 INFO odoo-boats-db werkzeug: 127.0.0.1 - - [08/Nov/2025 17:45:08] "GET /web HTTP/1.1" 303 - 1 0.000 0.002
2025-11-08 17:45:18,456 1 INFO odoo-boats-db werkzeug: 127.0.0.1 - - [08/Nov/2025 17:45:18] "GET /web HTTP/1.1" 303 - 1 0.000 0.002
2025-11-08 17:45:28,537 1 INFO odoo-boats-db werkzeug: 127.0.0.1 - - [08/Nov/2025 17:45:28] "GET /web HTTP/1.1" 303 - 1 0.000 0.002
2025-11-08 17:45:38,618 1 INFO odoo-boats-db werkzeug: 127.0.0.1 - - [08/Nov/2025 17:45:38] "GET /web HTTP/1.1" 303 - 1 0.000 0.003
2025-11-08 17:45:45,257 1 ERROR ? odoo.http: Exception during request handling. 
Traceback (most recent call last):
  File "/usr/lib/python3/dist-packages/odoo/http.py", line 2392, in __call__
    if self.get_static_file(httprequest.path):
  File "/usr/lib/python3/dist-packages/odoo/http.py", line 2292, in get_static_file
    if (module not in self.statics or static != 'static' or not resource):
  File "/usr/lib/python3/dist-packages/odoo/tools/func.py", line 28, in __get__
    value = self.fget(obj)
  File "/usr/lib/python3/dist-packages/odoo/http.py", line 2262, in statics
    manifest = get_manifest(module)
  File "/usr/lib/python3/dist-packages/odoo/modules/module.py", line 369, in get_manifest
    return copy.deepcopy(_get_manifest_cached(module, mod_path))
  File "/usr/lib/python3/dist-packages/odoo/modules/module.py", line 373, in _get_manifest_cached
    return load_manifest(module, mod_path)
  File "/usr/lib/python3/dist-packages/odoo/modules/module.py", line 319, in load_manifest
    manifest.update(ast.literal_eval(f.read()))
  File "/usr/lib/python3/dist-packages/odoo/tools/_monkeypatches.py", line 88, in literal_eval
    return orig_literal_eval(expr)
  File "/usr/lib/python3.10/ast.py", line 110, in literal_eval
    return _convert(node_or_string)
  File "/usr/lib/python3.10/ast.py", line 99, in _convert
    return dict(zip(map(_convert, node.keys),
  File "/usr/lib/python3.10/ast.py", line 109, in _convert
    return _convert_signed_num(node)
  File "/usr/lib/python3.10/ast.py", line 83, in _convert_signed_num
    return _convert_num(node)
  File "/usr/lib/python3.10/ast.py", line 74, in _convert_num
    _raise_malformed_node(node)
  File "/usr/lib/python3.10/ast.py", line 71, in _raise_malformed_node
    raise ValueError(msg + f': {node!r}')
ValueError: malformed node or string on line 14: <ast.Name object at 0x7a94b9ab6a40>
2025-11-08 17:45:45,258 1 INFO ? werkzeug: 172.19.0.1 - - [08/Nov/2025 17:45:45] "POST /web/webclient/version_info HTTP/1.1" 500 - 0 0.000 0.028
2025-11-08 17:45:48,717 1 INFO odoo-boats-db werkzeug: 127.0.0.1 - - [08/Nov/2025 17:45:48] "GET /web HTTP/1.1" 303 - 1 0.000 0.002
2025-11-08 17:45:58,805 1 INFO odoo-boats-db werkzeug: 127.0.0.1 - - [08/Nov/2025 17:45:58] "GET /web HTTP/1.1" 303 - 1 0.001 0.003
2025-11-08 17:46:08,878 1 INFO odoo-boats-db werkzeug: 127.0.0.1 - - [08/Nov/2025 17:46:08] "GET /web HTTP/1.1" 303 - 1 0.000 0.003
2025-11-08 17:46:18,941 1 INFO odoo-boats-db werkzeug: 127.0.0.1 - - [08/Nov/2025 17:46:18] "GET /web HTTP/1.1" 303 - 1 0.001 0.003
2025-11-08 17:46:28,962 1 INFO odoo-boats-db odoo.addons.base.models.ir_cron: Starting job `Mail: Fetchmail Service`. 
2025-11-08 17:46:28,969 1 INFO odoo-boats-db odoo.addons.mail.models.fetchmail: start checking for new emails on imap server mail.yayboat.com 
2025-11-08 17:46:29,012 1 INFO odoo-boats-db werkzeug: 127.0.0.1 - - [08/Nov/2025 17:46:29] "GET /web HTTP/1.1" 303 - 1 0.001 0.004
2025-11-08 17:46:29,602 1 INFO odoo-boats-db odoo.addons.mail.models.fetchmail: Fetched 0 email(s) on imap server mail.yayboat.com; 0 succeeded, 0 failed. 
2025-11-08 17:46:29,644 1 INFO odoo-boats-db odoo.addons.base.models.ir_cron: Job done: `Mail: Fetchmail Service` (0.682s). 
2025-11-08 17:46:39,097 1 INFO odoo-boats-db werkzeug: 127.0.0.1 - - [08/Nov/2025 17:46:39] "GET /web HTTP/1.1" 303 - 1 0.001 0.003
2025-11-08 17:46:49,198 1 INFO odoo-boats-db werkzeug: 127.0.0.1 - - [08/Nov/2025 17:46:49] "GET /web HTTP/1.1" 303 - 1 0.000 0.002
2025-11-08 17:46:59,284 1 INFO odoo-boats-db werkzeug: 127.0.0.1 - - [08/Nov/2025 17:46:59] "GET /web HTTP/1.1" 303 - 1 0.001 0.003
2025-11-08 17:47:05,862 1 INFO odoo-boats-db odoo.service.server: Initiating shutdown 
2025-11-08 17:47:05,862 1 INFO odoo-boats-db odoo.service.server: Hit CTRL-C again or send a second signal to force the shutdown. 
2025-11-08 17:47:05,870 1 ERROR ? odoo.addons.bus.models.bus: Bus.loop error, sleep and retry 
Traceback (most recent call last):
  File "/usr/lib/python3/dist-packages/odoo/addons/bus/models/bus.py", line 254, in run
    self.loop()
  File "/usr/lib/python3/dist-packages/odoo/addons/bus/models/bus.py", line 239, in loop
    conn.poll()
psycopg2.OperationalError: server closed the connection unexpectedly
	This probably means the server terminated abnormally
	before or while processing the request.

2025-11-08 17:47:05,877 1 INFO odoo-boats-db odoo.sql_db: Connection to the database failed 
2025-11-08 17:47:05,877 1 WARNING odoo-boats-db odoo.addons.base.models.ir_cron: Exception in cron: 
Traceback (most recent call last):
  File "/usr/lib/python3/dist-packages/odoo/addons/base/models/ir_cron.py", line 119, in _process_jobs
    with db.cursor() as cron_cr:
  File "/usr/lib/python3/dist-packages/odoo/sql_db.py", line 767, in cursor
    return Cursor(self.__pool, self.__dbname, self.__dsn)
  File "/usr/lib/python3/dist-packages/odoo/sql_db.py", line 267, in __init__
    self._cnx = pool.borrow(dsn)
  File "<decorator-gen-13>", line 2, in borrow
  File "/usr/lib/python3/dist-packages/odoo/tools/func.py", line 87, in locked
    return func(inst, *args, **kwargs)
  File "/usr/lib/python3/dist-packages/odoo/sql_db.py", line 695, in borrow
    result = psycopg2.connect(
  File "/usr/lib/python3/dist-packages/psycopg2/__init__.py", line 122, in connect
    conn = _connect(dsn, connection_factory=connection_factory, **kwasync)
psycopg2.OperationalError: connection to server at "odoo-boats-db" (172.19.0.2), port 5432 failed: FATAL:  the database system is shutting down

2025-11-08 17:47:05,881 1 INFO odoo-boats-db odoo.sql_db: Connection to the database failed 
2025-11-08 17:47:05,883 1 WARNING odoo-boats-db odoo.addons.base.models.ir_cron: Exception in cron: 
Traceback (most recent call last):
  File "/usr/lib/python3/dist-packages/odoo/addons/base/models/ir_cron.py", line 119, in _process_jobs
    with db.cursor() as cron_cr:
  File "/usr/lib/python3/dist-packages/odoo/sql_db.py", line 767, in cursor
    return Cursor(self.__pool, self.__dbname, self.__dsn)
  File "/usr/lib/python3/dist-packages/odoo/sql_db.py", line 267, in __init__
    self._cnx = pool.borrow(dsn)
  File "<decorator-gen-13>", line 2, in borrow
  File "/usr/lib/python3/dist-packages/odoo/tools/func.py", line 87, in locked
    return func(inst, *args, **kwargs)
  File "/usr/lib/python3/dist-packages/odoo/sql_db.py", line 695, in borrow
    result = psycopg2.connect(
  File "/usr/lib/python3/dist-packages/psycopg2/__init__.py", line 122, in connect
    conn = _connect(dsn, connection_factory=connection_factory, **kwasync)
psycopg2.OperationalError: connection to server at "odoo-boats-db" (172.19.0.2), port 5432 failed: FATAL:  the database system is shutting down

2025-11-08 17:47:11,358 1 INFO odoo-boats-db odoo.sql_db: ConnectionPool(used=0/count=0/max=64): Closed 1 connections  
2025-11-08 17:47:11,386 1 ERROR odoo-boats-db odoo.addons.bus.websocket: cursor already closed 
Traceback (most recent call last):
  File "/usr/lib/python3/dist-packages/odoo/addons/bus/websocket.py", line 317, in get_messages
    message = self._process_next_message()
  File "/usr/lib/python3/dist-packages/odoo/addons/bus/websocket.py", line 463, in _process_next_message
    self._handle_control_frame(frame)
  File "/usr/lib/python3/dist-packages/odoo/addons/bus/websocket.py", line 601, in _handle_control_frame
    self._terminate()
  File "/usr/lib/python3/dist-packages/odoo/addons/bus/websocket.py", line 584, in _terminate
    env["ir.websocket"]._on_websocket_closed(self._cookies)
  File "/usr/lib/python3/dist-packages/odoo/addons/mail/models/discuss/ir_websocket.py", line 111, in _on_websocket_closed
    super()._on_websocket_closed(cookies)
  File "/usr/lib/python3/dist-packages/odoo/addons/bus/models/ir_websocket.py", line 136, in _on_websocket_closed
    self.env["bus.presence"].search([("user_id", "=", self.env.uid)]).status = "offline"
  File "/usr/lib/python3/dist-packages/odoo/models.py", line 1623, in search
    return self.search_fetch(domain, [], offset=offset, limit=limit, order=order)
  File "/usr/lib/python3/dist-packages/odoo/models.py", line 1654, in search_fetch
    return self._fetch_query(query, fields_to_fetch)
  File "/usr/lib/python3/dist-packages/odoo/models.py", line 3987, in _fetch_query
    fetched = self.browse(query)
  File "/usr/lib/python3/dist-packages/odoo/models.py", line 5863, in browse
    if not ids:
  File "/usr/lib/python3/dist-packages/odoo/tools/query.py", line 261, in __bool__
    return bool(self.get_result_ids())
  File "/usr/lib/python3/dist-packages/odoo/tools/query.py", line 225, in get_result_ids
    self._ids = tuple(row[0] for row in self._cr.fetchall())
psycopg2.InterfaceError: cursor already closed
